<?xml version="1.0" encoding="UTF-8"?>
<testsuite xmlns:xsi="http://www.w3.org/2001/XMLSchema-instance" xsi:noNamespaceSchemaLocation="https://maven.apache.org/surefire/maven-surefire-plugin/xsd/surefire-test-report.xsd" version="3.0.2" name="com.maximorero.k8_auth.K8AuthApplicationTests" time="0.375" tests="1" errors="1" skipped="0" failures="0">
  <properties>
[...]
</properties>
  <testcase name="contextLoads" classname="com.maximorero.k8_auth.K8AuthApplicationTests" time="0.001">
    <error message="Failed to load ApplicationContext for [WebMergedContextConfiguration@2b1cf779 testClass = com.maximorero.k8_auth.K8AuthApplicationTests, locations = [], classes = [com.maximorero.k8_auth.K8AuthApplication], contextInitializerClasses = [], activeProfiles = [], propertySourceDescriptors = [], propertySourceProperties = [&quot;org.springframework.boot.test.context.SpringBootTestContextBootstrapper=true&quot;], contextCustomizers = [org.springframework.boot.test.context.filter.ExcludeFilterContextCustomizer@7bb004b8, org.springframework.boot.test.json.DuplicateJsonObjectContextCustomizerFactory$DuplicateJsonObjectContextCustomizer@29c5ee1d, org.springframework.boot.test.mock.mockito.MockitoContextCustomizer@0, org.springframework.boot.test.web.client.TestRestTemplateContextCustomizer@2ae25358, org.springframework.boot.test.web.reactor.netty.DisableReactorResourceFactoryGlobalResourcesContextCustomizerFactory$DisableReactorResourceFactoryGlobalResourcesContextCustomizerCustomizer@1948ea69, org.springframework.boot.test.autoconfigure.OnFailureConditionReportContextCustomizerFactory$OnFailureConditionReportContextCustomizer@3015db78, org.springframework.boot.test.autoconfigure.actuate.observability.ObservabilityContextCustomizerFactory$DisableObservabilityContextCustomizer@1f, org.springframework.boot.test.autoconfigure.properties.PropertyMappingContextCustomizer@0, org.springframework.boot.test.autoconfigure.web.servlet.WebDriverContextCustomizer@5da7cee2, org.springframework.test.context.support.DynamicPropertiesContextCustomizer@0, org.springframework.boot.test.context.SpringBootTestAnnotation@142e7b91], resourceBasePath = &quot;src/main/webapp&quot;, contextLoader = org.springframework.boot.test.context.SpringBootContextLoader, parent = null]" type="java.lang.IllegalStateException"><![CDATA[java.lang.IllegalStateException: Failed to load ApplicationContext for [WebMergedContextConfiguration@2b1cf779 testClass = com.maximorero.k8_auth.K8AuthApplicationTests, locations = [], classes = [com.maximorero.k8_auth.K8AuthApplication], contextInitializerClasses = [], activeProfiles = [], propertySourceDescriptors = [], propertySourceProperties = ["org.springframework.boot.test.context.SpringBootTestContextBootstrapper=true"], contextCustomizers = [org.springframework.boot.test.context.filter.ExcludeFilterContextCustomizer@7bb004b8, org.springframework.boot.test.json.DuplicateJsonObjectContextCustomizerFactory$DuplicateJsonObjectContextCustomizer@29c5ee1d, org.springframework.boot.test.mock.mockito.MockitoContextCustomizer@0, org.springframework.boot.test.web.client.TestRestTemplateContextCustomizer@2ae25358, org.springframework.boot.test.web.reactor.netty.DisableReactorResourceFactoryGlobalResourcesContextCustomizerFactory$DisableReactorResourceFactoryGlobalResourcesContextCustomizerCustomizer@1948ea69, org.springframework.boot.test.autoconfigure.OnFailureConditionReportContextCustomizerFactory$OnFailureConditionReportContextCustomizer@3015db78, org.springframework.boot.test.autoconfigure.actuate.observability.ObservabilityContextCustomizerFactory$DisableObservabilityContextCustomizer@1f, org.springframework.boot.test.autoconfigure.properties.PropertyMappingContextCustomizer@0, org.springframework.boot.test.autoconfigure.web.servlet.WebDriverContextCustomizer@5da7cee2, org.springframework.test.context.support.DynamicPropertiesContextCustomizer@0, org.springframework.boot.test.context.SpringBootTestAnnotation@142e7b91], resourceBasePath = "src/main/webapp", contextLoader = org.springframework.boot.test.context.SpringBootContextLoader, parent = null]
	at org.springframework.test.context.cache.DefaultCacheAwareContextLoaderDelegate.loadContext(DefaultCacheAwareContextLoaderDelegate.java:180)
	at org.springframework.test.context.support.DefaultTestContext.getApplicationContext(DefaultTestContext.java:130)
	at org.springframework.test.context.web.ServletTestExecutionListener.setUpRequestContextIfNecessary(ServletTestExecutionListener.java:200)
	at org.springframework.test.context.web.ServletTestExecutionListener.prepareTestInstance(ServletTestExecutionListener.java:139)
	at org.springframework.test.context.TestContextManager.prepareTestInstance(TestContextManager.java:260)
	at org.springframework.test.context.junit.jupiter.SpringExtension.postProcessTestInstance(SpringExtension.java:159)
	at java.base/java.util.stream.ForEachOps$ForEachOp$OfRef.accept(ForEachOps.java:184)
	at java.base/java.util.stream.ReferencePipeline$3$1.accept(ReferencePipeline.java:215)
	at java.base/java.util.stream.ReferencePipeline$2$1.accept(ReferencePipeline.java:197)
	at java.base/java.util.stream.ReferencePipeline$3$1.accept(ReferencePipeline.java:215)
	at java.base/java.util.ArrayList$ArrayListSpliterator.forEachRemaining(ArrayList.java:1709)
	at java.base/java.util.stream.AbstractPipeline.copyInto(AbstractPipeline.java:570)
	at java.base/java.util.stream.AbstractPipeline.wrapAndCopyInto(AbstractPipeline.java:560)
	at java.base/java.util.stream.ForEachOps$ForEachOp.evaluateSequential(ForEachOps.java:151)
	at java.base/java.util.stream.ForEachOps$ForEachOp$OfRef.evaluateSequential(ForEachOps.java:174)
	at java.base/java.util.stream.AbstractPipeline.evaluate(AbstractPipeline.java:265)
	at java.base/java.util.stream.ReferencePipeline.forEach(ReferencePipeline.java:636)
	at java.base/java.util.Optional.orElseGet(Optional.java:364)
	at java.base/java.util.ArrayList.forEach(ArrayList.java:1597)
	at java.base/java.util.ArrayList.forEach(ArrayList.java:1597)
Caused by: org.springframework.beans.factory.BeanCreationException: Error creating bean with name 'paymentController': Injection of autowired dependencies failed
	at org.springframework.beans.factory.annotation.AutowiredAnnotationBeanPostProcessor.postProcessProperties(AutowiredAnnotationBeanPostProcessor.java:515)
	at org.springframework.beans.factory.support.AbstractAutowireCapableBeanFactory.populateBean(AbstractAutowireCapableBeanFactory.java:1459)
	at org.springframework.beans.factory.support.AbstractAutowireCapableBeanFactory.doCreateBean(AbstractAutowireCapableBeanFactory.java:606)
	at org.springframework.beans.factory.support.AbstractAutowireCapableBeanFactory.createBean(AbstractAutowireCapableBeanFactory.java:529)
	at org.springframework.beans.factory.support.AbstractBeanFactory.lambda$doGetBean$0(AbstractBeanFactory.java:339)
	at org.springframework.beans.factory.support.DefaultSingletonBeanRegistry.getSingleton(DefaultSingletonBeanRegistry.java:373)
	at org.springframework.beans.factory.support.AbstractBeanFactory.doGetBean(AbstractBeanFactory.java:337)
	at org.springframework.beans.factory.support.AbstractBeanFactory.getBean(AbstractBeanFactory.java:202)
	at org.springframework.beans.factory.support.DefaultListableBeanFactory.instantiateSingleton(DefaultListableBeanFactory.java:1222)
	at org.springframework.beans.factory.support.DefaultListableBeanFactory.preInstantiateSingleton(DefaultListableBeanFactory.java:1188)
	at org.springframework.beans.factory.support.DefaultListableBeanFactory.preInstantiateSingletons(DefaultListableBeanFactory.java:1123)
	at org.springframework.context.support.AbstractApplicationContext.finishBeanFactoryInitialization(AbstractApplicationContext.java:987)
	at org.springframework.context.support.AbstractApplicationContext.refresh(AbstractApplicationContext.java:627)
	at org.springframework.boot.SpringApplication.refresh(SpringApplication.java:753)
	at org.springframework.boot.SpringApplication.refreshContext(SpringApplication.java:439)
	at org.springframework.boot.SpringApplication.run(SpringApplication.java:318)
	at org.springframework.boot.test.context.SpringBootContextLoader.lambda$loadContext$3(SpringBootContextLoader.java:144)
	at org.springframework.util.function.ThrowingSupplier.get(ThrowingSupplier.java:58)
	at org.springframework.util.function.ThrowingSupplier.get(ThrowingSupplier.java:46)
	at org.springframework.boot.SpringApplication.withHook(SpringApplication.java:1462)
	at org.springframework.boot.test.context.SpringBootContextLoader$ContextLoaderHook.run(SpringBootContextLoader.java:563)
	at org.springframework.boot.test.context.SpringBootContextLoader.loadContext(SpringBootContextLoader.java:144)
	at org.springframework.boot.test.context.SpringBootContextLoader.loadContext(SpringBootContextLoader.java:110)
	at org.springframework.test.context.cache.DefaultCacheAwareContextLoaderDelegate.loadContextInternal(DefaultCacheAwareContextLoaderDelegate.java:225)
	at org.springframework.test.context.cache.DefaultCacheAwareContextLoaderDelegate.loadContext(DefaultCacheAwareContextLoaderDelegate.java:152)
	... 19 more
Caused by: org.springframework.util.PlaceholderResolutionException: Could not resolve placeholder 'services.payment.url' in value "${services.payment.url}"
	at org.springframework.util.PlaceholderResolutionException.withValue(PlaceholderResolutionException.java:81)
	at org.springframework.util.PlaceholderParser$ParsedValue.resolve(PlaceholderParser.java:423)
	at org.springframework.util.PlaceholderParser.replacePlaceholders(PlaceholderParser.java:128)
	at org.springframework.util.PropertyPlaceholderHelper.parseStringValue(PropertyPlaceholderHelper.java:118)
	at org.springframework.util.PropertyPlaceholderHelper.replacePlaceholders(PropertyPlaceholderHelper.java:114)
	at org.springframework.core.env.AbstractPropertyResolver.doResolvePlaceholders(AbstractPropertyResolver.java:293)
	at org.springframework.core.env.AbstractPropertyResolver.resolveRequiredPlaceholders(AbstractPropertyResolver.java:264)
	at org.springframework.context.support.PropertySourcesPlaceholderConfigurer.lambda$processProperties$0(PropertySourcesPlaceholderConfigurer.java:185)
	at org.springframework.beans.factory.support.AbstractBeanFactory.resolveEmbeddedValue(AbstractBeanFactory.java:971)
	at org.springframework.beans.factory.support.DefaultListableBeanFactory.doResolveDependency(DefaultListableBeanFactory.java:1650)
	at org.springframework.beans.factory.support.DefaultListableBeanFactory.resolveDependency(DefaultListableBeanFactory.java:1628)
	at org.springframework.beans.factory.annotation.AutowiredAnnotationBeanPostProcessor$AutowiredFieldElement.resolveFieldValue(AutowiredAnnotationBeanPostProcessor.java:785)
	at org.springframework.beans.factory.annotation.AutowiredAnnotationBeanPostProcessor$AutowiredFieldElement.inject(AutowiredAnnotationBeanPostProcessor.java:768)
	at org.springframework.beans.factory.annotation.InjectionMetadata.inject(InjectionMetadata.java:146)
	at org.springframework.beans.factory.annotation.AutowiredAnnotationBeanPostProcessor.postProcessProperties(AutowiredAnnotationBeanPostProcessor.java:509)
	... 43 more
]]></error>
    <system-out><![CDATA[{"timestamp":"2025-06-03 08:47:55.424", "app_name": "k8_auth", "endpoint":"", "level":"DEBUG" , "message":"Neither @ContextConfiguration nor @ContextHierarchy found for test class [K8AuthApplicationTests]: using SpringBootContextLoader" }
{"timestamp":"2025-06-03 08:47:55.425", "app_name": "k8_auth", "endpoint":"", "level":"DEBUG" , "message":"Could not detect default resource locations for test class [com.maximorero.k8_auth.K8AuthApplicationTests]: no resource found for suffixes {-context.xml, Context.groovy}." }
{"timestamp":"2025-06-03 08:47:55.425", "app_name": "k8_auth", "endpoint":"", "level":"INFO" , "message":"Could not detect default configuration classes for test class [com.maximorero.k8_auth.K8AuthApplicationTests]: K8AuthApplicationTests does not declare any static, non-private, non-final, nested classes annotated with @Configuration." }
{"timestamp":"2025-06-03 08:47:55.425", "app_name": "k8_auth", "endpoint":"", "level":"DEBUG" , "message":"Using ContextCustomizerFactory implementations for test class [K8AuthApplicationTests]: [ImportsContextCustomizerFactory, ExcludeFilterContextCustomizerFactory, HttpGraphQlTesterContextCustomizerFactory, DuplicateJsonObjectContextCustomizerFactory, MockitoContextCustomizerFactory, TestRestTemplateContextCustomizerFactory, WebTestClientContextCustomizerFactory, DisableReactorResourceFactoryGlobalResourcesContextCustomizerFactory, OnFailureConditionReportContextCustomizerFactory, OverrideAutoConfigurationContextCustomizerFactory, ObservabilityContextCustomizerFactory, TypeExcludeFiltersContextCustomizerFactory, PropertyMappingContextCustomizerFactory, WebDriverContextCustomizerFactory, BeanOverrideContextCustomizerFactory, MockServerContainerContextCustomizerFactory, DynamicPropertiesContextCustomizerFactory]" }
{"timestamp":"2025-06-03 08:47:55.426", "app_name": "k8_auth", "endpoint":"", "level":"DEBUG" , "message":"Using ContextCustomizers for test class [K8AuthApplicationTests]: [ExcludeFilterContextCustomizer, DuplicateJsonObjectContextCustomizer, MockitoContextCustomizer, TestRestTemplateContextCustomizer, DisableReactorResourceFactoryGlobalResourcesContextCustomizerCustomizer, OnFailureConditionReportContextCustomizer, DisableObservabilityContextCustomizer, PropertyMappingContextCustomizer, WebDriverContextCustomizer, DynamicPropertiesContextCustomizer]" }
{"timestamp":"2025-06-03 08:47:55.427", "app_name": "k8_auth", "endpoint":"", "level":"DEBUG" , "message":"Identified candidate component class: file [/Users/maximorero-new/Documents/maximorero14/k3smax/k8_auth/target/classes/com/maximorero/k8_auth/K8AuthApplication.class]" }
{"timestamp":"2025-06-03 08:47:55.428", "app_name": "k8_auth", "endpoint":"", "level":"INFO" , "message":"Found @SpringBootConfiguration com.maximorero.k8_auth.K8AuthApplication for test class com.maximorero.k8_auth.K8AuthApplicationTests" }
{"timestamp":"2025-06-03 08:47:55.429", "app_name": "k8_auth", "endpoint":"", "level":"DEBUG" , "message":"Skipping candidate TestExecutionListener [org.springframework.test.context.transaction.TransactionalTestExecutionListener] due to a missing dependency. Specify custom TestExecutionListener classes or make the default TestExecutionListener classes and their required dependencies available. Offending class: org/springframework/transaction/interceptor/TransactionAttributeSource" }
{"timestamp":"2025-06-03 08:47:55.429", "app_name": "k8_auth", "endpoint":"", "level":"DEBUG" , "message":"Skipping candidate TestExecutionListener [org.springframework.test.context.jdbc.SqlScriptsTestExecutionListener] due to a missing dependency. Specify custom TestExecutionListener classes or make the default TestExecutionListener classes and their required dependencies available. Offending class: org/springframework/transaction/interceptor/TransactionAttribute" }
{"timestamp":"2025-06-03 08:47:55.429", "app_name": "k8_auth", "endpoint":"", "level":"DEBUG" , "message":"Using TestExecutionListeners for test class [K8AuthApplicationTests]: [ServletTestExecutionListener, DirtiesContextBeforeModesTestExecutionListener, ApplicationEventsTestExecutionListener, MockitoTestExecutionListener, BeanOverrideTestExecutionListener, DependencyInjectionTestExecutionListener, MicrometerObservationRegistryTestExecutionListener, DirtiesContextTestExecutionListener, CommonCachesTestExecutionListener, EventPublishingTestExecutionListener, ResetMocksTestExecutionListener, RestDocsTestExecutionListener, MockRestServiceServerResetTestExecutionListener, MockMvcPrintOnlyOnFailureTestExecutionListener, WebDriverTestExecutionListener, MockWebServiceServerTestExecutionListener, MockitoResetTestExecutionListener]" }
{"timestamp":"2025-06-03 08:47:55.429", "app_name": "k8_auth", "endpoint":"", "level":"DEBUG" , "message":"Before test class: class [K8AuthApplicationTests], class annotated with @DirtiesContext [false] with mode [null]" }
{"timestamp":"2025-06-03 08:47:55.439", "app_name": "k8_auth", "endpoint":"", "level":"DEBUG" , "message":"Activating profiles []" }
{"timestamp":"2025-06-03 08:47:55.439", "app_name": "k8_auth", "endpoint":"", "level":"DEBUG" , "message":"Found key 'spring.application.name' in PropertySource 'configurationProperties' with value of type String" }

  .   ____          _            __ _ _
 /\\ / ___'_ __ _ _(_)_ __  __ _ \ \ \ \
( ( )\___ | '_ | '_| | '_ \/ _` | \ \ \ \
 \\/  ___)| |_)| | | | | || (_| |  ) ) ) )
  '  |____| .__|_| |_|_| |_\__, | / / / /
 =========|_|==============|___/=/_/_/_/

 :: Spring Boot ::                (v3.5.0)

{"timestamp":"2025-06-03 08:47:55.442", "app_name": "k8_auth", "endpoint":"", "level":"INFO" , "message":"Starting K8AuthApplicationTests using Java 23.0.2 with PID 30581 (started by maximorero-new in /Users/maximorero-new/Documents/maximorero14/k3smax/k8_auth)" }
{"timestamp":"2025-06-03 08:47:55.442", "app_name": "k8_auth", "endpoint":"", "level":"DEBUG" , "message":"Running with Spring Boot v3.5.0, Spring v6.2.7" }
{"timestamp":"2025-06-03 08:47:55.442", "app_name": "k8_auth", "endpoint":"", "level":"INFO" , "message":"No active profile set, falling back to 1 default profile: "default"" }
{"timestamp":"2025-06-03 08:47:55.442", "app_name": "k8_auth", "endpoint":"", "level":"DEBUG" , "message":"Loading source class com.maximorero.k8_auth.K8AuthApplication" }
{"timestamp":"2025-06-03 08:47:55.443", "app_name": "k8_auth", "endpoint":"", "level":"DEBUG" , "message":"Refreshing org.springframework.web.context.support.GenericWebApplicationContext@57352624" }
{"timestamp":"2025-06-03 08:47:55.443", "app_name": "k8_auth", "endpoint":"", "level":"DEBUG" , "message":"Creating shared instance of singleton bean 'org.springframework.context.annotation.internalConfigurationAnnotationProcessor'" }
{"timestamp":"2025-06-03 08:47:55.443", "app_name": "k8_auth", "endpoint":"", "level":"DEBUG" , "message":"Creating shared instance of singleton bean 'org.springframework.boot.autoconfigure.internalCachingMetadataReaderFactory'" }
{"timestamp":"2025-06-03 08:47:55.445", "app_name": "k8_auth", "endpoint":"", "level":"DEBUG" , "message":"Identified candidate component class: file [/Users/maximorero-new/Documents/maximorero14/k3smax/k8_auth/target/classes/com/maximorero/k8_auth/controller/HealthCheckController.class]" }
{"timestamp":"2025-06-03 08:47:55.446", "app_name": "k8_auth", "endpoint":"", "level":"DEBUG" , "message":"Identified candidate component class: file [/Users/maximorero-new/Documents/maximorero14/k3smax/k8_auth/target/classes/com/maximorero/k8_auth/controller/PaymentController.class]" }
{"timestamp":"2025-06-03 08:47:55.446", "app_name": "k8_auth", "endpoint":"", "level":"DEBUG" , "message":"Identified candidate component class: file [/Users/maximorero-new/Documents/maximorero14/k3smax/k8_auth/target/classes/com/maximorero/k8_auth/rest_client/EnhancedRestClient.class]" }
{"timestamp":"2025-06-03 08:47:55.447", "app_name": "k8_auth", "endpoint":"", "level":"DEBUG" , "message":"Identified candidate component class: file [/Users/maximorero-new/Documents/maximorero14/k3smax/k8_auth/target/classes/com/maximorero/k8_auth/rest_client/RestClientConfig.class]" }
{"timestamp":"2025-06-03 08:47:55.645", "app_name": "k8_auth", "endpoint":"", "level":"DEBUG" , "message":"Creating shared instance of singleton bean 'propertySourcesPlaceholderConfigurer'" }
{"timestamp":"2025-06-03 08:47:55.648", "app_name": "k8_auth", "endpoint":"", "level":"DEBUG" , "message":"Creating shared instance of singleton bean 'org.springframework.boot.test.mock.mockito.MockitoPostProcessor'" }
{"timestamp":"2025-06-03 08:47:55.648", "app_name": "k8_auth", "endpoint":"", "level":"DEBUG" , "message":"Creating shared instance of singleton bean 'org.springframework.boot.sql.init.dependency.DatabaseInitializationDependencyConfigurer$DependsOnDatabaseInitializationPostProcessor'" }
{"timestamp":"2025-06-03 08:47:55.660", "app_name": "k8_auth", "endpoint":"", "level":"DEBUG" , "message":"Creating shared instance of singleton bean 'org.springframework.context.event.internalEventListenerProcessor'" }
{"timestamp":"2025-06-03 08:47:55.660", "app_name": "k8_auth", "endpoint":"", "level":"DEBUG" , "message":"Creating shared instance of singleton bean 'bootstrapExecutorAliasPostProcessor'" }
{"timestamp":"2025-06-03 08:47:55.660", "app_name": "k8_auth", "endpoint":"", "level":"DEBUG" , "message":"Creating shared instance of singleton bean 'preserveErrorControllerTargetClassPostProcessor'" }
{"timestamp":"2025-06-03 08:47:55.660", "app_name": "k8_auth", "endpoint":"", "level":"DEBUG" , "message":"Creating shared instance of singleton bean 'forceAutoProxyCreatorToUseClassProxying'" }
{"timestamp":"2025-06-03 08:47:55.661", "app_name": "k8_auth", "endpoint":"", "level":"DEBUG" , "message":"Creating shared instance of singleton bean 'org.springframework.context.event.internalEventListenerFactory'" }
{"timestamp":"2025-06-03 08:47:55.663", "app_name": "k8_auth", "endpoint":"", "level":"DEBUG" , "message":"Creating shared instance of singleton bean 'org.springframework.boot.test.mock.mockito.MockitoPostProcessor$SpyPostProcessor'" }
{"timestamp":"2025-06-03 08:47:55.663", "app_name": "k8_auth", "endpoint":"", "level":"DEBUG" , "message":"Creating shared instance of singleton bean 'org.springframework.context.annotation.internalAutowiredAnnotationProcessor'" }
{"timestamp":"2025-06-03 08:47:55.663", "app_name": "k8_auth", "endpoint":"", "level":"DEBUG" , "message":"Creating shared instance of singleton bean 'org.springframework.context.annotation.internalCommonAnnotationProcessor'" }
{"timestamp":"2025-06-03 08:47:55.663", "app_name": "k8_auth", "endpoint":"", "level":"DEBUG" , "message":"Creating shared instance of singleton bean 'org.springframework.boot.context.properties.ConfigurationPropertiesBindingPostProcessor'" }
{"timestamp":"2025-06-03 08:47:55.663", "app_name": "k8_auth", "endpoint":"", "level":"DEBUG" , "message":"Creating shared instance of singleton bean 'org.springframework.boot.context.internalConfigurationPropertiesBinder'" }
{"timestamp":"2025-06-03 08:47:55.664", "app_name": "k8_auth", "endpoint":"", "level":"DEBUG" , "message":"Creating shared instance of singleton bean 'org.springframework.aop.config.internalAutoProxyCreator'" }
{"timestamp":"2025-06-03 08:47:55.667", "app_name": "k8_auth", "endpoint":"", "level":"DEBUG" , "message":"Creating shared instance of singleton bean 'webServerFactoryCustomizerBeanPostProcessor'" }
{"timestamp":"2025-06-03 08:47:55.667", "app_name": "k8_auth", "endpoint":"", "level":"DEBUG" , "message":"Creating shared instance of singleton bean 'errorPageRegistrarBeanPostProcessor'" }
{"timestamp":"2025-06-03 08:47:55.667", "app_name": "k8_auth", "endpoint":"", "level":"DEBUG" , "message":"Creating shared instance of singleton bean 'healthEndpointGroupsBeanPostProcessor'" }
{"timestamp":"2025-06-03 08:47:55.668", "app_name": "k8_auth", "endpoint":"", "level":"DEBUG" , "message":"Creating shared instance of singleton bean 'meterRegistryPostProcessor'" }
{"timestamp":"2025-06-03 08:47:55.668", "app_name": "k8_auth", "endpoint":"", "level":"DEBUG" , "message":"Autowiring by type from bean name 'meterRegistryPostProcessor' via factory method to bean named 'org.springframework.web.context.support.GenericWebApplicationContext@57352624'" }
{"timestamp":"2025-06-03 08:47:55.669", "app_name": "k8_auth", "endpoint":"", "level":"DEBUG" , "message":"Creating shared instance of singleton bean 'observationRegistryPostProcessor'" }
{"timestamp":"2025-06-03 08:47:55.669", "app_name": "k8_auth", "endpoint":"", "level":"DEBUG" , "message":"Unable to locate ThemeSource with name 'themeSource': using default [org.springframework.ui.context.support.ResourceBundleThemeSource@1abe611c]" }
{"timestamp":"2025-06-03 08:47:55.670", "app_name": "k8_auth", "endpoint":"", "level":"DEBUG" , "message":"Creating shared instance of singleton bean 'applicationTaskExecutor'" }
{"timestamp":"2025-06-03 08:47:55.670", "app_name": "k8_auth", "endpoint":"", "level":"DEBUG" , "message":"Creating shared instance of singleton bean 'org.springframework.boot.autoconfigure.task.TaskExecutorConfigurations$TaskExecutorConfiguration'" }
{"timestamp":"2025-06-03 08:47:55.670", "app_name": "k8_auth", "endpoint":"", "level":"DEBUG" , "message":"Creating shared instance of singleton bean 'threadPoolTaskExecutorBuilder'" }
{"timestamp":"2025-06-03 08:47:55.670", "app_name": "k8_auth", "endpoint":"", "level":"DEBUG" , "message":"Creating shared instance of singleton bean 'org.springframework.boot.autoconfigure.task.TaskExecutorConfigurations$ThreadPoolTaskExecutorBuilderConfiguration'" }
{"timestamp":"2025-06-03 08:47:55.670", "app_name": "k8_auth", "endpoint":"", "level":"DEBUG" , "message":"Creating shared instance of singleton bean 'spring.task.execution-org.springframework.boot.autoconfigure.task.TaskExecutionProperties'" }
{"timestamp":"2025-06-03 08:47:55.670", "app_name": "k8_auth", "endpoint":"", "level":"DEBUG" , "message":"Creating shared instance of singleton bean 'org.springframework.boot.context.properties.BoundConfigurationProperties'" }
{"timestamp":"2025-06-03 08:47:55.672", "app_name": "k8_auth", "endpoint":"", "level":"DEBUG" , "message":"Autowiring by type from bean name 'threadPoolTaskExecutorBuilder' via factory method to bean named 'spring.task.execution-org.springframework.boot.autoconfigure.task.TaskExecutionProperties'" }
{"timestamp":"2025-06-03 08:47:55.672", "app_name": "k8_auth", "endpoint":"", "level":"DEBUG" , "message":"Autowiring by type from bean name 'applicationTaskExecutor' via factory method to bean named 'threadPoolTaskExecutorBuilder'" }
{"timestamp":"2025-06-03 08:47:55.672", "app_name": "k8_auth", "endpoint":"", "level":"DEBUG" , "message":"Initializing ExecutorService 'applicationTaskExecutor'" }
{"timestamp":"2025-06-03 08:47:55.672", "app_name": "k8_auth", "endpoint":"", "level":"DEBUG" , "message":"Creating shared instance of singleton bean 'org.springframework.test.context.support.internalDynamicPropertyRegistrarBeanInitializer'" }
{"timestamp":"2025-06-03 08:47:55.673", "app_name": "k8_auth", "endpoint":"", "level":"DEBUG" , "message":"Creating shared instance of singleton bean 'k8AuthApplication'" }
{"timestamp":"2025-06-03 08:47:55.673", "app_name": "k8_auth", "endpoint":"", "level":"DEBUG" , "message":"Creating shared instance of singleton bean 'healthCheckController'" }
{"timestamp":"2025-06-03 08:47:55.673", "app_name": "k8_auth", "endpoint":"", "level":"DEBUG" , "message":"Creating shared instance of singleton bean 'paymentController'" }
{"timestamp":"2025-06-03 08:47:55.674", "app_name": "k8_auth", "endpoint":"", "level":"DEBUG" , "message":"Creating shared instance of singleton bean 'enhancedRestClient'" }
{"timestamp":"2025-06-03 08:47:55.674", "app_name": "k8_auth", "endpoint":"", "level":"DEBUG" , "message":"Creating shared instance of singleton bean 'restTemplate'" }
{"timestamp":"2025-06-03 08:47:55.674", "app_name": "k8_auth", "endpoint":"", "level":"DEBUG" , "message":"Creating shared instance of singleton bean 'restClientConfig'" }
{"timestamp":"2025-06-03 08:47:55.712", "app_name": "k8_auth", "endpoint":"", "level":"DEBUG" , "message":"X509Certificate: Alg:SHA256withRSA, Serial:57:0a:11:97:42:c4:e3:cc, Subject:CN=Actalis Authentication Root CA, O=Actalis S.p.A./03358520967, L=Milan, C=IT, Issuer:CN=Actalis Authentication Root CA, O=Actalis S.p.A./03358520967, L=Milan, C=IT, Key type:RSA, Length:4096, Cert Id:1729119956, Valid from:9/22/11, 1:22 PM, Valid until:9/22/30, 1:22 PM" }
{"timestamp":"2025-06-03 08:47:55.713", "app_name": "k8_auth", "endpoint":"", "level":"DEBUG" , "message":"X509Certificate: Alg:SHA1withRSA, Serial:01, Subject:CN=AddTrust External CA Root, OU=AddTrust External TTP Network, O=AddTrust AB, C=SE, Issuer:CN=AddTrust External CA Root, OU=AddTrust External TTP Network, O=AddTrust AB, C=SE, Key type:RSA, Length:2048, Cert Id:3968614624, Valid from:5/30/00, 12:48 PM, Valid until:5/30/20, 12:48 PM" }
{"timestamp":"2025-06-03 08:47:55.713", "app_name": "k8_auth", "endpoint":"", "level":"DEBUG" , "message":"X509Certificate: Alg:SHA1withRSA, Serial:01, Subject:CN=AddTrust Qualified CA Root, OU=AddTrust TTP Network, O=AddTrust AB, C=SE, Issuer:CN=AddTrust Qualified CA Root, OU=AddTrust TTP Network, O=AddTrust AB, C=SE, Key type:RSA, Length:2048, Cert Id:607365522, Valid from:5/30/00, 12:44 PM, Valid until:5/30/20, 12:44 PM" }
{"timestamp":"2025-06-03 08:47:55.714", "app_name": "k8_auth", "endpoint":"", "level":"DEBUG" , "message":"X509Certificate: Alg:SHA256withRSA, Serial:77:77:06:27:26:a9:b1:7c, Subject:CN=AffirmTrust Commercial, O=AffirmTrust, C=US, Issuer:CN=AffirmTrust Commercial, O=AffirmTrust, C=US, Key type:RSA, Length:2048, Cert Id:630485644, Valid from:1/29/10, 3:06 PM, Valid until:12/31/30, 3:06 PM" }
{"timestamp":"2025-06-03 08:47:55.714", "app_name": "k8_auth", "endpoint":"", "level":"DEBUG" , "message":"X509Certificate: Alg:SHA1withRSA, Serial:7c:4f:04:39:1c:d4:99:2d, Subject:CN=AffirmTrust Networking, O=AffirmTrust, C=US, Issuer:CN=AffirmTrust Networking, O=AffirmTrust, C=US, Key type:RSA, Length:2048, Cert Id:651670175, Valid from:1/29/10, 3:08 PM, Valid until:12/31/30, 3:08 PM" }
{"timestamp":"2025-06-03 08:47:55.715", "app_name": "k8_auth", "endpoint":"", "level":"DEBUG" , "message":"X509Certificate: Alg:SHA384withRSA, Serial:6d:8c:14:46:b1:a6:0a:ee, Subject:CN=AffirmTrust Premium, O=AffirmTrust, C=US, Issuer:CN=AffirmTrust Premium, O=AffirmTrust, C=US, Key type:RSA, Length:4096, Cert Id:2164683341, Valid from:1/29/10, 3:10 PM, Valid until:12/31/40, 3:10 PM" }
{"timestamp":"2025-06-03 08:47:55.715", "app_name": "k8_auth", "endpoint":"", "level":"DEBUG" , "message":"X509Certificate: Alg:SHA384withECDSA, Serial:74:97:25:8a:c7:3f:7a:54, Subject:CN=AffirmTrust Premium ECC, O=AffirmTrust, C=US, Issuer:CN=AffirmTrust Premium ECC, O=AffirmTrust, C=US, Key type:EC, Length:384, Cert Id:2214603510, Valid from:1/29/10, 3:20 PM, Valid until:12/31/40, 3:20 PM" }
{"timestamp":"2025-06-03 08:47:55.716", "app_name": "k8_auth", "endpoint":"", "level":"DEBUG" , "message":"X509Certificate: Alg:SHA256withRSA, Serial:06:6c:9f:cf:99:bf:8c:0a:39:e2:f0:78:8a:43:e6:96:36:5b:ca, Subject:CN=Amazon Root CA 1, O=Amazon, C=US, Issuer:CN=Amazon Root CA 1, O=Amazon, C=US, Key type:RSA, Length:2048, Cert Id:2822522334, Valid from:5/26/15, 2:00 AM, Valid until:1/17/38, 1:00 AM" }
{"timestamp":"2025-06-03 08:47:55.716", "app_name": "k8_auth", "endpoint":"", "level":"DEBUG" , "message":"X509Certificate: Alg:SHA384withRSA, Serial:06:6c:9f:d2:96:35:86:9f:0a:0f:e5:86:78:f8:5b:26:bb:8a:37, Subject:CN=Amazon Root CA 2, O=Amazon, C=US, Issuer:CN=Amazon Root CA 2, O=Amazon, C=US, Key type:RSA, Length:4096, Cert Id:2528834908, Valid from:5/26/15, 2:00 AM, Valid until:5/26/40, 2:00 AM" }
{"timestamp":"2025-06-03 08:47:55.716", "app_name": "k8_auth", "endpoint":"", "level":"DEBUG" , "message":"X509Certificate: Alg:SHA256withECDSA, Serial:06:6c:9f:d5:74:97:36:66:3f:3b:0b:9a:d9:e8:9e:76:03:f2:4a, Subject:CN=Amazon Root CA 3, O=Amazon, C=US, Issuer:CN=Amazon Root CA 3, O=Amazon, C=US, Key type:EC, Length:256, Cert Id:2732679773, Valid from:5/26/15, 2:00 AM, Valid until:5/26/40, 2:00 AM" }
{"timestamp":"2025-06-03 08:47:55.717", "app_name": "k8_auth", "endpoint":"", "level":"DEBUG" , "message":"X509Certificate: Alg:SHA384withECDSA, Serial:06:6c:9f:d7:c1:bb:10:4c:29:43:e5:71:7b:7b:2c:c8:1a:c1:0e, Subject:CN=Amazon Root CA 4, O=Amazon, C=US, Issuer:CN=Amazon Root CA 4, O=Amazon, C=US, Key type:EC, Length:384, Cert Id:2640694783, Valid from:5/26/15, 2:00 AM, Valid until:5/26/40, 2:00 AM" }
{"timestamp":"2025-06-03 08:47:55.717", "app_name": "k8_auth", "endpoint":"", "level":"DEBUG" , "message":"X509Certificate: Alg:SHA1withRSA, Serial:02:00:00:b9, Subject:CN=Baltimore CyberTrust Root, OU=CyberTrust, O=Baltimore, C=IE, Issuer:CN=Baltimore CyberTrust Root, OU=CyberTrust, O=Baltimore, C=IE, Key type:RSA, Length:2048, Cert Id:1425294543, Valid from:5/12/00, 8:46 PM, Valid until:5/13/25, 1:59 AM" }
{"timestamp":"2025-06-03 08:47:55.718", "app_name": "k8_auth", "endpoint":"", "level":"DEBUG" , "message":"X509Certificate: Alg:SHA256withRSA, Serial:02, Subject:CN=Buypass Class 2 Root CA, O=Buypass AS-983163327, C=NO, Issuer:CN=Buypass Class 2 Root CA, O=Buypass AS-983163327, C=NO, Key type:RSA, Length:4096, Cert Id:969960563, Valid from:10/26/10, 10:38 AM, Valid until:10/26/40, 10:38 AM" }
{"timestamp":"2025-06-03 08:47:55.718", "app_name": "k8_auth", "endpoint":"", "level":"DEBUG" , "message":"X509Certificate: Alg:SHA256withRSA, Serial:02, Subject:CN=Buypass Class 3 Root CA, O=Buypass AS-983163327, C=NO, Issuer:CN=Buypass Class 3 Root CA, O=Buypass AS-983163327, C=NO, Key type:RSA, Length:4096, Cert Id:1264269967, Valid from:10/26/10, 10:28 AM, Valid until:10/26/40, 10:28 AM" }
{"timestamp":"2025-06-03 08:47:55.719", "app_name": "k8_auth", "endpoint":"", "level":"DEBUG" , "message":"X509Certificate: Alg:SHA1withRSA, Serial:00:a3:da:42:7e:a4:b1:ae:da, Subject:CN=Chambers of Commerce Root - 2008, O=AC Camerfirma S.A., SERIALNUMBER=A82743287, L=Madrid (see current address at www.camerfirma.com/address), C=EU, Issuer:CN=Chambers of Commerce Root - 2008, O=AC Camerfirma S.A., SERIALNUMBER=A82743287, L=Madrid (see current address at www.camerfirma.com/address), C=EU, Key type:RSA, Length:4096, Cert Id:4266703372, Valid from:8/1/08, 2:29 PM, Valid until:7/31/38, 2:29 PM" }
{"timestamp":"2025-06-03 08:47:55.720", "app_name": "k8_auth", "endpoint":"", "level":"DEBUG" , "message":"X509Certificate: Alg:SHA1withRSA, Serial:00, Subject:CN=Chambers of Commerce Root, OU=http://www.chambersign.org, O=AC Camerfirma SA CIF A82743287, C=EU, Issuer:CN=Chambers of Commerce Root, OU=http://www.chambersign.org, O=AC Camerfirma SA CIF A82743287, C=EU, Key type:RSA, Length:2048, Cert Id:1827306452, Valid from:9/30/03, 6:13 PM, Valid until:9/30/37, 6:13 PM" }
{"timestamp":"2025-06-03 08:47:55.720", "app_name": "k8_auth", "endpoint":"", "level":"DEBUG" , "message":"X509Certificate: Alg:SHA1withRSA, Serial:00:c9:cd:d3:e9:d5:7d:23:ce, Subject:CN=Global Chambersign Root - 2008, O=AC Camerfirma S.A., SERIALNUMBER=A82743287, L=Madrid (see current address at www.camerfirma.com/address), C=EU, Issuer:CN=Global Chambersign Root - 2008, O=AC Camerfirma S.A., SERIALNUMBER=A82743287, L=Madrid (see current address at www.camerfirma.com/address), C=EU, Key type:RSA, Length:4096, Cert Id:1271252776, Valid from:8/1/08, 2:31 PM, Valid until:7/31/38, 2:31 PM" }
{"timestamp":"2025-06-03 08:47:55.720", "app_name": "k8_auth", "endpoint":"", "level":"DEBUG" , "message":"X509Certificate: Alg:SHA384withECDSA, Serial:06:25:33:b1:47:03:33:27:5c:f9:8d:9a:b9:bf:cc:f8, Subject:CN=Certainly Root E1, O=Certainly, C=US, Issuer:CN=Certainly Root E1, O=Certainly, C=US, Key type:EC, Length:384, Cert Id:792571453, Valid from:4/1/21, 2:00 AM, Valid until:4/1/46, 2:00 AM" }
{"timestamp":"2025-06-03 08:47:55.721", "app_name": "k8_auth", "endpoint":"", "level":"DEBUG" , "message":"X509Certificate: Alg:SHA256withRSA, Serial:00:8e:0f:f9:4b:90:71:68:65:33:54:f4:d4:44:39:b7:e0, Subject:CN=Certainly Root R1, O=Certainly, C=US, Issuer:CN=Certainly Root R1, O=Certainly, C=US, Key type:RSA, Length:4096, Cert Id:2255958535, Valid from:4/1/21, 2:00 AM, Valid until:4/1/46, 2:00 AM" }
{"timestamp":"2025-06-03 08:47:55.721", "app_name": "k8_auth", "endpoint":"", "level":"DEBUG" , "message":"X509Certificate: Alg:SHA1withRSA, Serial:00:fe:dc:e3:01:0f:c9:48:ff, Subject:CN=Certigna, O=Dhimyotis, C=FR, Issuer:CN=Certigna, O=Dhimyotis, C=FR, Key type:RSA, Length:2048, Cert Id:3506875840, Valid from:6/29/07, 5:13 PM, Valid until:6/29/27, 5:13 PM" }
{"timestamp":"2025-06-03 08:47:55.721", "app_name": "k8_auth", "endpoint":"", "level":"DEBUG" , "message":"X509Certificate: Alg:SHA256withRSA, Serial:00:ca:e9:1b:89:f1:55:03:0d:a3:e6:41:6d:c4:e3:a6:e1, Subject:CN=Certigna Root CA, OU=0002 48146308100036, O=Dhimyotis, C=FR, Issuer:CN=Certigna Root CA, OU=0002 48146308100036, O=Dhimyotis, C=FR, Key type:RSA, Length:4096, Cert Id:356684591, Valid from:10/1/13, 10:32 AM, Valid until:10/1/33, 10:32 AM" }
{"timestamp":"2025-06-03 08:47:55.722", "app_name": "k8_auth", "endpoint":"", "level":"DEBUG" , "message":"X509Certificate: Alg:SHA1withRSA, Serial:01:00:20, Subject:CN=Certum CA, O=Unizeto Sp. z o.o., C=PL, Issuer:CN=Certum CA, O=Unizeto Sp. z o.o., C=PL, Key type:RSA, Length:2048, Cert Id:3550516030, Valid from:6/11/02, 12:46 PM, Valid until:6/11/27, 12:46 PM" }
{"timestamp":"2025-06-03 08:47:55.722", "app_name": "k8_auth", "endpoint":"", "level":"DEBUG" , "message":"X509Certificate: Alg:SHA1withRSA, Serial:04:44:c0, Subject:CN=Certum Trusted Network CA, OU=Certum Certification Authority, O=Unizeto Technologies S.A., C=PL, Issuer:CN=Certum Trusted Network CA, OU=Certum Certification Authority, O=Unizeto Technologies S.A., C=PL, Key type:RSA, Length:2048, Cert Id:2014002193, Valid from:10/22/08, 2:07 PM, Valid until:12/31/29, 1:07 PM" }
{"timestamp":"2025-06-03 08:47:55.722", "app_name": "k8_auth", "endpoint":"", "level":"DEBUG" , "message":"X509Certificate: Alg:SHA1withRSA, Serial:15:c8:bd:65:47:5c:af:b8:97:00:5e:e4:06:d2:bc:9d, Subject:OU=ePKI Root Certification Authority, O="Chunghwa Telecom Co., Ltd.", C=TW, Issuer:OU=ePKI Root Certification Authority, O="Chunghwa Telecom Co., Ltd.", C=TW, Key type:RSA, Length:4096, Cert Id:3632331159, Valid from:12/20/04, 3:31 AM, Valid until:12/20/34, 3:31 AM" }
{"timestamp":"2025-06-03 08:47:55.723", "app_name": "k8_auth", "endpoint":"", "level":"DEBUG" , "message":"X509Certificate: Alg:SHA1withRSA, Serial:01, Subject:CN=AAA Certificate Services, O=Comodo CA Limited, L=Salford, ST=Greater Manchester, C=GB, Issuer:CN=AAA Certificate Services, O=Comodo CA Limited, L=Salford, ST=Greater Manchester, C=GB, Key type:RSA, Length:2048, Cert Id:3097386402, Valid from:1/1/04, 1:00 AM, Valid until:1/1/29, 12:59 AM" }
{"timestamp":"2025-06-03 08:47:55.723", "app_name": "k8_auth", "endpoint":"", "level":"DEBUG" , "message":"X509Certificate: Alg:SHA384withECDSA, Serial:1f:47:af:aa:62:00:70:50:54:4c:01:9e:9b:63:99:2a, Subject:CN=COMODO ECC Certification Authority, O=COMODO CA Limited, L=Salford, ST=Greater Manchester, C=GB, Issuer:CN=COMODO ECC Certification Authority, O=COMODO CA Limited, L=Salford, ST=Greater Manchester, C=GB, Key type:EC, Length:384, Cert Id:1146488932, Valid from:3/6/08, 1:00 AM, Valid until:1/19/38, 12:59 AM" }
{"timestamp":"2025-06-03 08:47:55.723", "app_name": "k8_auth", "endpoint":"", "level":"DEBUG" , "message":"X509Certificate: Alg:SHA384withRSA, Serial:4c:aa:f9:ca:db:63:6f:e0:1f:f7:4e:d8:5b:03:86:9d, Subject:CN=COMODO RSA Certification Authority, O=COMODO CA Limited, L=Salford, ST=Greater Manchester, C=GB, Issuer:CN=COMODO RSA Certification Authority, O=COMODO CA Limited, L=Salford, ST=Greater Manchester, C=GB, Key type:RSA, Length:4096, Cert Id:1769425049, Valid from:1/19/10, 1:00 AM, Valid until:1/19/38, 12:59 AM" }
{"timestamp":"2025-06-03 08:47:55.724", "app_name": "k8_auth", "endpoint":"", "level":"DEBUG" , "message":"X509Certificate: Alg:SHA256withRSA, Serial:0b:93:1c:3a:d6:39:67:ea:67:23:bf:c3:af:9a:f4:4b, Subject:CN=DigiCert Assured ID Root G2, OU=www.digicert.com, O=DigiCert Inc, C=US, Issuer:CN=DigiCert Assured ID Root G2, OU=www.digicert.com, O=DigiCert Inc, C=US, Key type:RSA, Length:2048, Cert Id:3909568913, Valid from:8/1/13, 2:00 PM, Valid until:1/15/38, 1:00 PM" }
{"timestamp":"2025-06-03 08:47:55.724", "app_name": "k8_auth", "endpoint":"", "level":"DEBUG" , "message":"X509Certificate: Alg:SHA384withECDSA, Serial:0b:a1:5a:fa:1d:df:a0:b5:49:44:af:cd:24:a0:6c:ec, Subject:CN=DigiCert Assured ID Root G3, OU=www.digicert.com, O=DigiCert Inc, C=US, Issuer:CN=DigiCert Assured ID Root G3, OU=www.digicert.com, O=DigiCert Inc, C=US, Key type:EC, Length:384, Cert Id:3649430051, Valid from:8/1/13, 2:00 PM, Valid until:1/15/38, 1:00 PM" }
{"timestamp":"2025-06-03 08:47:55.724", "app_name": "k8_auth", "endpoint":"", "level":"DEBUG" , "message":"X509Certificate: Alg:SHA1withRSA, Serial:0c:e7:e0:e5:17:d8:46:fe:8f:e5:60:fc:1b:f0:30:39, Subject:CN=DigiCert Assured ID Root CA, OU=www.digicert.com, O=DigiCert Inc, C=US, Issuer:CN=DigiCert Assured ID Root CA, OU=www.digicert.com, O=DigiCert Inc, C=US, Key type:RSA, Length:2048, Cert Id:3434562768, Valid from:11/10/06, 1:00 AM, Valid until:11/10/31, 1:00 AM" }
{"timestamp":"2025-06-03 08:47:55.725", "app_name": "k8_auth", "endpoint":"", "level":"DEBUG" , "message":"X509Certificate: Alg:SHA384withECDSA, Serial:03:69:8f:e7:12:d5:19:f3:ce:d0:fd:b7:b1:64:30:11, Subject:CN=DigiCert CS ECC P384 Root G5, O="DigiCert, Inc.", C=US, Issuer:CN=DigiCert CS ECC P384 Root G5, O="DigiCert, Inc.", C=US, Key type:EC, Length:384, Cert Id:381797637, Valid from:1/15/21, 1:00 AM, Valid until:1/15/46, 12:59 AM" }
{"timestamp":"2025-06-03 08:47:55.725", "app_name": "k8_auth", "endpoint":"", "level":"DEBUG" , "message":"X509Certificate: Alg:SHA384withRSA, Serial:06:ce:e1:31:be:6d:55:c8:07:f7:c0:c7:fb:44:e6:20, Subject:CN=DigiCert CS RSA4096 Root G5, O="DigiCert, Inc.", C=US, Issuer:CN=DigiCert CS RSA4096 Root G5, O="DigiCert, Inc.", C=US, Key type:RSA, Length:4096, Cert Id:1193514382, Valid from:1/15/21, 1:00 AM, Valid until:1/15/46, 12:59 AM" }
{"timestamp":"2025-06-03 08:47:55.725", "app_name": "k8_auth", "endpoint":"", "level":"DEBUG" , "message":"X509Certificate: Alg:SHA1withRSA, Serial:08:3b:e0:56:90:42:46:b1:a1:75:6a:c9:59:91:c7:4a, Subject:CN=DigiCert Global Root CA, OU=www.digicert.com, O=DigiCert Inc, C=US, Issuer:CN=DigiCert Global Root CA, OU=www.digicert.com, O=DigiCert Inc, C=US, Key type:RSA, Length:2048, Cert Id:1341898239, Valid from:11/10/06, 1:00 AM, Valid until:11/10/31, 1:00 AM" }
{"timestamp":"2025-06-03 08:47:55.726", "app_name": "k8_auth", "endpoint":"", "level":"DEBUG" , "message":"X509Certificate: Alg:SHA256withRSA, Serial:03:3a:f1:e6:a7:11:a9:a0:bb:28:64:b1:1d:09:fa:e5, Subject:CN=DigiCert Global Root G2, OU=www.digicert.com, O=DigiCert Inc, C=US, Issuer:CN=DigiCert Global Root G2, OU=www.digicert.com, O=DigiCert Inc, C=US, Key type:RSA, Length:2048, Cert Id:1136084297, Valid from:8/1/13, 2:00 PM, Valid until:1/15/38, 1:00 PM" }
{"timestamp":"2025-06-03 08:47:55.726", "app_name": "k8_auth", "endpoint":"", "level":"DEBUG" , "message":"X509Certificate: Alg:SHA384withECDSA, Serial:05:55:56:bc:f2:5e:a4:35:35:c3:a4:0f:d5:ab:45:72, Subject:CN=DigiCert Global Root G3, OU=www.digicert.com, O=DigiCert Inc, C=US, Issuer:CN=DigiCert Global Root G3, OU=www.digicert.com, O=DigiCert Inc, C=US, Key type:EC, Length:384, Cert Id:3498998753, Valid from:8/1/13, 2:00 PM, Valid until:1/15/38, 1:00 PM" }
{"timestamp":"2025-06-03 08:47:55.726", "app_name": "k8_auth", "endpoint":"", "level":"DEBUG" , "message":"X509Certificate: Alg:SHA1withRSA, Serial:02:ac:5c:26:6a:0b:40:9b:8f:0b:79:f2:ae:46:25:77, Subject:CN=DigiCert High Assurance EV Root CA, OU=www.digicert.com, O=DigiCert Inc, C=US, Issuer:CN=DigiCert High Assurance EV Root CA, OU=www.digicert.com, O=DigiCert Inc, C=US, Key type:RSA, Length:2048, Cert Id:2884286942, Valid from:11/10/06, 1:00 AM, Valid until:11/10/31, 1:00 AM" }
{"timestamp":"2025-06-03 08:47:55.726", "app_name": "k8_auth", "endpoint":"", "level":"DEBUG" , "message":"X509Certificate: Alg:SHA384withECDSA, Serial:09:e0:93:65:ac:f7:d9:c8:b9:3e:1c:0b:04:2a:2e:f3, Subject:CN=DigiCert TLS ECC P384 Root G5, O="DigiCert, Inc.", C=US, Issuer:CN=DigiCert TLS ECC P384 Root G5, O="DigiCert, Inc.", C=US, Key type:EC, Length:384, Cert Id:3940772018, Valid from:1/15/21, 1:00 AM, Valid until:1/15/46, 12:59 AM" }
{"timestamp":"2025-06-03 08:47:55.727", "app_name": "k8_auth", "endpoint":"", "level":"DEBUG" , "message":"X509Certificate: Alg:SHA384withRSA, Serial:08:f9:b4:78:a8:fa:7e:da:6a:33:37:89:de:7c:cf:8a, Subject:CN=DigiCert TLS RSA4096 Root G5, O="DigiCert, Inc.", C=US, Issuer:CN=DigiCert TLS RSA4096 Root G5, O="DigiCert, Inc.", C=US, Key type:RSA, Length:4096, Cert Id:165956757, Valid from:1/15/21, 1:00 AM, Valid until:1/15/46, 12:59 AM" }
{"timestamp":"2025-06-03 08:47:55.727", "app_name": "k8_auth", "endpoint":"", "level":"DEBUG" , "message":"X509Certificate: Alg:SHA384withRSA, Serial:05:9b:1b:57:9e:8e:21:32:e2:39:07:bd:a7:77:75:5c, Subject:CN=DigiCert Trusted Root G4, OU=www.digicert.com, O=DigiCert Inc, C=US, Issuer:CN=DigiCert Trusted Root G4, OU=www.digicert.com, O=DigiCert Inc, C=US, Key type:RSA, Length:4096, Cert Id:1057369358, Valid from:8/1/13, 2:00 PM, Valid until:1/15/38, 1:00 PM" }
{"timestamp":"2025-06-03 08:47:55.727", "app_name": "k8_auth", "endpoint":"", "level":"DEBUG" , "message":"X509Certificate: Alg:SHA256withRSA, Serial:09:83:f3, Subject:CN=D-TRUST Root Class 3 CA 2 2009, O=D-Trust GmbH, C=DE, Issuer:CN=D-TRUST Root Class 3 CA 2 2009, O=D-Trust GmbH, C=DE, Key type:RSA, Length:2048, Cert Id:1430153102, Valid from:11/5/09, 9:35 AM, Valid until:11/5/29, 9:35 AM" }
{"timestamp":"2025-06-03 08:47:55.728", "app_name": "k8_auth", "endpoint":"", "level":"DEBUG" , "message":"X509Certificate: Alg:SHA256withRSA, Serial:09:83:f4, Subject:CN=D-TRUST Root Class 3 CA 2 EV 2009, O=D-Trust GmbH, C=DE, Issuer:CN=D-TRUST Root Class 3 CA 2 EV 2009, O=D-Trust GmbH, C=DE, Key type:RSA, Length:2048, Cert Id:971313728, Valid from:11/5/09, 9:50 AM, Valid until:11/5/29, 9:50 AM" }
{"timestamp":"2025-06-03 08:47:55.728", "app_name": "k8_auth", "endpoint":"", "level":"DEBUG" , "message":"X509Certificate: Alg:SHA384withECDSA, Serial:3c:f6:07:a9:68:70:0e:da:8b:84, Subject:CN=emSign ECC Root CA - G3, O=eMudhra Technologies Limited, OU=emSign PKI, C=IN, Issuer:CN=emSign ECC Root CA - G3, O=eMudhra Technologies Limited, OU=emSign PKI, C=IN, Key type:EC, Length:384, Cert Id:3832035707, Valid from:2/18/18, 7:30 PM, Valid until:2/18/43, 7:30 PM" }
{"timestamp":"2025-06-03 08:47:55.728", "app_name": "k8_auth", "endpoint":"", "level":"DEBUG" , "message":"X509Certificate: Alg:SHA256withRSA, Serial:31:f5:e4:62:0c:6c:58:ed:d6:d8, Subject:CN=emSign Root CA - G1, O=eMudhra Technologies Limited, OU=emSign PKI, C=IN, Issuer:CN=emSign Root CA - G1, O=eMudhra Technologies Limited, OU=emSign PKI, C=IN, Key type:RSA, Length:2048, Cert Id:392709196, Valid from:2/18/18, 7:30 PM, Valid until:2/18/43, 7:30 PM" }
{"timestamp":"2025-06-03 08:47:55.729", "app_name": "k8_auth", "endpoint":"", "level":"DEBUG" , "message":"X509Certificate: Alg:SHA384withRSA, Serial:00:86:4d:bf:0f:e3:5e:d7:7d:8e:d8, Subject:CN=emSign Root CA - G2, O=eMudhra Technologies Limited, OU=emSign PKI, C=IN, Issuer:CN=emSign Root CA - G2, O=eMudhra Technologies Limited, OU=emSign PKI, C=IN, Key type:RSA, Length:4096, Cert Id:3373940126, Valid from:2/18/18, 7:30 PM, Valid until:2/18/43, 7:30 PM" }
{"timestamp":"2025-06-03 08:47:55.729", "app_name": "k8_auth", "endpoint":"", "level":"DEBUG" , "message":"X509Certificate: Alg:SHA1withRSA, Serial:38:63:de:f8, Subject:CN=Entrust.net Certification Authority (2048), OU=(c) 1999 Entrust.net Limited, OU=www.entrust.net/CPS_2048 incorp. by ref. (limits liab.), O=Entrust.net, Issuer:CN=Entrust.net Certification Authority (2048), OU=(c) 1999 Entrust.net Limited, OU=www.entrust.net/CPS_2048 incorp. by ref. (limits liab.), O=Entrust.net, Key type:RSA, Length:2048, Cert Id:3966431214, Valid from:12/24/99, 6:50 PM, Valid until:7/24/29, 4:15 PM" }
{"timestamp":"2025-06-03 08:47:55.729", "app_name": "k8_auth", "endpoint":"", "level":"DEBUG" , "message":"X509Certificate: Alg:SHA1withRSA, Serial:45:6b:50:54, Subject:CN=Entrust Root Certification Authority, OU="(c) 2006 Entrust, Inc.", OU=www.entrust.net/CPS is incorporated by reference, O="Entrust, Inc.", C=US, Issuer:CN=Entrust Root Certification Authority, OU="(c) 2006 Entrust, Inc.", OU=www.entrust.net/CPS is incorporated by reference, O="Entrust, Inc.", C=US, Key type:RSA, Length:2048, Cert Id:3033563200, Valid from:11/27/06, 9:23 PM, Valid until:11/27/26, 9:53 PM" }
{"timestamp":"2025-06-03 08:47:55.730", "app_name": "k8_auth", "endpoint":"", "level":"DEBUG" , "message":"X509Certificate: Alg:SHA384withECDSA, Serial:00:a6:8b:79:29:00:00:00:00:50:d0:91:f9, Subject:CN=Entrust Root Certification Authority - EC1, OU="(c) 2012 Entrust, Inc. - for authorized use only", OU=See www.entrust.net/legal-terms, O="Entrust, Inc.", C=US, Issuer:CN=Entrust Root Certification Authority - EC1, OU="(c) 2012 Entrust, Inc. - for authorized use only", OU=See www.entrust.net/legal-terms, O="Entrust, Inc.", C=US, Key type:EC, Length:384, Cert Id:924514073, Valid from:12/18/12, 4:25 PM, Valid until:12/18/37, 4:55 PM" }
{"timestamp":"2025-06-03 08:47:55.730", "app_name": "k8_auth", "endpoint":"", "level":"DEBUG" , "message":"X509Certificate: Alg:SHA256withRSA, Serial:4a:53:8c:28, Subject:CN=Entrust Root Certification Authority - G2, OU="(c) 2009 Entrust, Inc. - for authorized use only", OU=See www.entrust.net/legal-terms, O="Entrust, Inc.", C=US, Issuer:CN=Entrust Root Certification Authority - G2, OU="(c) 2009 Entrust, Inc. - for authorized use only", OU=See www.entrust.net/legal-terms, O="Entrust, Inc.", C=US, Key type:RSA, Length:2048, Cert Id:1936920337, Valid from:7/7/09, 7:25 PM, Valid until:12/7/30, 6:55 PM" }
{"timestamp":"2025-06-03 08:47:55.730", "app_name": "k8_auth", "endpoint":"", "level":"DEBUG" , "message":"X509Certificate: Alg:SHA256withRSA, Serial:00:d9:b5:43:7f:af:a9:39:0f:00:00:00:00:55:65:ad:58, Subject:CN=Entrust Root Certification Authority - G4, OU="(c) 2015 Entrust, Inc. - for authorized use only", OU=See www.entrust.net/legal-terms, O="Entrust, Inc.", C=US, Issuer:CN=Entrust Root Certification Authority - G4, OU="(c) 2015 Entrust, Inc. - for authorized use only", OU=See www.entrust.net/legal-terms, O="Entrust, Inc.", C=US, Key type:RSA, Length:4096, Cert Id:1368037548, Valid from:5/27/15, 1:11 PM, Valid until:12/27/37, 12:41 PM" }
{"timestamp":"2025-06-03 08:47:55.731", "app_name": "k8_auth", "endpoint":"", "level":"DEBUG" , "message":"X509Certificate: Alg:SHA1withRSA, Serial:02:34:56, Subject:CN=GeoTrust Global CA, O=GeoTrust Inc., C=US, Issuer:CN=GeoTrust Global CA, O=GeoTrust Inc., C=US, Key type:RSA, Length:2048, Cert Id:2266349922, Valid from:5/21/02, 6:00 AM, Valid until:5/21/22, 6:00 AM" }
{"timestamp":"2025-06-03 08:47:55.731", "app_name": "k8_auth", "endpoint":"", "level":"DEBUG" , "message":"X509Certificate: Alg:SHA1withRSA, Serial:18:ac:b5:6a:fd:69:b6:15:3a:63:6c:af:da:fa:c4:a1, Subject:CN=GeoTrust Primary Certification Authority, O=GeoTrust Inc., C=US, Issuer:CN=GeoTrust Primary Certification Authority, O=GeoTrust Inc., C=US, Key type:RSA, Length:2048, Cert Id:3329622139, Valid from:11/27/06, 1:00 AM, Valid until:7/17/36, 1:59 AM" }
{"timestamp":"2025-06-03 08:47:55.731", "app_name": "k8_auth", "endpoint":"", "level":"DEBUG" , "message":"X509Certificate: Alg:SHA384withECDSA, Serial:3c:b2:f4:48:0a:00:e2:fe:eb:24:3b:5e:60:3e:c3:6b, Subject:CN=GeoTrust Primary Certification Authority - G2, OU=(c) 2007 GeoTrust Inc. - For authorized use only, O=GeoTrust Inc., C=US, Issuer:CN=GeoTrust Primary Certification Authority - G2, OU=(c) 2007 GeoTrust Inc. - For authorized use only, O=GeoTrust Inc., C=US, Key type:EC, Length:384, Cert Id:3180663474, Valid from:11/5/07, 1:00 AM, Valid until:1/19/38, 12:59 AM" }
{"timestamp":"2025-06-03 08:47:55.731", "app_name": "k8_auth", "endpoint":"", "level":"DEBUG" , "message":"X509Certificate: Alg:SHA256withRSA, Serial:15:ac:6e:94:19:b2:79:4b:41:f6:27:a9:c3:18:0f:1f, Subject:CN=GeoTrust Primary Certification Authority - G3, OU=(c) 2008 GeoTrust Inc. - For authorized use only, O=GeoTrust Inc., C=US, Issuer:CN=GeoTrust Primary Certification Authority - G3, OU=(c) 2008 GeoTrust Inc. - For authorized use only, O=GeoTrust Inc., C=US, Key type:RSA, Length:2048, Cert Id:2964813538, Valid from:4/2/08, 2:00 AM, Valid until:12/2/37, 12:59 AM" }
{"timestamp":"2025-06-03 08:47:55.732", "app_name": "k8_auth", "endpoint":"", "level":"DEBUG" , "message":"X509Certificate: Alg:SHA1withRSA, Serial:01, Subject:CN=GeoTrust Universal CA, O=GeoTrust Inc., C=US, Issuer:CN=GeoTrust Universal CA, O=GeoTrust Inc., C=US, Key type:RSA, Length:4096, Cert Id:313566089, Valid from:3/4/04, 6:00 AM, Valid until:3/4/29, 6:00 AM" }
{"timestamp":"2025-06-03 08:47:55.732", "app_name": "k8_auth", "endpoint":"", "level":"DEBUG" , "message":"X509Certificate: Alg:SHA1withRSA, Serial:04:00:00:00:00:01:15:4b:5a:c3:94, Subject:CN=GlobalSign Root CA, OU=Root CA, O=GlobalSign nv-sa, C=BE, Issuer:CN=GlobalSign Root CA, OU=Root CA, O=GlobalSign nv-sa, C=BE, Key type:RSA, Length:2048, Cert Id:536948034, Valid from:9/1/98, 2:00 PM, Valid until:1/28/28, 1:00 PM" }
{"timestamp":"2025-06-03 08:47:55.732", "app_name": "k8_auth", "endpoint":"", "level":"DEBUG" , "message":"X509Certificate: Alg:SHA384withECDSA, Serial:11:d2:bb:ba:33:6e:d4:bc:e6:24:68:c5:0d:84:1d:98:e8:43, Subject:CN=GlobalSign Root E46, O=GlobalSign nv-sa, C=BE, Issuer:CN=GlobalSign Root E46, O=GlobalSign nv-sa, C=BE, Key type:EC, Length:384, Cert Id:3405603905, Valid from:3/20/19, 1:00 AM, Valid until:3/20/46, 1:00 AM" }
{"timestamp":"2025-06-03 08:47:55.732", "app_name": "k8_auth", "endpoint":"", "level":"DEBUG" , "message":"X509Certificate: Alg:SHA256withECDSA, Serial:2a:38:a4:1c:96:0a:04:de:42:b2:28:a5:0b:e8:34:98:02, Subject:CN=GlobalSign, O=GlobalSign, OU=GlobalSign ECC Root CA - R4, Issuer:CN=GlobalSign, O=GlobalSign, OU=GlobalSign ECC Root CA - R4, Key type:EC, Length:256, Cert Id:2371693751, Valid from:11/13/12, 1:00 AM, Valid until:1/19/38, 4:14 AM" }
{"timestamp":"2025-06-03 08:47:55.733", "app_name": "k8_auth", "endpoint":"", "level":"DEBUG" , "message":"X509Certificate: Alg:SHA384withECDSA, Serial:60:59:49:e0:26:2e:bb:55:f9:0a:77:8a:71:f9:4a:d8:6c, Subject:CN=GlobalSign, O=GlobalSign, OU=GlobalSign ECC Root CA - R5, Issuer:CN=GlobalSign, O=GlobalSign, OU=GlobalSign ECC Root CA - R5, Key type:EC, Length:384, Cert Id:1997048439, Valid from:11/13/12, 1:00 AM, Valid until:1/19/38, 4:14 AM" }
{"timestamp":"2025-06-03 08:47:55.733", "app_name": "k8_auth", "endpoint":"", "level":"DEBUG" , "message":"X509Certificate: Alg:SHA256withRSA, Serial:04:00:00:00:00:01:21:58:53:08:a2, Subject:CN=GlobalSign, O=GlobalSign, OU=GlobalSign Root CA - R3, Issuer:CN=GlobalSign, O=GlobalSign, OU=GlobalSign Root CA - R3, Key type:RSA, Length:2048, Cert Id:733875591, Valid from:3/18/09, 11:00 AM, Valid until:3/18/29, 11:00 AM" }
{"timestamp":"2025-06-03 08:47:55.733", "app_name": "k8_auth", "endpoint":"", "level":"DEBUG" , "message":"X509Certificate: Alg:SHA384withRSA, Serial:11:d2:bb:b9:d7:23:18:9e:40:5f:0a:9d:2d:d0:df:25:67:d1, Subject:CN=GlobalSign Root R46, O=GlobalSign nv-sa, C=BE, Issuer:CN=GlobalSign Root R46, O=GlobalSign nv-sa, C=BE, Key type:RSA, Length:4096, Cert Id:1275948927, Valid from:3/20/19, 1:00 AM, Valid until:3/20/46, 1:00 AM" }
{"timestamp":"2025-06-03 08:47:55.733", "app_name": "k8_auth", "endpoint":"", "level":"DEBUG" , "message":"X509Certificate: Alg:SHA384withRSA, Serial:45:e6:bb:03:83:33:c3:85:65:48:e6:ff:45:51, Subject:CN=GlobalSign, O=GlobalSign, OU=GlobalSign Root CA - R6, Issuer:CN=GlobalSign, O=GlobalSign, OU=GlobalSign Root CA - R6, Key type:RSA, Length:4096, Cert Id:3788339543, Valid from:12/10/14, 1:00 AM, Valid until:12/10/34, 1:00 AM" }
{"timestamp":"2025-06-03 08:47:55.734", "app_name": "k8_auth", "endpoint":"", "level":"DEBUG" , "message":"X509Certificate: Alg:SHA1withRSA, Serial:00, Subject:OU=Go Daddy Class 2 Certification Authority, O="The Go Daddy Group, Inc.", C=US, Issuer:OU=Go Daddy Class 2 Certification Authority, O="The Go Daddy Group, Inc.", C=US, Key type:RSA, Length:2048, Cert Id:4023522997, Valid from:6/29/04, 7:06 PM, Valid until:6/29/34, 7:06 PM" }
{"timestamp":"2025-06-03 08:47:55.734", "app_name": "k8_auth", "endpoint":"", "level":"DEBUG" , "message":"X509Certificate: Alg:SHA256withRSA, Serial:00, Subject:CN=Go Daddy Root Certificate Authority - G2, O="GoDaddy.com, Inc.", L=Scottsdale, ST=Arizona, C=US, Issuer:CN=Go Daddy Root Certificate Authority - G2, O="GoDaddy.com, Inc.", L=Scottsdale, ST=Arizona, C=US, Key type:RSA, Length:2048, Cert Id:439600313, Valid from:9/1/09, 2:00 AM, Valid until:1/1/38, 12:59 AM" }
{"timestamp":"2025-06-03 08:47:55.734", "app_name": "k8_auth", "endpoint":"", "level":"DEBUG" , "message":"X509Certificate: Alg:SHA384withRSA, Serial:02:03:e5:93:6f:31:b0:13:49:88:6b:a2:17, Subject:CN=GTS Root R1, O=Google Trust Services LLC, C=US, Issuer:CN=GTS Root R1, O=Google Trust Services LLC, C=US, Key type:RSA, Length:4096, Cert Id:657172038, Valid from:6/22/16, 2:00 AM, Valid until:6/22/36, 2:00 AM" }
{"timestamp":"2025-06-03 08:47:55.735", "app_name": "k8_auth", "endpoint":"", "level":"DEBUG" , "message":"X509Certificate: Alg:SHA384withRSA, Serial:02:03:e5:ae:c5:8d:04:25:1a:ab:11:25:aa, Subject:CN=GTS Root R2, O=Google Trust Services LLC, C=US, Issuer:CN=GTS Root R2, O=Google Trust Services LLC, C=US, Key type:RSA, Length:4096, Cert Id:948387669, Valid from:6/22/16, 2:00 AM, Valid until:6/22/36, 2:00 AM" }
{"timestamp":"2025-06-03 08:47:55.735", "app_name": "k8_auth", "endpoint":"", "level":"DEBUG" , "message":"X509Certificate: Alg:SHA384withECDSA, Serial:02:03:e5:b8:82:eb:20:f8:25:27:6d:3d:66, Subject:CN=GTS Root R3, O=Google Trust Services LLC, C=US, Issuer:CN=GTS Root R3, O=Google Trust Services LLC, C=US, Key type:EC, Length:384, Cert Id:1163081155, Valid from:6/22/16, 2:00 AM, Valid until:6/22/36, 2:00 AM" }
{"timestamp":"2025-06-03 08:47:55.735", "app_name": "k8_auth", "endpoint":"", "level":"DEBUG" , "message":"X509Certificate: Alg:SHA384withECDSA, Serial:02:03:e5:c0:68:ef:63:1a:9c:72:90:50:52, Subject:CN=GTS Root R4, O=Google Trust Services LLC, C=US, Issuer:CN=GTS Root R4, O=Google Trust Services LLC, C=US, Key type:EC, Length:384, Cert Id:1326433111, Valid from:6/22/16, 2:00 AM, Valid until:6/22/36, 2:00 AM" }
{"timestamp":"2025-06-03 08:47:55.735", "app_name": "k8_auth", "endpoint":"", "level":"DEBUG" , "message":"X509Certificate: Alg:SHA256withECDSA, Serial:00, Subject:CN=Hellenic Academic and Research Institutions ECC RootCA 2015, O=Hellenic Academic and Research Institutions Cert. Authority, L=Athens, C=GR, Issuer:CN=Hellenic Academic and Research Institutions ECC RootCA 2015, O=Hellenic Academic and Research Institutions Cert. Authority, L=Athens, C=GR, Key type:EC, Length:384, Cert Id:513613456, Valid from:7/7/15, 12:37 PM, Valid until:6/30/40, 12:37 PM" }
{"timestamp":"2025-06-03 08:47:55.736", "app_name": "k8_auth", "endpoint":"", "level":"DEBUG" , "message":"X509Certificate: Alg:SHA256withRSA, Serial:00, Subject:CN=Hellenic Academic and Research Institutions RootCA 2015, O=Hellenic Academic and Research Institutions Cert. Authority, L=Athens, C=GR, Issuer:CN=Hellenic Academic and Research Institutions RootCA 2015, O=Hellenic Academic and Research Institutions Cert. Authority, L=Athens, C=GR, Key type:RSA, Length:4096, Cert Id:3491990565, Valid from:7/7/15, 12:11 PM, Valid until:6/30/40, 12:11 PM" }
{"timestamp":"2025-06-03 08:47:55.736", "app_name": "k8_auth", "endpoint":"", "level":"DEBUG" , "message":"X509Certificate: Alg:SHA256withRSA, Serial:0a:01:42:80:00:00:01:45:23:c8:44:b5:00:00:00:02, Subject:CN=IdenTrust Commercial Root CA 1, O=IdenTrust, C=US, Issuer:CN=IdenTrust Commercial Root CA 1, O=IdenTrust, C=US, Key type:RSA, Length:4096, Cert Id:1232565210, Valid from:1/16/14, 7:12 PM, Valid until:1/16/34, 7:12 PM" }
{"timestamp":"2025-06-03 08:47:55.736", "app_name": "k8_auth", "endpoint":"", "level":"DEBUG" , "message":"X509Certificate: Alg:SHA256withRSA, Serial:0a:01:42:80:00:00:01:45:23:cf:46:7c:00:00:00:02, Subject:CN=IdenTrust Public Sector Root CA 1, O=IdenTrust, C=US, Issuer:CN=IdenTrust Public Sector Root CA 1, O=IdenTrust, C=US, Key type:RSA, Length:4096, Cert Id:2123370772, Valid from:1/16/14, 6:53 PM, Valid until:1/16/34, 6:53 PM" }
{"timestamp":"2025-06-03 08:47:55.736", "app_name": "k8_auth", "endpoint":"", "level":"DEBUG" , "message":"X509Certificate: Alg:SHA256withRSA, Serial:00:82:10:cf:b0:d2:40:e3:59:44:63:e0:bb:63:82:8b:00, Subject:CN=ISRG Root X1, O=Internet Security Research Group, C=US, Issuer:CN=ISRG Root X1, O=Internet Security Research Group, C=US, Key type:RSA, Length:4096, Cert Id:1521974916, Valid from:6/4/15, 1:04 PM, Valid until:6/4/35, 1:04 PM" }
{"timestamp":"2025-06-03 08:47:55.737", "app_name": "k8_auth", "endpoint":"", "level":"DEBUG" , "message":"X509Certificate: Alg:SHA384withECDSA, Serial:41:d2:9d:d1:72:ea:ee:a7:80:c1:2c:6c:e9:2f:87:52, Subject:CN=ISRG Root X2, O=Internet Security Research Group, C=US, Issuer:CN=ISRG Root X2, O=Internet Security Research Group, C=US, Key type:EC, Length:384, Cert Id:3398642244, Valid from:9/4/20, 2:00 AM, Valid until:9/17/40, 6:00 PM" }
{"timestamp":"2025-06-03 08:47:55.737", "app_name": "k8_auth", "endpoint":"", "level":"DEBUG" , "message":"X509Certificate: Alg:SHA256withRSA, Serial:0a:7e:a6:df:4b:44:9e:da:6a:24:85:9e:e6:b8:15:d3:16:7f:bb:b1, Subject:CN=LuxTrust Global Root 2, O=LuxTrust S.A., C=LU, Issuer:CN=LuxTrust Global Root 2, O=LuxTrust S.A., C=LU, Key type:RSA, Length:4096, Cert Id:3055636602, Valid from:3/5/15, 2:21 PM, Valid until:3/5/35, 2:21 PM" }
{"timestamp":"2025-06-03 08:47:55.737", "app_name": "k8_auth", "endpoint":"", "level":"DEBUG" , "message":"X509Certificate: Alg:SHA256withRSA, Serial:0b:b8, Subject:CN=LuxTrust Global Root, O=LuxTrust s.a., C=LU, Issuer:CN=LuxTrust Global Root, O=LuxTrust s.a., C=LU, Key type:RSA, Length:2048, Cert Id:1714819687, Valid from:3/17/11, 10:51 AM, Valid until:3/17/21, 10:51 AM" }
{"timestamp":"2025-06-03 08:47:55.737", "app_name": "k8_auth", "endpoint":"", "level":"DEBUG" , "message":"X509Certificate: Alg:SHA384withECDSA, Serial:66:f2:3d:af:87:de:8b:b1:4a:ea:0c:57:31:01:c2:ec, Subject:CN=Microsoft ECC Root Certificate Authority 2017, O=Microsoft Corporation, C=US, Issuer:CN=Microsoft ECC Root Certificate Authority 2017, O=Microsoft Corporation, C=US, Key type:EC, Length:384, Cert Id:3240761285, Valid from:12/19/19, 12:06 AM, Valid until:7/19/42, 1:16 AM" }
{"timestamp":"2025-06-03 08:47:55.737", "app_name": "k8_auth", "endpoint":"", "level":"DEBUG" , "message":"X509Certificate: Alg:SHA384withRSA, Serial:1e:d3:97:09:5f:d8:b4:b3:47:70:1e:aa:be:7f:45:b3, Subject:CN=Microsoft RSA Root Certificate Authority 2017, O=Microsoft Corporation, C=US, Issuer:CN=Microsoft RSA Root Certificate Authority 2017, O=Microsoft Corporation, C=US, Key type:RSA, Length:4096, Cert Id:2848349048, Valid from:12/18/19, 11:51 PM, Valid until:7/19/42, 1:00 AM" }
{"timestamp":"2025-06-03 08:47:55.738", "app_name": "k8_auth", "endpoint":"", "level":"DEBUG" , "message":"X509Certificate: Alg:SHA1withRSA, Serial:3a:b6:50:8b, Subject:CN=QuoVadis Root Certification Authority, OU=Root Certification Authority, O=QuoVadis Limited, C=BM, Issuer:CN=QuoVadis Root Certification Authority, OU=Root Certification Authority, O=QuoVadis Limited, C=BM, Key type:RSA, Length:2048, Cert Id:2412561694, Valid from:3/19/01, 7:33 PM, Valid until:3/17/21, 7:33 PM" }
{"timestamp":"2025-06-03 08:47:55.738", "app_name": "k8_auth", "endpoint":"", "level":"DEBUG" , "message":"X509Certificate: Alg:SHA256withRSA, Serial:78:58:5f:2e:ad:2c:19:4b:e3:37:07:35:34:13:28:b5:96:d4:65:93, Subject:CN=QuoVadis Root CA 1 G3, O=QuoVadis Limited, C=BM, Issuer:CN=QuoVadis Root CA 1 G3, O=QuoVadis Limited, C=BM, Key type:RSA, Length:4096, Cert Id:3532531262, Valid from:1/12/12, 6:27 PM, Valid until:1/12/42, 6:27 PM" }
{"timestamp":"2025-06-03 08:47:55.738", "app_name": "k8_auth", "endpoint":"", "level":"DEBUG" , "message":"X509Certificate: Alg:SHA1withRSA, Serial:05:09, Subject:CN=QuoVadis Root CA 2, O=QuoVadis Limited, C=BM, Issuer:CN=QuoVadis Root CA 2, O=QuoVadis Limited, C=BM, Key type:RSA, Length:4096, Cert Id:338250116, Valid from:11/24/06, 7:27 PM, Valid until:11/24/31, 7:23 PM" }
{"timestamp":"2025-06-03 08:47:55.739", "app_name": "k8_auth", "endpoint":"", "level":"DEBUG" , "message":"X509Certificate: Alg:SHA256withRSA, Serial:44:57:34:24:5b:81:89:9b:35:f2:ce:b8:2b:3b:5b:a7:26:f0:75:28, Subject:CN=QuoVadis Root CA 2 G3, O=QuoVadis Limited, C=BM, Issuer:CN=QuoVadis Root CA 2 G3, O=QuoVadis Limited, C=BM, Key type:RSA, Length:4096, Cert Id:696763521, Valid from:1/12/12, 7:59 PM, Valid until:1/12/42, 7:59 PM" }
{"timestamp":"2025-06-03 08:47:55.739", "app_name": "k8_auth", "endpoint":"", "level":"DEBUG" , "message":"X509Certificate: Alg:SHA1withRSA, Serial:05:c6, Subject:CN=QuoVadis Root CA 3, O=QuoVadis Limited, C=BM, Issuer:CN=QuoVadis Root CA 3, O=QuoVadis Limited, C=BM, Key type:RSA, Length:4096, Cert Id:1470392860, Valid from:11/24/06, 8:11 PM, Valid until:11/24/31, 8:06 PM" }
{"timestamp":"2025-06-03 08:47:55.739", "app_name": "k8_auth", "endpoint":"", "level":"DEBUG" , "message":"X509Certificate: Alg:SHA256withRSA, Serial:2e:f5:9b:02:28:a7:db:7a:ff:d5:a3:a9:ee:bd:03:a0:cf:12:6a:1d, Subject:CN=QuoVadis Root CA 3 G3, O=QuoVadis Limited, C=BM, Issuer:CN=QuoVadis Root CA 3 G3, O=QuoVadis Limited, C=BM, Key type:RSA, Length:4096, Cert Id:3589344305, Valid from:1/12/12, 9:26 PM, Valid until:1/12/42, 9:26 PM" }
{"timestamp":"2025-06-03 08:47:55.739", "app_name": "k8_auth", "endpoint":"", "level":"DEBUG" , "message":"X509Certificate: Alg:SHA256withRSA, Serial:00, Subject:OU=Security Communication RootCA2, O="SECOM Trust Systems CO.,LTD.", C=JP, Issuer:OU=Security Communication RootCA2, O="SECOM Trust Systems CO.,LTD.", C=JP, Key type:RSA, Length:2048, Cert Id:1521072570, Valid from:5/29/09, 7:00 AM, Valid until:5/29/29, 7:00 AM" }
{"timestamp":"2025-06-03 08:47:55.740", "app_name": "k8_auth", "endpoint":"", "level":"DEBUG" , "message":"X509Certificate: Alg:SHA1withRSA, Serial:0c:f0:8e:5c:08:16:a5:ad:42:7f:f0:eb:27:18:59:d0, Subject:CN=SecureTrust CA, O=SecureTrust Corporation, C=US, Issuer:CN=SecureTrust CA, O=SecureTrust Corporation, C=US, Key type:RSA, Length:2048, Cert Id:2034155325, Valid from:11/7/06, 8:31 PM, Valid until:12/31/29, 8:40 PM" }
{"timestamp":"2025-06-03 08:47:55.740", "app_name": "k8_auth", "endpoint":"", "level":"DEBUG" , "message":"X509Certificate: Alg:SHA256withECDSA, Serial:75:e6:df:cb:c1:68:5b:a8, Subject:CN=SSL.com Root Certification Authority ECC, O=SSL Corporation, L=Houston, ST=Texas, C=US, Issuer:CN=SSL.com Root Certification Authority ECC, O=SSL Corporation, L=Houston, ST=Texas, C=US, Key type:EC, Length:384, Cert Id:2926673683, Valid from:2/12/16, 7:14 PM, Valid until:2/12/41, 7:14 PM" }
{"timestamp":"2025-06-03 08:47:55.740", "app_name": "k8_auth", "endpoint":"", "level":"DEBUG" , "message":"X509Certificate: Alg:SHA256withRSA, Serial:56:b6:29:cd:34:bc:78:f6, Subject:CN=SSL.com EV Root Certification Authority RSA R2, O=SSL Corporation, L=Houston, ST=Texas, C=US, Issuer:CN=SSL.com EV Root Certification Authority RSA R2, O=SSL Corporation, L=Houston, ST=Texas, C=US, Key type:RSA, Length:4096, Cert Id:1381862403, Valid from:5/31/17, 8:14 PM, Valid until:5/30/42, 8:14 PM" }
{"timestamp":"2025-06-03 08:47:55.740", "app_name": "k8_auth", "endpoint":"", "level":"DEBUG" , "message":"X509Certificate: Alg:SHA256withRSA, Serial:7b:2c:9b:d3:16:80:32:99, Subject:CN=SSL.com Root Certification Authority RSA, O=SSL Corporation, L=Houston, ST=Texas, C=US, Issuer:CN=SSL.com Root Certification Authority RSA, O=SSL Corporation, L=Houston, ST=Texas, C=US, Key type:RSA, Length:4096, Cert Id:156725711, Valid from:2/12/16, 6:39 PM, Valid until:2/12/41, 6:39 PM" }
{"timestamp":"2025-06-03 08:47:55.740", "app_name": "k8_auth", "endpoint":"", "level":"DEBUG" , "message":"X509Certificate: Alg:SHA384withECDSA, Serial:14:03:f5:ab:fb:37:8b:17:40:5b:e2:43:b2:a5:d1:c4, Subject:CN=SSL.com TLS ECC Root CA 2022, O=SSL Corporation, C=US, Issuer:CN=SSL.com TLS ECC Root CA 2022, O=SSL Corporation, C=US, Key type:EC, Length:384, Cert Id:683561703, Valid from:8/25/22, 6:33 PM, Valid until:8/19/46, 6:33 PM" }
{"timestamp":"2025-06-03 08:47:55.741", "app_name": "k8_auth", "endpoint":"", "level":"DEBUG" , "message":"X509Certificate: Alg:SHA256withRSA, Serial:6f:be:da:ad:73:bd:08:40:e2:8b:4d:be:d4:f7:5b:91, Subject:CN=SSL.com TLS RSA Root CA 2022, O=SSL Corporation, C=US, Issuer:CN=SSL.com TLS RSA Root CA 2022, O=SSL Corporation, C=US, Key type:RSA, Length:4096, Cert Id:556880013, Valid from:8/25/22, 6:34 PM, Valid until:8/19/46, 6:34 PM" }
{"timestamp":"2025-06-03 08:47:55.741", "app_name": "k8_auth", "endpoint":"", "level":"DEBUG" , "message":"X509Certificate: Alg:SHA1withRSA, Serial:00, Subject:OU=Starfield Class 2 Certification Authority, O="Starfield Technologies, Inc.", C=US, Issuer:OU=Starfield Class 2 Certification Authority, O="Starfield Technologies, Inc.", C=US, Key type:RSA, Length:2048, Cert Id:1825617644, Valid from:6/29/04, 7:39 PM, Valid until:6/29/34, 7:39 PM" }
{"timestamp":"2025-06-03 08:47:55.741", "app_name": "k8_auth", "endpoint":"", "level":"DEBUG" , "message":"X509Certificate: Alg:SHA256withRSA, Serial:00, Subject:CN=Starfield Root Certificate Authority - G2, O="Starfield Technologies, Inc.", L=Scottsdale, ST=Arizona, C=US, Issuer:CN=Starfield Root Certificate Authority - G2, O="Starfield Technologies, Inc.", L=Scottsdale, ST=Arizona, C=US, Key type:RSA, Length:2048, Cert Id:3268325709, Valid from:9/1/09, 2:00 AM, Valid until:1/1/38, 12:59 AM" }
{"timestamp":"2025-06-03 08:47:55.741", "app_name": "k8_auth", "endpoint":"", "level":"DEBUG" , "message":"X509Certificate: Alg:SHA256withRSA, Serial:00, Subject:CN=Starfield Services Root Certificate Authority - G2, O="Starfield Technologies, Inc.", L=Scottsdale, ST=Arizona, C=US, Issuer:CN=Starfield Services Root Certificate Authority - G2, O="Starfield Technologies, Inc.", L=Scottsdale, ST=Arizona, C=US, Key type:RSA, Length:2048, Cert Id:1964785574, Valid from:9/1/09, 2:00 AM, Valid until:1/1/38, 12:59 AM" }
{"timestamp":"2025-06-03 08:47:55.742", "app_name": "k8_auth", "endpoint":"", "level":"DEBUG" , "message":"X509Certificate: Alg:SHA1withRSA, Serial:00:bb:40:1c:43:f5:5e:4f:b0, Subject:CN=SwissSign Gold CA - G2, O=SwissSign AG, C=CH, Issuer:CN=SwissSign Gold CA - G2, O=SwissSign AG, C=CH, Key type:RSA, Length:4096, Cert Id:1516221943, Valid from:10/25/06, 10:30 AM, Valid until:10/25/36, 10:30 AM" }
{"timestamp":"2025-06-03 08:47:55.742", "app_name": "k8_auth", "endpoint":"", "level":"DEBUG" , "message":"X509Certificate: Alg:SHA1withRSA, Serial:4e:b2:00:67:0c:03:5d:4f, Subject:CN=SwissSign Platinum CA - G2, O=SwissSign AG, C=CH, Issuer:CN=SwissSign Platinum CA - G2, O=SwissSign AG, C=CH, Key type:RSA, Length:4096, Cert Id:771312514, Valid from:10/25/06, 10:36 AM, Valid until:10/25/36, 10:36 AM" }
{"timestamp":"2025-06-03 08:47:55.742", "app_name": "k8_auth", "endpoint":"", "level":"DEBUG" , "message":"X509Certificate: Alg:SHA1withRSA, Serial:4f:1b:d4:2f:54:bb:2f:4b, Subject:CN=SwissSign Silver CA - G2, O=SwissSign AG, C=CH, Issuer:CN=SwissSign Silver CA - G2, O=SwissSign AG, C=CH, Key type:RSA, Length:4096, Cert Id:126726124, Valid from:10/25/06, 10:32 AM, Valid until:10/25/36, 10:32 AM" }
{"timestamp":"2025-06-03 08:47:55.742", "app_name": "k8_auth", "endpoint":"", "level":"DEBUG" , "message":"X509Certificate: Alg:SHA256withRSA, Serial:01:67:5f:27:d6:fe:7a:e3:e4:ac:be:09:5b:05:9e, Subject:CN=Telia Root CA v2, O=Telia Finland Oyj, C=FI, Issuer:CN=Telia Root CA v2, O=Telia Finland Oyj, C=FI, Key type:RSA, Length:4096, Cert Id:3473063976, Valid from:11/29/18, 12:55 PM, Valid until:11/29/43, 12:55 PM" }
{"timestamp":"2025-06-03 08:47:55.742", "app_name": "k8_auth", "endpoint":"", "level":"DEBUG" , "message":"X509Certificate: Alg:SHA1withRSA, Serial:00:95:be:16:a0:f7:2e:46:f1:7b:39:82:72:fa:8b:cd:96, Subject:CN=TeliaSonera Root CA v1, O=TeliaSonera, Issuer:CN=TeliaSonera Root CA v1, O=TeliaSonera, Key type:RSA, Length:4096, Cert Id:1495358374, Valid from:10/18/07, 2:00 PM, Valid until:10/18/32, 2:00 PM" }
{"timestamp":"2025-06-03 08:47:55.743", "app_name": "k8_auth", "endpoint":"", "level":"DEBUG" , "message":"X509Certificate: Alg:SHA1withRSA, Serial:34:4e:d5:57:20:d5:ed:ec:49:f4:2f:ce:37:db:2b:6d, Subject:CN=thawte Primary Root CA, OU="(c) 2006 thawte, Inc. - For authorized use only", OU=Certification Services Division, O="thawte, Inc.", C=US, Issuer:CN=thawte Primary Root CA, OU="(c) 2006 thawte, Inc. - For authorized use only", OU=Certification Services Division, O="thawte, Inc.", C=US, Key type:RSA, Length:2048, Cert Id:643000026, Valid from:11/17/06, 1:00 AM, Valid until:7/17/36, 1:59 AM" }
{"timestamp":"2025-06-03 08:47:55.743", "app_name": "k8_auth", "endpoint":"", "level":"DEBUG" , "message":"X509Certificate: Alg:SHA384withECDSA, Serial:35:fc:26:5c:d9:84:4f:c9:3d:26:3d:57:9b:ae:d7:56, Subject:CN=thawte Primary Root CA - G2, OU="(c) 2007 thawte, Inc. - For authorized use only", O="thawte, Inc.", C=US, Issuer:CN=thawte Primary Root CA - G2, OU="(c) 2007 thawte, Inc. - For authorized use only", O="thawte, Inc.", C=US, Key type:EC, Length:384, Cert Id:2068083090, Valid from:11/5/07, 1:00 AM, Valid until:1/19/38, 12:59 AM" }
{"timestamp":"2025-06-03 08:47:55.743", "app_name": "k8_auth", "endpoint":"", "level":"DEBUG" , "message":"X509Certificate: Alg:SHA256withRSA, Serial:60:01:97:b7:46:a7:ea:b4:b4:9a:d6:4b:2f:f7:90:fb, Subject:CN=thawte Primary Root CA - G3, OU="(c) 2008 thawte, Inc. - For authorized use only", OU=Certification Services Division, O="thawte, Inc.", C=US, Issuer:CN=thawte Primary Root CA - G3, OU="(c) 2008 thawte, Inc. - For authorized use only", OU=Certification Services Division, O="thawte, Inc.", C=US, Key type:RSA, Length:2048, Cert Id:1032730720, Valid from:4/2/08, 2:00 AM, Valid until:12/2/37, 12:59 AM" }
{"timestamp":"2025-06-03 08:47:55.743", "app_name": "k8_auth", "endpoint":"", "level":"DEBUG" , "message":"X509Certificate: Alg:SHA256withRSA, Serial:01, Subject:CN=T-TeleSec GlobalRoot Class 2, OU=T-Systems Trust Center, O=T-Systems Enterprise Services GmbH, C=DE, Issuer:CN=T-TeleSec GlobalRoot Class 2, OU=T-Systems Trust Center, O=T-Systems Enterprise Services GmbH, C=DE, Key type:RSA, Length:2048, Cert Id:3056503257, Valid from:10/1/08, 12:40 PM, Valid until:10/2/33, 1:59 AM" }
{"timestamp":"2025-06-03 08:47:55.743", "app_name": "k8_auth", "endpoint":"", "level":"DEBUG" , "message":"X509Certificate: Alg:SHA256withRSA, Serial:01, Subject:CN=T-TeleSec GlobalRoot Class 3, OU=T-Systems Trust Center, O=T-Systems Enterprise Services GmbH, C=DE, Issuer:CN=T-TeleSec GlobalRoot Class 3, OU=T-Systems Trust Center, O=T-Systems Enterprise Services GmbH, C=DE, Key type:RSA, Length:2048, Cert Id:1894096264, Valid from:10/1/08, 12:29 PM, Valid until:10/2/33, 1:59 AM" }
{"timestamp":"2025-06-03 08:47:55.744", "app_name": "k8_auth", "endpoint":"", "level":"DEBUG" , "message":"X509Certificate: Alg:SHA256withRSA, Serial:0c:be, Subject:CN=TWCA Global Root CA, OU=Root CA, O=TAIWAN-CA, C=TW, Issuer:CN=TWCA Global Root CA, OU=Root CA, O=TAIWAN-CA, C=TW, Key type:RSA, Length:4096, Cert Id:861175838, Valid from:6/27/12, 8:28 AM, Valid until:12/31/30, 4:59 PM" }
{"timestamp":"2025-06-03 08:47:55.744", "app_name": "k8_auth", "endpoint":"", "level":"DEBUG" , "message":"X509Certificate: Alg:SHA384withECDSA, Serial:5c:8b:99:c5:5a:94:c5:d2:71:56:de:cd:89:80:cc:26, Subject:CN=USERTrust ECC Certification Authority, O=The USERTRUST Network, L=Jersey City, ST=New Jersey, C=US, Issuer:CN=USERTrust ECC Certification Authority, O=The USERTRUST Network, L=Jersey City, ST=New Jersey, C=US, Key type:EC, Length:384, Cert Id:3329287386, Valid from:2/1/10, 1:00 AM, Valid until:1/19/38, 12:59 AM" }
{"timestamp":"2025-06-03 08:47:55.744", "app_name": "k8_auth", "endpoint":"", "level":"DEBUG" , "message":"X509Certificate: Alg:SHA384withRSA, Serial:01:fd:6d:30:fc:a3:ca:51:a8:1b:bc:64:0e:35:03:2d, Subject:CN=USERTrust RSA Certification Authority, O=The USERTRUST Network, L=Jersey City, ST=New Jersey, C=US, Issuer:CN=USERTrust RSA Certification Authority, O=The USERTRUST Network, L=Jersey City, ST=New Jersey, C=US, Key type:RSA, Length:4096, Cert Id:3947601401, Valid from:2/1/10, 1:00 AM, Valid until:1/19/38, 12:59 AM" }
{"timestamp":"2025-06-03 08:47:55.745", "app_name": "k8_auth", "endpoint":"", "level":"DEBUG" , "message":"X509Certificate: Alg:SHA1withRSA, Serial:44:be:0c:8b:50:00:24:b4:11:d3:36:2d:e0:b3:5f:1b, Subject:CN=UTN-USERFirst-Object, OU=http://www.usertrust.com, O=The USERTRUST Network, L=Salt Lake City, ST=UT, C=US, Issuer:CN=UTN-USERFirst-Object, OU=http://www.usertrust.com, O=The USERTRUST Network, L=Salt Lake City, ST=UT, C=US, Key type:RSA, Length:2048, Cert Id:3997913868, Valid from:7/9/99, 8:31 PM, Valid until:7/9/19, 8:40 PM" }
{"timestamp":"2025-06-03 08:47:55.745", "app_name": "k8_auth", "endpoint":"", "level":"DEBUG" , "message":"X509Certificate: Alg:SHA1withRSA, Serial:00:9b:7e:06:49:a3:3e:62:b9:d5:ee:90:48:71:29:ef:57, Subject:CN=VeriSign Class 3 Public Primary Certification Authority - G3, OU="(c) 1999 VeriSign, Inc. - For authorized use only", OU=VeriSign Trust Network, O="VeriSign, Inc.", C=US, Issuer:CN=VeriSign Class 3 Public Primary Certification Authority - G3, OU="(c) 1999 VeriSign, Inc. - For authorized use only", OU=VeriSign Trust Network, O="VeriSign, Inc.", C=US, Key type:RSA, Length:2048, Cert Id:2057300190, Valid from:10/1/99, 2:00 AM, Valid until:7/17/36, 1:59 AM" }
{"timestamp":"2025-06-03 08:47:55.745", "app_name": "k8_auth", "endpoint":"", "level":"DEBUG" , "message":"X509Certificate: Alg:SHA384withECDSA, Serial:2f:80:fe:23:8c:0e:22:0f:48:67:12:28:91:87:ac:b3, Subject:CN=VeriSign Class 3 Public Primary Certification Authority - G4, OU="(c) 2007 VeriSign, Inc. - For authorized use only", OU=VeriSign Trust Network, O="VeriSign, Inc.", C=US, Issuer:CN=VeriSign Class 3 Public Primary Certification Authority - G4, OU="(c) 2007 VeriSign, Inc. - For authorized use only", OU=VeriSign Trust Network, O="VeriSign, Inc.", C=US, Key type:EC, Length:384, Cert Id:4163473319, Valid from:11/5/07, 1:00 AM, Valid until:1/19/38, 12:59 AM" }
{"timestamp":"2025-06-03 08:47:55.746", "app_name": "k8_auth", "endpoint":"", "level":"DEBUG" , "message":"X509Certificate: Alg:SHA1withRSA, Serial:18:da:d1:9e:26:7d:e8:bb:4a:21:58:cd:cc:6b:3b:4a, Subject:CN=VeriSign Class 3 Public Primary Certification Authority - G5, OU="(c) 2006 VeriSign, Inc. - For authorized use only", OU=VeriSign Trust Network, O="VeriSign, Inc.", C=US, Issuer:CN=VeriSign Class 3 Public Primary Certification Authority - G5, OU="(c) 2006 VeriSign, Inc. - For authorized use only", OU=VeriSign Trust Network, O="VeriSign, Inc.", C=US, Key type:RSA, Length:2048, Cert Id:303010488, Valid from:11/8/06, 1:00 AM, Valid until:7/17/36, 1:59 AM" }
{"timestamp":"2025-06-03 08:47:55.746", "app_name": "k8_auth", "endpoint":"", "level":"DEBUG" , "message":"X509Certificate: Alg:SHA256withRSA, Serial:40:1a:c4:64:21:b3:13:21:03:0e:bb:e4:12:1a:c5:1d, Subject:CN=VeriSign Universal Root Certification Authority, OU="(c) 2008 VeriSign, Inc. - For authorized use only", OU=VeriSign Trust Network, O="VeriSign, Inc.", C=US, Issuer:CN=VeriSign Universal Root Certification Authority, OU="(c) 2008 VeriSign, Inc. - For authorized use only", OU=VeriSign Trust Network, O="VeriSign, Inc.", C=US, Key type:RSA, Length:2048, Cert Id:2318285810, Valid from:4/2/08, 2:00 AM, Valid until:12/2/37, 12:59 AM" }
{"timestamp":"2025-06-03 08:47:55.746", "app_name": "k8_auth", "endpoint":"", "level":"DEBUG" , "message":"X509Certificate: Alg:SHA1withRSA, Serial:50:94:6c:ec:18:ea:d5:9c:4d:d5:97:ef:75:8f:a0:ad, Subject:CN=XRamp Global Certification Authority, O=XRamp Security Services Inc, OU=www.xrampsecurity.com, C=US, Issuer:CN=XRamp Global Certification Authority, O=XRamp Security Services Inc, OU=www.xrampsecurity.com, C=US, Key type:RSA, Length:2048, Cert Id:3342493210, Valid from:11/1/04, 6:14 PM, Valid until:1/1/35, 6:37 AM" }
{"timestamp":"2025-06-03 08:47:55.778", "app_name": "k8_auth", "endpoint":"", "level":"WARN" , "message":"Exception encountered during context initialization - cancelling refresh attempt: org.springframework.beans.factory.BeanCreationException: Error creating bean with name 'paymentController': Injection of autowired dependencies failed" }
[...]
         - @ConditionalOnClass did not find required class 'io.r2dbc.spi.ConnectionFactory' (OnClassCondition)

   R2dbcTransactionManagerAutoConfiguration:
      Did not match:
         - @ConditionalOnClass did not find required class 'org.springframework.r2dbc.connection.R2dbcTransactionManager' (OnClassCondition)

   RSocketGraphQlClientAutoConfiguration:
      Did not match:
         - @ConditionalOnClass did not find required class 'graphql.GraphQL' (OnClassCondition)

   RSocketMessagingAutoConfiguration:
      Did not match:
         - @ConditionalOnClass did not find required class 'io.rsocket.RSocket' (OnClassCondition)

   RSocketRequesterAutoConfiguration:
      Did not match:
         - @ConditionalOnClass did not find required class 'io.rsocket.RSocket' (OnClassCondition)

   RSocketSecurityAutoConfiguration:
      Did not match:
         - @ConditionalOnClass did not find required class 'org.springframework.security.rsocket.core.SecuritySocketAcceptorInterceptor' (OnClassCondition)

   RSocketServerAutoConfiguration:
      Did not match:
         - @ConditionalOnClass did not find required class 'io.rsocket.core.RSocketServer' (OnClassCondition)

   RSocketStrategiesAutoConfiguration:
      Did not match:
         - @ConditionalOnClass did not find required class 'io.netty.buffer.PooledByteBufAllocator' (OnClassCondition)

   RabbitAutoConfiguration:
      Did not match:
         - @ConditionalOnClass did not find required class 'com.rabbitmq.client.Channel' (OnClassCondition)

   RabbitHealthContributorAutoConfiguration:
      Did not match:
         - @ConditionalOnClass did not find required class 'org.springframework.amqp.rabbit.core.RabbitTemplate' (OnClassCondition)

   RabbitMetricsAutoConfiguration:
      Did not match:
         - @ConditionalOnClass did not find required class 'com.rabbitmq.client.ConnectionFactory' (OnClassCondition)

   ReactiveCloudFoundryActuatorAutoConfiguration:
      Did not match:
         - @ConditionalOnWebApplication did not find reactive web application classes (OnWebApplicationCondition)

   ReactiveElasticsearchClientAutoConfiguration:
      Did not match:
         - @ConditionalOnClass did not find required class 'co.elastic.clients.transport.ElasticsearchTransport' (OnClassCondition)

   ReactiveElasticsearchRepositoriesAutoConfiguration:
      Did not match:
         - @ConditionalOnClass did not find required class 'reactor.core.publisher.Mono' (OnClassCondition)

   ReactiveHealthEndpointConfiguration:
      Did not match:
         - @ConditionalOnClass did not find required class 'reactor.core.publisher.Flux' (OnClassCondition)

   ReactiveManagementContextAutoConfiguration:
      Did not match:
         - @ConditionalOnClass did not find required class 'reactor.core.publisher.Flux' (OnClassCondition)

   ReactiveManagementWebSecurityAutoConfiguration:
      Did not match:
         - @ConditionalOnClass did not find required class 'org.springframework.security.config.annotation.web.reactive.EnableWebFluxSecurity' (OnClassCondition)

   ReactiveMultipartAutoConfiguration:
      Did not match:
         - @ConditionalOnClass did not find required class 'org.springframework.web.reactive.config.WebFluxConfigurer' (OnClassCondition)

   ReactiveOAuth2ClientAutoConfiguration:
      Did not match:
         - @ConditionalOnClass did not find required class 'reactor.core.publisher.Flux' (OnClassCondition)

   ReactiveOAuth2ClientWebSecurityAutoConfiguration:
      Did not match:
         - @ConditionalOnClass did not find required class 'reactor.core.publisher.Flux' (OnClassCondition)

   ReactiveOAuth2ResourceServerAutoConfiguration:
      Did not match:
         - @ConditionalOnClass did not find required class 'org.springframework.security.config.annotation.web.reactive.EnableWebFluxSecurity' (OnClassCondition)

   ReactiveSecurityAutoConfiguration:
      Did not match:
         - @ConditionalOnClass did not find required class 'reactor.core.publisher.Flux' (OnClassCondition)

   ReactiveUserDetailsServiceAutoConfiguration:
      Did not match:
         - @ConditionalOnClass did not find required class 'org.springframework.security.authentication.ReactiveAuthenticationManager' (OnClassCondition)

   ReactiveWebServerFactoryAutoConfiguration:
      Did not match:
         - @ConditionalOnWebApplication did not find reactive web application classes (OnWebApplicationCondition)

   ReactorAutoConfiguration:
      Did not match:
         - @ConditionalOnClass did not find required class 'reactor.core.publisher.Hooks' (OnClassCondition)

   RedisAutoConfiguration:
      Did not match:
         - @ConditionalOnClass did not find required class 'org.springframework.data.redis.core.RedisOperations' (OnClassCondition)

   RedisCacheConfiguration:
      Did not match:
         - @ConditionalOnClass did not find required class 'org.springframework.data.redis.connection.RedisConnectionFactory' (OnClassCondition)

   RedisHealthContributorAutoConfiguration:
      Did not match:
         - @ConditionalOnClass did not find required class 'org.springframework.data.redis.connection.RedisConnectionFactory' (OnClassCondition)

   RedisReactiveAutoConfiguration:
      Did not match:
         - @ConditionalOnClass did not find required class 'reactor.core.publisher.Flux' (OnClassCondition)

   RedisReactiveHealthContributorAutoConfiguration:
      Did not match:
         - @ConditionalOnClass did not find required class 'reactor.core.publisher.Flux' (OnClassCondition)

   RedisRepositoriesAutoConfiguration:
      Did not match:
         - @ConditionalOnClass did not find required class 'org.springframework.data.redis.repository.configuration.EnableRedisRepositories' (OnClassCondition)

   RepositoryMetricsAutoConfiguration:
      Did not match:
         - @ConditionalOnClass did not find required class 'org.springframework.data.repository.Repository' (OnClassCondition)

   RepositoryRestMvcAutoConfiguration:
      Did not match:
         - @ConditionalOnClass did not find required class 'org.springframework.data.rest.webmvc.config.RepositoryRestMvcConfiguration' (OnClassCondition)

   Saml2RelyingPartyAutoConfiguration:
      Did not match:
         - @ConditionalOnClass did not find required class 'org.springframework.security.saml2.provider.service.registration.RelyingPartyRegistrationRepository' (OnClassCondition)

   SbomEndpointAutoConfiguration:
      Did not match:
         - @ConditionalOnAvailableEndpoint not exposed (OnAvailableEndpointCondition)

   ScheduledTasksEndpointAutoConfiguration:
      Did not match:
         - @ConditionalOnAvailableEndpoint not exposed (OnAvailableEndpointCondition)

   SecurityAutoConfiguration:
      Did not match:
         - @ConditionalOnClass did not find required class 'org.springframework.security.authentication.DefaultAuthenticationEventPublisher' (OnClassCondition)

   SecurityFilterAutoConfiguration:
      Did not match:
         - @ConditionalOnClass did not find required class 'org.springframework.security.config.http.SessionCreationPolicy' (OnClassCondition)

   SecurityRequestMatchersManagementContextConfiguration:
      Did not match:
         - @ConditionalOnClass did not find required class 'org.springframework.security.web.util.matcher.RequestMatcher' (OnClassCondition)

   SendGridAutoConfiguration:
      Did not match:
         - @ConditionalOnClass did not find required class 'com.sendgrid.SendGrid' (OnClassCondition)

   ServletEndpointManagementContextConfiguration.JerseyServletEndpointManagementContextConfiguration:
      Did not match:
         - @ConditionalOnClass did not find required class 'org.glassfish.jersey.server.ResourceConfig' (OnClassCondition)

   ServletManagementContextAutoConfiguration.ApplicationContextFilterConfiguration:
      Did not match:
         - @ConditionalOnBooleanProperty (management.server.add-application-context-header=true) did not find property 'management.server.add-application-context-header' (OnPropertyCondition)

   ServletWebServerFactoryAutoConfiguration.ForwardedHeaderFilterConfiguration:
      Did not match:
         - @ConditionalOnProperty (server.forward-headers-strategy=framework) did not find property 'server.forward-headers-strategy' (OnPropertyCondition)

   ServletWebServerFactoryConfiguration.EmbeddedJetty:
      Did not match:
         - @ConditionalOnClass did not find required classes 'org.eclipse.jetty.server.Server', 'org.eclipse.jetty.util.Loader', 'org.eclipse.jetty.ee10.webapp.WebAppContext' (OnClassCondition)

   ServletWebServerFactoryConfiguration.EmbeddedUndertow:
      Did not match:
         - @ConditionalOnClass did not find required classes 'io.undertow.Undertow', 'org.xnio.SslClientAuthMode' (OnClassCondition)

   SessionAutoConfiguration:
      Did not match:
         - @ConditionalOnClass did not find required class 'org.springframework.session.Session' (OnClassCondition)

   SessionsEndpointAutoConfiguration:
      Did not match:
         - @ConditionalOnClass did not find required class 'org.springframework.session.Session' (OnClassCondition)

   ShutdownEndpointAutoConfiguration:
      Did not match:
         - @ConditionalOnAvailableEndpoint the configured access for endpoint 'shutdown' is NONE (OnAvailableEndpointCondition)

   SignalFxMetricsExportAutoConfiguration:
      Did not match:
         - @ConditionalOnClass did not find required class 'io.micrometer.signalfx.SignalFxMeterRegistry' (OnClassCondition)

   SimpleMetricsExportAutoConfiguration:
      Did not match:
         - @ConditionalOnMissingBean (types: io.micrometer.core.instrument.MeterRegistry; SearchStrategy: all) found beans of type 'io.micrometer.core.instrument.MeterRegistry' otlpMeterRegistry (OnBeanCondition)
      Matched:
         - @ConditionalOnEnabledMetricsExport management.simple.metrics.export.enabled is true (OnMetricsExportEnabledCondition)

   SpringApplicationAdminJmxAutoConfiguration:
      Did not match:
         - @ConditionalOnBooleanProperty (spring.application.admin.enabled=true) did not find property 'spring.application.admin.enabled' (OnPropertyCondition)

   SpringDataWebAutoConfiguration:
      Did not match:
         - @ConditionalOnClass did not find required class 'org.springframework.data.web.PageableHandlerMethodArgumentResolver' (OnClassCondition)

   SslObservabilityAutoConfiguration#sslInfoProvider:
      Did not match:
         - @ConditionalOnMissingBean (types: org.springframework.boot.info.SslInfo; SearchStrategy: all) found beans of type 'org.springframework.boot.info.SslInfo' sslInfo (OnBeanCondition)

   StackdriverMetricsExportAutoConfiguration:
      Did not match:
         - @ConditionalOnClass did not find required class 'io.micrometer.stackdriver.StackdriverMeterRegistry' (OnClassCondition)

   StartupEndpointAutoConfiguration:
      Did not match:
         - ApplicationStartup configured applicationStartup is of type class org.springframework.core.metrics.DefaultApplicationStartup, expected BufferingApplicationStartup. (StartupEndpointAutoConfiguration.ApplicationStartupCondition)

   StatsdMetricsExportAutoConfiguration:
      Did not match:
         - @ConditionalOnClass did not find required class 'io.micrometer.statsd.StatsdMeterRegistry' (OnClassCondition)

   TaskExecutorConfigurations.SimpleAsyncTaskExecutorBuilderConfiguration#simpleAsyncTaskExecutorBuilderVirtualThreads:
      Did not match:
         - @ConditionalOnMissingBean (types: org.springframework.boot.task.SimpleAsyncTaskExecutorBuilder; SearchStrategy: all) found beans of type 'org.springframework.boot.task.SimpleAsyncTaskExecutorBuilder' simpleAsyncTaskExecutorBuilder (OnBeanCondition)

   TaskExecutorConfigurations.TaskExecutorConfiguration#applicationTaskExecutorVirtualThreads:
      Did not match:
         - @ConditionalOnThreading did not find VIRTUAL (OnThreadingCondition)

   TaskSchedulingAutoConfiguration#scheduledBeanLazyInitializationExcludeFilter:
      Did not match:
         - @ConditionalOnBean (names: org.springframework.context.annotation.internalScheduledAnnotationProcessor; SearchStrategy: all) did not find any beans named org.springframework.context.annotation.internalScheduledAnnotationProcessor (OnBeanCondition)

   TaskSchedulingConfigurations.SimpleAsyncTaskSchedulerBuilderConfiguration#simpleAsyncTaskSchedulerBuilderVirtualThreads:
      Did not match:
         - @ConditionalOnMissingBean (types: org.springframework.boot.task.SimpleAsyncTaskSchedulerBuilder; SearchStrategy: all) found beans of type 'org.springframework.boot.task.SimpleAsyncTaskSchedulerBuilder' simpleAsyncTaskSchedulerBuilder (OnBeanCondition)

   TaskSchedulingConfigurations.TaskSchedulerConfiguration:
      Did not match:
         - @ConditionalOnBean (names: org.springframework.context.annotation.internalScheduledAnnotationProcessor; SearchStrategy: all) did not find any beans named org.springframework.context.annotation.internalScheduledAnnotationProcessor (OnBeanCondition)

   ThreadDumpEndpointAutoConfiguration:
      Did not match:
         - @ConditionalOnAvailableEndpoint not exposed (OnAvailableEndpointCondition)

   ThymeleafAutoConfiguration:
      Did not match:
         - @ConditionalOnClass did not find required class 'org.thymeleaf.spring6.SpringTemplateEngine' (OnClassCondition)

   TransactionAutoConfiguration:
      Did not match:
         - @ConditionalOnClass did not find required class 'org.springframework.transaction.PlatformTransactionManager' (OnClassCondition)

   TransactionManagerCustomizationAutoConfiguration:
      Did not match:
         - @ConditionalOnClass did not find required class 'org.springframework.transaction.PlatformTransactionManager' (OnClassCondition)

   UserDetailsServiceAutoConfiguration:
      Did not match:
         - @ConditionalOnClass did not find required class 'org.springframework.security.authentication.AuthenticationManager' (OnClassCondition)

   ValidationAutoConfiguration:
      Did not match:
         - @ConditionalOnClass did not find required class 'jakarta.validation.executable.ExecutableValidator' (OnClassCondition)

   WavefrontAutoConfiguration:
      Did not match:
         - @ConditionalOnClass did not find required class 'com.wavefront.sdk.common.application.ApplicationTags' (OnClassCondition)

   WavefrontMetricsExportAutoConfiguration:
      Did not match:
         - @ConditionalOnClass did not find required class 'com.wavefront.sdk.common.WavefrontSender' (OnClassCondition)

   WavefrontTracingAutoConfiguration:
      Did not match:
         - @ConditionalOnClass did not find required class 'com.wavefront.sdk.common.WavefrontSender' (OnClassCondition)

   WebClientAutoConfiguration:
      Did not match:
         - @ConditionalOnClass did not find required class 'org.springframework.web.reactive.function.client.WebClient' (OnClassCondition)

   WebClientObservationConfiguration:
      Did not match:
         - @ConditionalOnClass did not find required class 'org.springframework.web.reactive.function.client.WebClient' (OnClassCondition)

   WebFluxAutoConfiguration:
      Did not match:
         - @ConditionalOnClass did not find required class 'org.springframework.web.reactive.config.WebFluxConfigurer' (OnClassCondition)

   WebFluxEndpointManagementContextConfiguration:
      Did not match:
         - @ConditionalOnClass did not find required class 'org.springframework.web.reactive.DispatcherHandler' (OnClassCondition)

   WebFluxObservationAutoConfiguration:
      Did not match:
         - @ConditionalOnWebApplication did not find reactive web application classes (OnWebApplicationCondition)

   WebMvcAutoConfiguration#hiddenHttpMethodFilter:
      Did not match:
         - @ConditionalOnBooleanProperty (spring.mvc.hiddenmethod.filter.enabled=true) did not find property 'spring.mvc.hiddenmethod.filter.enabled' (OnPropertyCondition)

   WebMvcAutoConfiguration.ProblemDetailsErrorHandlingConfiguration:
      Did not match:
         - @ConditionalOnBooleanProperty (spring.mvc.problemdetails.enabled=true) did not find property 'spring.mvc.problemdetails.enabled' (OnPropertyCondition)

   WebMvcAutoConfiguration.ResourceChainCustomizerConfiguration:
      Did not match:
         - @ConditionalOnEnabledResourceChain did not find class org.webjars.WebJarVersionLocator (OnEnabledResourceChainCondition)

   WebMvcAutoConfiguration.WebMvcAutoConfigurationAdapter#beanNameViewResolver:
      Did not match:
         - @ConditionalOnMissingBean (types: org.springframework.web.servlet.view.BeanNameViewResolver; SearchStrategy: all) found beans of type 'org.springframework.web.servlet.view.BeanNameViewResolver' beanNameViewResolver (OnBeanCondition)

   WebMvcEndpointManagementContextConfiguration#managementHealthEndpointWebMvcHandlerMapping:
      Did not match:
         - Management Port actual port type (SAME) did not match required type (DIFFERENT) (OnManagementPortCondition)

   WebServiceTemplateAutoConfiguration:
      Did not match:
         - @ConditionalOnClass did not find required class 'org.springframework.oxm.Marshaller' (OnClassCondition)

   WebServicesAutoConfiguration:
      Did not match:
         - @ConditionalOnClass did not find required class 'org.springframework.ws.transport.http.MessageDispatcherServlet' (OnClassCondition)

   WebSessionIdResolverAutoConfiguration:
      Did not match:
         - @ConditionalOnClass did not find required class 'reactor.core.publisher.Mono' (OnClassCondition)

   WebSocketMessagingAutoConfiguration:
      Did not match:
         - @ConditionalOnClass did not find required class 'org.springframework.web.socket.config.annotation.WebSocketMessageBrokerConfigurer' (OnClassCondition)

   WebSocketReactiveAutoConfiguration:
      Did not match:
         - @ConditionalOnWebApplication did not find reactive web application classes (OnWebApplicationCondition)

   WebSocketServletAutoConfiguration.JettyWebSocketConfiguration:
      Did not match:
         - @ConditionalOnClass did not find required class 'org.eclipse.jetty.ee10.websocket.jakarta.server.config.JakartaWebSocketServletContainerInitializer' (OnClassCondition)

   WebSocketServletAutoConfiguration.UndertowWebSocketConfiguration:
      Did not match:
         - @ConditionalOnClass did not find required class 'io.undertow.websockets.jsr.Bootstrap' (OnClassCondition)

   XADataSourceAutoConfiguration:
      Did not match:
         - @ConditionalOnClass did not find required class 'jakarta.transaction.TransactionManager' (OnClassCondition)

   ZipkinAutoConfiguration:
      Did not match:
         - @ConditionalOnClass did not find required class 'zipkin2.reporter.Encoding' (OnClassCondition)


Exclusions:
-----------

    None


Unconditional classes:
----------------------

    org.springframework.boot.autoconfigure.context.ConfigurationPropertiesAutoConfiguration

    org.springframework.boot.actuate.autoconfigure.availability.AvailabilityHealthContributorAutoConfiguration

    org.springframework.boot.autoconfigure.ssl.SslAutoConfiguration

    org.springframework.boot.actuate.autoconfigure.info.InfoContributorAutoConfiguration

    org.springframework.boot.autoconfigure.context.PropertyPlaceholderAutoConfiguration

    org.springframework.boot.autoconfigure.context.LifecycleAutoConfiguration

    org.springframework.boot.actuate.autoconfigure.metrics.integration.IntegrationMetricsAutoConfiguration

    org.springframework.boot.actuate.autoconfigure.endpoint.EndpointAutoConfiguration

    org.springframework.boot.actuate.autoconfigure.web.server.ManagementContextAutoConfiguration

    org.springframework.boot.actuate.autoconfigure.health.HealthContributorAutoConfiguration

    org.springframework.boot.actuate.autoconfigure.endpoint.jackson.JacksonEndpointAutoConfiguration

    org.springframework.boot.autoconfigure.availability.ApplicationAvailabilityAutoConfiguration

    org.springframework.boot.autoconfigure.info.ProjectInfoAutoConfiguration



]]></system-err>
  </testcase>
</testsuite>