<?xml version="1.0" encoding="UTF-8"?>
<testsuite xmlns:xsi="http://www.w3.org/2001/XMLSchema-instance" xsi:noNamespaceSchemaLocation="https://maven.apache.org/surefire/maven-surefire-plugin/xsd/surefire-test-report.xsd" version="3.0.2" name="com.maximorero.k8_auth.K8AuthApplicationTests" time="2.202" tests="1" errors="0" skipped="0" failures="0">
  <properties>
[...]
</properties>
  <testcase name="contextLoads" classname="com.maximorero.k8_auth.K8AuthApplicationTests" time="0.022">
    <system-out><![CDATA[14:09:58.786 [main] INFO org.springframework.test.context.support.AnnotationConfigContextLoaderUtils -- Could not detect default configuration classes for test class [com.maximorero.k8_auth.K8AuthApplicationTests]: K8AuthApplicationTests does not declare any static, non-private, non-final, nested classes annotated with @Configuration.
14:09:58.854 [main] INFO org.springframework.boot.test.context.SpringBootTestContextBootstrapper -- Found @SpringBootConfiguration com.maximorero.k8_auth.K8AuthApplication for test class com.maximorero.k8_auth.K8AuthApplicationTests

  .   ____          _            __ _ _
 /\\ / ___'_ __ _ _(_)_ __  __ _ \ \ \ \
( ( )\___ | '_ | '_| | '_ \/ _` | \ \ \ \
 \\/  ___)| |_)| | | | | || (_| |  ) ) ) )
  '  |____| .__|_| |_|_| |_\__, | / / / /
 =========|_|==============|___/=/_/_/_/

 :: Spring Boot ::                (v3.5.0)

{"timestamp":"2025-06-05 14:09:59.132", "app_name": "k8_auth", "endpoint":"", "level":"INFO" , "message":"Starting K8AuthApplicationTests using Java 23.0.1 with PID 26665 (started by maximorero-new in /Users/maximorero-new/Documents/maximorero14/k3smax/k8_auth)" }
{"timestamp":"2025-06-05 14:09:59.141", "app_name": "k8_auth", "endpoint":"", "level":"DEBUG" , "message":"Running with Spring Boot v3.5.0, Spring v6.2.7" }
{"timestamp":"2025-06-05 14:09:59.142", "app_name": "k8_auth", "endpoint":"", "level":"INFO" , "message":"The following 1 profile is active: "test"" }
{"timestamp":"2025-06-05 14:09:59.142", "app_name": "k8_auth", "endpoint":"", "level":"DEBUG" , "message":"Loading source class com.maximorero.k8_auth.K8AuthApplication" }
{"timestamp":"2025-06-05 14:09:59.161", "app_name": "k8_auth", "endpoint":"", "level":"DEBUG" , "message":"Refreshing org.springframework.web.context.support.GenericWebApplicationContext@2fbd390" }
{"timestamp":"2025-06-05 14:09:59.174", "app_name": "k8_auth", "endpoint":"", "level":"DEBUG" , "message":"Creating shared instance of singleton bean 'org.springframework.context.annotation.internalConfigurationAnnotationProcessor'" }
{"timestamp":"2025-06-05 14:09:59.185", "app_name": "k8_auth", "endpoint":"", "level":"DEBUG" , "message":"Creating shared instance of singleton bean 'org.springframework.boot.autoconfigure.internalCachingMetadataReaderFactory'" }
{"timestamp":"2025-06-05 14:09:59.216", "app_name": "k8_auth", "endpoint":"", "level":"DEBUG" , "message":"Identified candidate component class: file [/Users/maximorero-new/Documents/maximorero14/k3smax/k8_auth/target/classes/com/maximorero/k8_auth/config/RestTemplateConfig.class]" }
{"timestamp":"2025-06-05 14:09:59.221", "app_name": "k8_auth", "endpoint":"", "level":"DEBUG" , "message":"Identified candidate component class: file [/Users/maximorero-new/Documents/maximorero14/k3smax/k8_auth/target/classes/com/maximorero/k8_auth/controller/HealthCheckController.class]" }
{"timestamp":"2025-06-05 14:09:59.222", "app_name": "k8_auth", "endpoint":"", "level":"DEBUG" , "message":"Identified candidate component class: file [/Users/maximorero-new/Documents/maximorero14/k3smax/k8_auth/target/classes/com/maximorero/k8_auth/controller/PaymentController.class]" }
{"timestamp":"2025-06-05 14:09:59.223", "app_name": "k8_auth", "endpoint":"", "level":"DEBUG" , "message":"Identified candidate component class: file [/Users/maximorero-new/Documents/maximorero14/k3smax/k8_auth/target/classes/com/maximorero/k8_auth/rest_client/EnhancedRestClient.class]" }
{"timestamp":"2025-06-05 14:09:59.224", "app_name": "k8_auth", "endpoint":"", "level":"DEBUG" , "message":"Identified candidate component class: file [/Users/maximorero-new/Documents/maximorero14/k3smax/k8_auth/target/classes/com/maximorero/k8_auth/rest_client/TracingClientHttpRequestInterceptor.class]" }
{"timestamp":"2025-06-05 14:09:59.642", "app_name": "k8_auth", "endpoint":"", "level":"DEBUG" , "message":"Creating shared instance of singleton bean 'propertySourcesPlaceholderConfigurer'" }
{"timestamp":"2025-06-05 14:09:59.648", "app_name": "k8_auth", "endpoint":"", "level":"DEBUG" , "message":"Creating shared instance of singleton bean 'org.springframework.boot.test.mock.mockito.MockitoPostProcessor'" }
{"timestamp":"2025-06-05 14:09:59.651", "app_name": "k8_auth", "endpoint":"", "level":"DEBUG" , "message":"Creating shared instance of singleton bean 'org.springframework.boot.sql.init.dependency.DatabaseInitializationDependencyConfigurer$DependsOnDatabaseInitializationPostProcessor'" }
{"timestamp":"2025-06-05 14:09:59.686", "app_name": "k8_auth", "endpoint":"", "level":"DEBUG" , "message":"ProcessBuilder.start(): pid: 26668, dir: null, cmd: "/Users/maximorero-new/Library/Java/JavaVirtualMachines/corretto-23.0.1/Contents/Home/bin/java"" }
java.lang.RuntimeException: ProcessBuilder.start() debug
	at java.base/java.lang.ProcessBuilder.start(ProcessBuilder.java:1147)
	at java.base/java.lang.ProcessBuilder.start(ProcessBuilder.java:1089)
	at net.bytebuddy.agent.ByteBuddyAgent.installExternal(ByteBuddyAgent.java:671)
	at net.bytebuddy.agent.ByteBuddyAgent.install(ByteBuddyAgent.java:599)
	at net.bytebuddy.agent.ByteBuddyAgent.install(ByteBuddyAgent.java:579)
	at net.bytebuddy.agent.ByteBuddyAgent.install(ByteBuddyAgent.java:531)
	at net.bytebuddy.agent.ByteBuddyAgent.install(ByteBuddyAgent.java:508)
	at org.mockito.internal.PremainAttachAccess.getInstrumentation(PremainAttachAccess.java:80)
	at org.mockito.internal.creation.bytebuddy.InlineDelegateByteBuddyMockMaker.<clinit>(InlineDelegateByteBuddyMockMaker.java:138)
	at org.mockito.internal.creation.bytebuddy.InlineByteBuddyMockMaker.<init>(InlineByteBuddyMockMaker.java:23)
	at java.base/jdk.internal.reflect.DirectConstructorHandleAccessor.newInstance(DirectConstructorHandleAccessor.java:62)
	at java.base/java.lang.reflect.Constructor.newInstanceWithCaller(Constructor.java:501)
	at java.base/java.lang.reflect.Constructor.newInstance(Constructor.java:485)
	at org.mockito.internal.configuration.plugins.DefaultMockitoPlugins.create(DefaultMockitoPlugins.java:103)
	at org.mockito.internal.configuration.plugins.DefaultMockitoPlugins.getDefaultPlugin(DefaultMockitoPlugins.java:79)
	at org.mockito.internal.configuration.plugins.PluginLoader.loadPlugin(PluginLoader.java:75)
	at org.mockito.internal.configuration.plugins.PluginLoader.loadPlugin(PluginLoader.java:49)
	at org.mockito.internal.configuration.plugins.PluginRegistry.<init>(PluginRegistry.java:29)
	at org.mockito.internal.configuration.plugins.Plugins.<clinit>(Plugins.java:26)
	at org.mockito.internal.MockitoCore.<clinit>(MockitoCore.java:71)
	at org.mockito.Mockito.<clinit>(Mockito.java:1777)
	at org.springframework.boot.test.mock.mockito.MockReset.withSettings(MockReset.java:84)
	at org.springframework.boot.test.mock.mockito.MockDefinition.createMock(MockDefinition.java:150)
	at org.springframework.boot.test.mock.mockito.MockitoPostProcessor.registerMock(MockitoPostProcessor.java:190)
	at org.springframework.boot.test.mock.mockito.MockitoPostProcessor.register(MockitoPostProcessor.java:172)
	at org.springframework.boot.test.mock.mockito.MockitoPostProcessor.postProcessBeanFactory(MockitoPostProcessor.java:146)
	at org.springframework.boot.test.mock.mockito.MockitoPostProcessor.postProcessBeanFactory(MockitoPostProcessor.java:134)
	at org.springframework.context.support.PostProcessorRegistrationDelegate.invokeBeanFactoryPostProcessors(PostProcessorRegistrationDelegate.java:363)
	at org.springframework.context.support.PostProcessorRegistrationDelegate.invokeBeanFactoryPostProcessors(PostProcessorRegistrationDelegate.java:197)
	at org.springframework.context.support.AbstractApplicationContext.invokeBeanFactoryPostProcessors(AbstractApplicationContext.java:791)
	at org.springframework.context.support.AbstractApplicationContext.refresh(AbstractApplicationContext.java:609)
	at org.springframework.boot.SpringApplication.refresh(SpringApplication.java:753)
	at org.springframework.boot.SpringApplication.refreshContext(SpringApplication.java:439)
	at org.springframework.boot.SpringApplication.run(SpringApplication.java:318)
	at org.springframework.boot.test.context.SpringBootContextLoader.lambda$loadContext$3(SpringBootContextLoader.java:144)
	at org.springframework.util.function.ThrowingSupplier.get(ThrowingSupplier.java:58)
	at org.springframework.util.function.ThrowingSupplier.get(ThrowingSupplier.java:46)
	at org.springframework.boot.SpringApplication.withHook(SpringApplication.java:1462)
	at org.springframework.boot.test.context.SpringBootContextLoader$ContextLoaderHook.run(SpringBootContextLoader.java:563)
	at org.springframework.boot.test.context.SpringBootContextLoader.loadContext(SpringBootContextLoader.java:144)
	at org.springframework.boot.test.context.SpringBootContextLoader.loadContext(SpringBootContextLoader.java:110)
	at org.springframework.test.context.cache.DefaultCacheAwareContextLoaderDelegate.loadContextInternal(DefaultCacheAwareContextLoaderDelegate.java:225)
	at org.springframework.test.context.cache.DefaultCacheAwareContextLoaderDelegate.loadContext(DefaultCacheAwareContextLoaderDelegate.java:152)
	at org.springframework.test.context.support.DefaultTestContext.getApplicationContext(DefaultTestContext.java:130)
	at org.springframework.test.context.web.ServletTestExecutionListener.setUpRequestContextIfNecessary(ServletTestExecutionListener.java:200)
	at org.springframework.test.context.web.ServletTestExecutionListener.prepareTestInstance(ServletTestExecutionListener.java:139)
	at org.springframework.test.context.TestContextManager.prepareTestInstance(TestContextManager.java:260)
	at org.springframework.test.context.junit.jupiter.SpringExtension.postProcessTestInstance(SpringExtension.java:159)
	at org.junit.jupiter.engine.descriptor.ClassBasedTestDescriptor.lambda$invokeTestInstancePostProcessors$10(ClassBasedTestDescriptor.java:383)
	at org.junit.jupiter.engine.descriptor.ClassBasedTestDescriptor.executeAndMaskThrowable(ClassBasedTestDescriptor.java:388)
	at org.junit.jupiter.engine.descriptor.ClassBasedTestDescriptor.lambda$invokeTestInstancePostProcessors$11(ClassBasedTestDescriptor.java:382)
	at java.base/java.util.stream.ForEachOps$ForEachOp$OfRef.accept(ForEachOps.java:184)
	at java.base/java.util.stream.ReferencePipeline$3$1.accept(ReferencePipeline.java:215)
	at java.base/java.util.stream.ReferencePipeline$2$1.accept(ReferencePipeline.java:197)
	at java.base/java.util.stream.ReferencePipeline$3$1.accept(ReferencePipeline.java:215)
	at java.base/java.util.ArrayList$ArrayListSpliterator.forEachRemaining(ArrayList.java:1709)
	at java.base/java.util.stream.AbstractPipeline.copyInto(AbstractPipeline.java:570)
	at java.base/java.util.stream.AbstractPipeline.wrapAndCopyInto(AbstractPipeline.java:560)
	at java.base/java.util.stream.ForEachOps$ForEachOp.evaluateSequential(ForEachOps.java:151)
	at java.base/java.util.stream.ForEachOps$ForEachOp$OfRef.evaluateSequential(ForEachOps.java:174)
	at java.base/java.util.stream.AbstractPipeline.evaluate(AbstractPipeline.java:265)
	at java.base/java.util.stream.ReferencePipeline.forEach(ReferencePipeline.java:636)
	at org.junit.jupiter.engine.descriptor.ClassBasedTestDescriptor.invokeTestInstancePostProcessors(ClassBasedTestDescriptor.java:382)
	at org.junit.jupiter.engine.descriptor.ClassBasedTestDescriptor.lambda$instantiateAndPostProcessTestInstance$6(ClassBasedTestDescriptor.java:293)
	at org.junit.platform.engine.support.hierarchical.ThrowableCollector.execute(ThrowableCollector.java:73)
	at org.junit.jupiter.engine.descriptor.ClassBasedTestDescriptor.instantiateAndPostProcessTestInstance(ClassBasedTestDescriptor.java:292)
	at org.junit.jupiter.engine.descriptor.ClassBasedTestDescriptor.lambda$testInstancesProvider$4(ClassBasedTestDescriptor.java:281)
	at java.base/java.util.Optional.orElseGet(Optional.java:364)
	at org.junit.jupiter.engine.descriptor.ClassBasedTestDescriptor.lambda$testInstancesProvider$5(ClassBasedTestDescriptor.java:280)
	at org.junit.jupiter.engine.execution.TestInstancesProvider.getTestInstances(TestInstancesProvider.java:27)
	at org.junit.jupiter.engine.descriptor.TestMethodTestDescriptor.lambda$prepare$0(TestMethodTestDescriptor.java:112)
	at org.junit.platform.engine.support.hierarchical.ThrowableCollector.execute(ThrowableCollector.java:73)
	at org.junit.jupiter.engine.descriptor.TestMethodTestDescriptor.prepare(TestMethodTestDescriptor.java:111)
	at org.junit.jupiter.engine.descriptor.TestMethodTestDescriptor.prepare(TestMethodTestDescriptor.java:69)
	at org.junit.platform.engine.support.hierarchical.NodeTestTask.lambda$prepare$2(NodeTestTask.java:128)
	at org.junit.platform.engine.support.hierarchical.ThrowableCollector.execute(ThrowableCollector.java:73)
	at org.junit.platform.engine.support.hierarchical.NodeTestTask.prepare(NodeTestTask.java:128)
	at org.junit.platform.engine.support.hierarchical.NodeTestTask.execute(NodeTestTask.java:95)
	at java.base/java.util.ArrayList.forEach(ArrayList.java:1597)
	at org.junit.platform.engine.support.hierarchical.SameThreadHierarchicalTestExecutorService.invokeAll(SameThreadHierarchicalTestExecutorService.java:41)
	at org.junit.platform.engine.support.hierarchical.NodeTestTask.lambda$executeRecursively$6(NodeTestTask.java:160)
	at org.junit.platform.engine.support.hierarchical.ThrowableCollector.execute(ThrowableCollector.java:73)
	at org.junit.platform.engine.support.hierarchical.NodeTestTask.lambda$executeRecursively$8(NodeTestTask.java:146)
	at org.junit.platform.engine.support.hierarchical.Node.around(Node.java:137)
	at org.junit.platform.engine.support.hierarchical.NodeTestTask.lambda$executeRecursively$9(NodeTestTask.java:144)
	at org.junit.platform.engine.support.hierarchical.ThrowableCollector.execute(ThrowableCollector.java:73)
	at org.junit.platform.engine.support.hierarchical.NodeTestTask.executeRecursively(NodeTestTask.java:143)
	at org.junit.platform.engine.support.hierarchical.NodeTestTask.execute(NodeTestTask.java:100)
	at java.base/java.util.ArrayList.forEach(ArrayList.java:1597)
	at org.junit.platform.engine.support.hierarchical.SameThreadHierarchicalTestExecutorService.invokeAll(SameThreadHierarchicalTestExecutorService.java:41)
	at org.junit.platform.engine.support.hierarchical.NodeTestTask.lambda$executeRecursively$6(NodeTestTask.java:160)
	at org.junit.platform.engine.support.hierarchical.ThrowableCollector.execute(ThrowableCollector.java:73)
	at org.junit.platform.engine.support.hierarchical.NodeTestTask.lambda$executeRecursively$8(NodeTestTask.java:146)
	at org.junit.platform.engine.support.hierarchical.Node.around(Node.java:137)
	at org.junit.platform.engine.support.hierarchical.NodeTestTask.lambda$executeRecursively$9(NodeTestTask.java:144)
	at org.junit.platform.engine.support.hierarchical.ThrowableCollector.execute(ThrowableCollector.java:73)
	at org.junit.platform.engine.support.hierarchical.NodeTestTask.executeRecursively(NodeTestTask.java:143)
	at org.junit.platform.engine.support.hierarchical.NodeTestTask.execute(NodeTestTask.java:100)
	at org.junit.platform.engine.support.hierarchical.SameThreadHierarchicalTestExecutorService.submit(SameThreadHierarchicalTestExecutorService.java:35)
	at org.junit.platform.engine.support.hierarchical.HierarchicalTestExecutor.execute(HierarchicalTestExecutor.java:57)
	at org.junit.platform.engine.support.hierarchical.HierarchicalTestEngine.execute(HierarchicalTestEngine.java:54)
	at org.junit.platform.launcher.core.EngineExecutionOrchestrator.execute(EngineExecutionOrchestrator.java:201)
	at org.junit.platform.launcher.core.EngineExecutionOrchestrator.execute(EngineExecutionOrchestrator.java:170)
	at org.junit.platform.launcher.core.EngineExecutionOrchestrator.execute(EngineExecutionOrchestrator.java:94)
	at org.junit.platform.launcher.core.EngineExecutionOrchestrator.lambda$execute$0(EngineExecutionOrchestrator.java:59)
	at org.junit.platform.launcher.core.EngineExecutionOrchestrator.withInterceptedStreams(EngineExecutionOrchestrator.java:142)
	at org.junit.platform.launcher.core.EngineExecutionOrchestrator.execute(EngineExecutionOrchestrator.java:58)
	at org.junit.platform.launcher.core.DefaultLauncher.execute(DefaultLauncher.java:103)
	at org.junit.platform.launcher.core.DefaultLauncher.execute(DefaultLauncher.java:85)
	at org.junit.platform.launcher.core.DelegatingLauncher.execute(DelegatingLauncher.java:47)
	at org.junit.platform.launcher.core.InterceptingLauncher.lambda$execute$1(InterceptingLauncher.java:39)
	at org.junit.platform.launcher.core.ClasspathAlignmentCheckingLauncherInterceptor.intercept(ClasspathAlignmentCheckingLauncherInterceptor.java:25)
	at org.junit.platform.launcher.core.InterceptingLauncher.execute(InterceptingLauncher.java:38)
	at org.junit.platform.launcher.core.DelegatingLauncher.execute(DelegatingLauncher.java:47)
	at org.apache.maven.surefire.junitplatform.LazyLauncher.execute(LazyLauncher.java:56)
	at org.apache.maven.surefire.junitplatform.JUnitPlatformProvider.execute(JUnitPlatformProvider.java:194)
	at org.apache.maven.surefire.junitplatform.JUnitPlatformProvider.invokeAllTests(JUnitPlatformProvider.java:150)
	at org.apache.maven.surefire.junitplatform.JUnitPlatformProvider.invoke(JUnitPlatformProvider.java:124)
	at org.apache.maven.surefire.booter.ForkedBooter.runSuitesInProcess(ForkedBooter.java:385)
	at org.apache.maven.surefire.booter.ForkedBooter.execute(ForkedBooter.java:162)
	at org.apache.maven.surefire.booter.ForkedBooter.run(ForkedBooter.java:507)
	at org.apache.maven.surefire.booter.ForkedBooter.main(ForkedBooter.java:495)
{"timestamp":"2025-06-05 14:10:00.202", "app_name": "k8_auth", "endpoint":"", "level":"DEBUG" , "message":"Creating shared instance of singleton bean 'org.springframework.context.event.internalEventListenerProcessor'" }
{"timestamp":"2025-06-05 14:10:00.204", "app_name": "k8_auth", "endpoint":"", "level":"DEBUG" , "message":"Creating shared instance of singleton bean 'bootstrapExecutorAliasPostProcessor'" }
{"timestamp":"2025-06-05 14:10:00.205", "app_name": "k8_auth", "endpoint":"", "level":"DEBUG" , "message":"Creating shared instance of singleton bean 'preserveErrorControllerTargetClassPostProcessor'" }
{"timestamp":"2025-06-05 14:10:00.205", "app_name": "k8_auth", "endpoint":"", "level":"DEBUG" , "message":"Creating shared instance of singleton bean 'forceAutoProxyCreatorToUseClassProxying'" }
{"timestamp":"2025-06-05 14:10:00.206", "app_name": "k8_auth", "endpoint":"", "level":"DEBUG" , "message":"Creating shared instance of singleton bean 'org.springframework.context.event.internalEventListenerFactory'" }
{"timestamp":"2025-06-05 14:10:00.214", "app_name": "k8_auth", "endpoint":"", "level":"DEBUG" , "message":"Creating shared instance of singleton bean 'org.springframework.boot.test.mock.mockito.MockitoPostProcessor$SpyPostProcessor'" }
{"timestamp":"2025-06-05 14:10:00.214", "app_name": "k8_auth", "endpoint":"", "level":"DEBUG" , "message":"Creating shared instance of singleton bean 'org.springframework.context.annotation.internalAutowiredAnnotationProcessor'" }
{"timestamp":"2025-06-05 14:10:00.220", "app_name": "k8_auth", "endpoint":"", "level":"DEBUG" , "message":"Creating shared instance of singleton bean 'org.springframework.context.annotation.internalCommonAnnotationProcessor'" }
{"timestamp":"2025-06-05 14:10:00.223", "app_name": "k8_auth", "endpoint":"", "level":"DEBUG" , "message":"Creating shared instance of singleton bean 'org.springframework.boot.context.properties.ConfigurationPropertiesBindingPostProcessor'" }
{"timestamp":"2025-06-05 14:10:00.223", "app_name": "k8_auth", "endpoint":"", "level":"DEBUG" , "message":"Creating shared instance of singleton bean 'org.springframework.boot.context.internalConfigurationPropertiesBinder'" }
{"timestamp":"2025-06-05 14:10:00.226", "app_name": "k8_auth", "endpoint":"", "level":"DEBUG" , "message":"Creating shared instance of singleton bean 'org.springframework.aop.config.internalAutoProxyCreator'" }
{"timestamp":"2025-06-05 14:10:00.235", "app_name": "k8_auth", "endpoint":"", "level":"DEBUG" , "message":"Creating shared instance of singleton bean 'webServerFactoryCustomizerBeanPostProcessor'" }
{"timestamp":"2025-06-05 14:10:00.236", "app_name": "k8_auth", "endpoint":"", "level":"DEBUG" , "message":"Creating shared instance of singleton bean 'errorPageRegistrarBeanPostProcessor'" }
{"timestamp":"2025-06-05 14:10:00.236", "app_name": "k8_auth", "endpoint":"", "level":"DEBUG" , "message":"Creating shared instance of singleton bean 'healthEndpointGroupsBeanPostProcessor'" }
{"timestamp":"2025-06-05 14:10:00.240", "app_name": "k8_auth", "endpoint":"", "level":"DEBUG" , "message":"Creating shared instance of singleton bean 'meterRegistryPostProcessor'" }
{"timestamp":"2025-06-05 14:10:00.241", "app_name": "k8_auth", "endpoint":"", "level":"DEBUG" , "message":"Autowiring by type from bean name 'meterRegistryPostProcessor' via factory method to bean named 'org.springframework.web.context.support.GenericWebApplicationContext@2fbd390'" }
{"timestamp":"2025-06-05 14:10:00.243", "app_name": "k8_auth", "endpoint":"", "level":"DEBUG" , "message":"Creating shared instance of singleton bean 'observationRegistryPostProcessor'" }
{"timestamp":"2025-06-05 14:10:00.247", "app_name": "k8_auth", "endpoint":"", "level":"DEBUG" , "message":"Unable to locate ThemeSource with name 'themeSource': using default [org.springframework.ui.context.support.ResourceBundleThemeSource@6924ff83]" }
{"timestamp":"2025-06-05 14:10:00.247", "app_name": "k8_auth", "endpoint":"", "level":"DEBUG" , "message":"Creating shared instance of singleton bean 'applicationTaskExecutor'" }
{"timestamp":"2025-06-05 14:10:00.248", "app_name": "k8_auth", "endpoint":"", "level":"DEBUG" , "message":"Creating shared instance of singleton bean 'org.springframework.boot.autoconfigure.task.TaskExecutorConfigurations$TaskExecutorConfiguration'" }
{"timestamp":"2025-06-05 14:10:00.249", "app_name": "k8_auth", "endpoint":"", "level":"DEBUG" , "message":"Creating shared instance of singleton bean 'threadPoolTaskExecutorBuilder'" }
{"timestamp":"2025-06-05 14:10:00.249", "app_name": "k8_auth", "endpoint":"", "level":"DEBUG" , "message":"Creating shared instance of singleton bean 'org.springframework.boot.autoconfigure.task.TaskExecutorConfigurations$ThreadPoolTaskExecutorBuilderConfiguration'" }
{"timestamp":"2025-06-05 14:10:00.250", "app_name": "k8_auth", "endpoint":"", "level":"DEBUG" , "message":"Creating shared instance of singleton bean 'spring.task.execution-org.springframework.boot.autoconfigure.task.TaskExecutionProperties'" }
{"timestamp":"2025-06-05 14:10:00.250", "app_name": "k8_auth", "endpoint":"", "level":"DEBUG" , "message":"Creating shared instance of singleton bean 'org.springframework.boot.context.properties.BoundConfigurationProperties'" }
{"timestamp":"2025-06-05 14:10:00.256", "app_name": "k8_auth", "endpoint":"", "level":"DEBUG" , "message":"Autowiring by type from bean name 'threadPoolTaskExecutorBuilder' via factory method to bean named 'spring.task.execution-org.springframework.boot.autoconfigure.task.TaskExecutionProperties'" }
{"timestamp":"2025-06-05 14:10:00.259", "app_name": "k8_auth", "endpoint":"", "level":"DEBUG" , "message":"Autowiring by type from bean name 'applicationTaskExecutor' via factory method to bean named 'threadPoolTaskExecutorBuilder'" }
{"timestamp":"2025-06-05 14:10:00.264", "app_name": "k8_auth", "endpoint":"", "level":"DEBUG" , "message":"Initializing ExecutorService 'applicationTaskExecutor'" }
{"timestamp":"2025-06-05 14:10:00.265", "app_name": "k8_auth", "endpoint":"", "level":"DEBUG" , "message":"Creating shared instance of singleton bean 'org.springframework.test.context.support.internalDynamicPropertyRegistrarBeanInitializer'" }
{"timestamp":"2025-06-05 14:10:00.266", "app_name": "k8_auth", "endpoint":"", "level":"DEBUG" , "message":"Creating shared instance of singleton bean 'k8AuthApplication'" }
{"timestamp":"2025-06-05 14:10:00.266", "app_name": "k8_auth", "endpoint":"", "level":"DEBUG" , "message":"Creating shared instance of singleton bean 'restTemplateConfig'" }
{"timestamp":"2025-06-05 14:10:00.267", "app_name": "k8_auth", "endpoint":"", "level":"DEBUG" , "message":"Creating shared instance of singleton bean 'healthCheckController'" }
{"timestamp":"2025-06-05 14:10:00.269", "app_name": "k8_auth", "endpoint":"", "level":"DEBUG" , "message":"Creating shared instance of singleton bean 'paymentController'" }
{"timestamp":"2025-06-05 14:10:00.274", "app_name": "k8_auth", "endpoint":"", "level":"DEBUG" , "message":"Creating shared instance of singleton bean 'enhancedRestClient'" }
{"timestamp":"2025-06-05 14:10:00.276", "app_name": "k8_auth", "endpoint":"", "level":"DEBUG" , "message":"Found key 'services.payment.url' in PropertySource 'environmentProperties' with value of type String" }
{"timestamp":"2025-06-05 14:10:00.276", "app_name": "k8_auth", "endpoint":"", "level":"DEBUG" , "message":"Creating shared instance of singleton bean 'tracingClientHttpRequestInterceptor'" }
{"timestamp":"2025-06-05 14:10:00.277", "app_name": "k8_auth", "endpoint":"", "level":"DEBUG" , "message":"Creating shared instance of singleton bean 'org.springframework.boot.autoconfigure.AutoConfigurationPackages'" }
{"timestamp":"2025-06-05 14:10:00.278", "app_name": "k8_auth", "endpoint":"", "level":"DEBUG" , "message":"Creating shared instance of singleton bean 'org.springframework.boot.autoconfigure.context.PropertyPlaceholderAutoConfiguration'" }
{"timestamp":"2025-06-05 14:10:00.278", "app_name": "k8_auth", "endpoint":"", "level":"DEBUG" , "message":"Creating shared instance of singleton bean 'org.springframework.boot.autoconfigure.ssl.SslAutoConfiguration'" }
{"timestamp":"2025-06-05 14:10:00.279", "app_name": "k8_auth", "endpoint":"", "level":"DEBUG" , "message":"Creating shared instance of singleton bean 'spring.ssl-org.springframework.boot.autoconfigure.ssl.SslProperties'" }
{"timestamp":"2025-06-05 14:10:00.279", "app_name": "k8_auth", "endpoint":"", "level":"DEBUG" , "message":"Autowiring by type from bean name 'org.springframework.boot.autoconfigure.ssl.SslAutoConfiguration' via constructor to bean named 'org.springframework.web.context.support.GenericWebApplicationContext@2fbd390'" }
{"timestamp":"2025-06-05 14:10:00.280", "app_name": "k8_auth", "endpoint":"", "level":"DEBUG" , "message":"Autowiring by type from bean name 'org.springframework.boot.autoconfigure.ssl.SslAutoConfiguration' via constructor to bean named 'spring.ssl-org.springframework.boot.autoconfigure.ssl.SslProperties'" }
{"timestamp":"2025-06-05 14:10:00.281", "app_name": "k8_auth", "endpoint":"", "level":"DEBUG" , "message":"Creating shared instance of singleton bean 'fileWatcher'" }
{"timestamp":"2025-06-05 14:10:00.282", "app_name": "k8_auth", "endpoint":"", "level":"DEBUG" , "message":"Creating shared instance of singleton bean 'sslPropertiesSslBundleRegistrar'" }
{"timestamp":"2025-06-05 14:10:00.283", "app_name": "k8_auth", "endpoint":"", "level":"DEBUG" , "message":"Autowiring by type from bean name 'sslPropertiesSslBundleRegistrar' via factory method to bean named 'fileWatcher'" }
{"timestamp":"2025-06-05 14:10:00.284", "app_name": "k8_auth", "endpoint":"", "level":"DEBUG" , "message":"Creating shared instance of singleton bean 'sslBundleRegistry'" }
{"timestamp":"2025-06-05 14:10:00.288", "app_name": "k8_auth", "endpoint":"", "level":"DEBUG" , "message":"Creating shared instance of singleton bean 'org.springframework.boot.context.properties.EnableConfigurationPropertiesRegistrar.methodValidationExcludeFilter'" }
{"timestamp":"2025-06-05 14:10:00.289", "app_name": "k8_auth", "endpoint":"", "level":"DEBUG" , "message":"Creating shared instance of singleton bean 'org.springframework.boot.autoconfigure.websocket.servlet.WebSocketServletAutoConfiguration$TomcatWebSocketConfiguration'" }
{"timestamp":"2025-06-05 14:10:00.289", "app_name": "k8_auth", "endpoint":"", "level":"DEBUG" , "message":"Creating shared instance of singleton bean 'websocketServletWebServerCustomizer'" }
{"timestamp":"2025-06-05 14:10:00.291", "app_name": "k8_auth", "endpoint":"", "level":"DEBUG" , "message":"Creating shared instance of singleton bean 'org.springframework.boot.autoconfigure.websocket.servlet.WebSocketServletAutoConfiguration'" }
{"timestamp":"2025-06-05 14:10:00.291", "app_name": "k8_auth", "endpoint":"", "level":"DEBUG" , "message":"Creating shared instance of singleton bean 'org.springframework.boot.autoconfigure.web.servlet.ServletWebServerFactoryConfiguration$EmbeddedTomcat'" }
{"timestamp":"2025-06-05 14:10:00.291", "app_name": "k8_auth", "endpoint":"", "level":"DEBUG" , "message":"Creating shared instance of singleton bean 'tomcatServletWebServerFactory'" }
{"timestamp":"2025-06-05 14:10:00.322", "app_name": "k8_auth", "endpoint":"", "level":"DEBUG" , "message":"Creating shared instance of singleton bean 'servletWebServerFactoryCustomizer'" }
{"timestamp":"2025-06-05 14:10:00.323", "app_name": "k8_auth", "endpoint":"", "level":"DEBUG" , "message":"Creating shared instance of singleton bean 'org.springframework.boot.autoconfigure.web.servlet.ServletWebServerFactoryAutoConfiguration'" }
{"timestamp":"2025-06-05 14:10:00.323", "app_name": "k8_auth", "endpoint":"", "level":"DEBUG" , "message":"Creating shared instance of singleton bean 'server-org.springframework.boot.autoconfigure.web.ServerProperties'" }
{"timestamp":"2025-06-05 14:10:00.328", "app_name": "k8_auth", "endpoint":"", "level":"DEBUG" , "message":"Autowiring by type from bean name 'servletWebServerFactoryCustomizer' via factory method to bean named 'server-org.springframework.boot.autoconfigure.web.ServerProperties'" }
{"timestamp":"2025-06-05 14:10:00.332", "app_name": "k8_auth", "endpoint":"", "level":"DEBUG" , "message":"Creating shared instance of singleton bean 'tomcatServletWebServerFactoryCustomizer'" }
{"timestamp":"2025-06-05 14:10:00.332", "app_name": "k8_auth", "endpoint":"", "level":"DEBUG" , "message":"Autowiring by type from bean name 'tomcatServletWebServerFactoryCustomizer' via factory method to bean named 'server-org.springframework.boot.autoconfigure.web.ServerProperties'" }
{"timestamp":"2025-06-05 14:10:00.333", "app_name": "k8_auth", "endpoint":"", "level":"DEBUG" , "message":"Creating shared instance of singleton bean 'localeCharsetMappingsCustomizer'" }
{"timestamp":"2025-06-05 14:10:00.333", "app_name": "k8_auth", "endpoint":"", "level":"DEBUG" , "message":"Creating shared instance of singleton bean 'org.springframework.boot.autoconfigure.web.servlet.HttpEncodingAutoConfiguration'" }
{"timestamp":"2025-06-05 14:10:00.333", "app_name": "k8_auth", "endpoint":"", "level":"DEBUG" , "message":"Autowiring by type from bean name 'org.springframework.boot.autoconfigure.web.servlet.HttpEncodingAutoConfiguration' via constructor to bean named 'server-org.springframework.boot.autoconfigure.web.ServerProperties'" }
{"timestamp":"2025-06-05 14:10:00.338", "app_name": "k8_auth", "endpoint":"", "level":"DEBUG" , "message":"Creating shared instance of singleton bean 'errorPageCustomizer'" }
{"timestamp":"2025-06-05 14:10:00.338", "app_name": "k8_auth", "endpoint":"", "level":"DEBUG" , "message":"Creating shared instance of singleton bean 'org.springframework.boot.autoconfigure.web.servlet.error.ErrorMvcAutoConfiguration'" }
{"timestamp":"2025-06-05 14:10:00.339", "app_name": "k8_auth", "endpoint":"", "level":"DEBUG" , "message":"Autowiring by type from bean name 'org.springframework.boot.autoconfigure.web.servlet.error.ErrorMvcAutoConfiguration' via constructor to bean named 'server-org.springframework.boot.autoconfigure.web.ServerProperties'" }
{"timestamp":"2025-06-05 14:10:00.339", "app_name": "k8_auth", "endpoint":"", "level":"DEBUG" , "message":"Creating shared instance of singleton bean 'dispatcherServletRegistration'" }
{"timestamp":"2025-06-05 14:10:00.339", "app_name": "k8_auth", "endpoint":"", "level":"DEBUG" , "message":"Creating shared instance of singleton bean 'org.springframework.boot.autoconfigure.web.servlet.DispatcherServletAutoConfiguration$DispatcherServletRegistrationConfiguration'" }
{"timestamp":"2025-06-05 14:10:00.339", "app_name": "k8_auth", "endpoint":"", "level":"DEBUG" , "message":"Creating shared instance of singleton bean 'dispatcherServlet'" }
{"timestamp":"2025-06-05 14:10:00.339", "app_name": "k8_auth", "endpoint":"", "level":"DEBUG" , "message":"Creating shared instance of singleton bean 'org.springframework.boot.autoconfigure.web.servlet.DispatcherServletAutoConfiguration$DispatcherServletConfiguration'" }
{"timestamp":"2025-06-05 14:10:00.340", "app_name": "k8_auth", "endpoint":"", "level":"DEBUG" , "message":"Creating shared instance of singleton bean 'spring.mvc-org.springframework.boot.autoconfigure.web.servlet.WebMvcProperties'" }
{"timestamp":"2025-06-05 14:10:00.341", "app_name": "k8_auth", "endpoint":"", "level":"DEBUG" , "message":"Autowiring by type from bean name 'dispatcherServlet' via factory method to bean named 'spring.mvc-org.springframework.boot.autoconfigure.web.servlet.WebMvcProperties'" }
{"timestamp":"2025-06-05 14:10:00.351", "app_name": "k8_auth", "endpoint":"", "level":"DEBUG" , "message":"Autowiring by type from bean name 'dispatcherServletRegistration' via factory method to bean named 'dispatcherServlet'" }
{"timestamp":"2025-06-05 14:10:00.351", "app_name": "k8_auth", "endpoint":"", "level":"DEBUG" , "message":"Autowiring by type from bean name 'dispatcherServletRegistration' via factory method to bean named 'spring.mvc-org.springframework.boot.autoconfigure.web.servlet.WebMvcProperties'" }
{"timestamp":"2025-06-05 14:10:00.352", "app_name": "k8_auth", "endpoint":"", "level":"DEBUG" , "message":"Creating shared instance of singleton bean 'multipartConfigElement'" }
{"timestamp":"2025-06-05 14:10:00.352", "app_name": "k8_auth", "endpoint":"", "level":"DEBUG" , "message":"Creating shared instance of singleton bean 'org.springframework.boot.autoconfigure.web.servlet.MultipartAutoConfiguration'" }
{"timestamp":"2025-06-05 14:10:00.352", "app_name": "k8_auth", "endpoint":"", "level":"DEBUG" , "message":"Creating shared instance of singleton bean 'spring.servlet.multipart-org.springframework.boot.autoconfigure.web.servlet.MultipartProperties'" }
{"timestamp":"2025-06-05 14:10:00.354", "app_name": "k8_auth", "endpoint":"", "level":"DEBUG" , "message":"Autowiring by type from bean name 'org.springframework.boot.autoconfigure.web.servlet.MultipartAutoConfiguration' via constructor to bean named 'spring.servlet.multipart-org.springframework.boot.autoconfigure.web.servlet.MultipartProperties'" }
{"timestamp":"2025-06-05 14:10:00.357", "app_name": "k8_auth", "endpoint":"", "level":"DEBUG" , "message":"Autowiring by type from bean name 'errorPageCustomizer' via factory method to bean named 'dispatcherServletRegistration'" }
{"timestamp":"2025-06-05 14:10:00.358", "app_name": "k8_auth", "endpoint":"", "level":"DEBUG" , "message":"Creating shared instance of singleton bean 'org.springframework.boot.autoconfigure.web.servlet.DispatcherServletAutoConfiguration'" }
{"timestamp":"2025-06-05 14:10:00.358", "app_name": "k8_auth", "endpoint":"", "level":"DEBUG" , "message":"Creating shared instance of singleton bean 'org.springframework.boot.autoconfigure.task.TaskExecutorConfigurations$SimpleAsyncTaskExecutorBuilderConfiguration'" }
{"timestamp":"2025-06-05 14:10:00.358", "app_name": "k8_auth", "endpoint":"", "level":"DEBUG" , "message":"Autowiring by type from bean name 'org.springframework.boot.autoconfigure.task.TaskExecutorConfigurations$SimpleAsyncTaskExecutorBuilderConfiguration' via constructor to bean named 'spring.task.execution-org.springframework.boot.autoconfigure.task.TaskExecutionProperties'" }
{"timestamp":"2025-06-05 14:10:00.358", "app_name": "k8_auth", "endpoint":"", "level":"DEBUG" , "message":"Creating shared instance of singleton bean 'simpleAsyncTaskExecutorBuilder'" }
{"timestamp":"2025-06-05 14:10:00.359", "app_name": "k8_auth", "endpoint":"", "level":"DEBUG" , "message":"Creating shared instance of singleton bean 'org.springframework.boot.autoconfigure.task.TaskExecutorConfigurations$AsyncConfigurerConfiguration'" }
{"timestamp":"2025-06-05 14:10:00.359", "app_name": "k8_auth", "endpoint":"", "level":"DEBUG" , "message":"Creating shared instance of singleton bean 'applicationTaskExecutorAsyncConfigurer'" }
{"timestamp":"2025-06-05 14:10:00.360", "app_name": "k8_auth", "endpoint":"", "level":"DEBUG" , "message":"Autowiring by type from bean name 'applicationTaskExecutorAsyncConfigurer' via factory method to bean named 'org.springframework.beans.factory.support.DefaultListableBeanFactory@1a01ffff'" }
{"timestamp":"2025-06-05 14:10:00.360", "app_name": "k8_auth", "endpoint":"", "level":"DEBUG" , "message":"Creating shared instance of singleton bean 'org.springframework.boot.autoconfigure.task.TaskExecutorConfigurations$BootstrapExecutorConfiguration'" }
{"timestamp":"2025-06-05 14:10:00.361", "app_name": "k8_auth", "endpoint":"", "level":"DEBUG" , "message":"Creating shared instance of singleton bean 'org.springframework.boot.autoconfigure.task.TaskExecutionAutoConfiguration'" }
{"timestamp":"2025-06-05 14:10:00.361", "app_name": "k8_auth", "endpoint":"", "level":"DEBUG" , "message":"Creating shared instance of singleton bean 'org.springframework.boot.autoconfigure.web.servlet.error.ErrorMvcAutoConfiguration$WhitelabelErrorViewConfiguration'" }
{"timestamp":"2025-06-05 14:10:00.361", "app_name": "k8_auth", "endpoint":"", "level":"DEBUG" , "message":"Creating shared instance of singleton bean 'error'" }
{"timestamp":"2025-06-05 14:10:00.361", "app_name": "k8_auth", "endpoint":"", "level":"DEBUG" , "message":"Creating shared instance of singleton bean 'beanNameViewResolver'" }
{"timestamp":"2025-06-05 14:10:00.362", "app_name": "k8_auth", "endpoint":"", "level":"DEBUG" , "message":"Creating shared instance of singleton bean 'org.springframework.boot.autoconfigure.web.servlet.error.ErrorMvcAutoConfiguration$DefaultErrorViewResolverConfiguration'" }
{"timestamp":"2025-06-05 14:10:00.363", "app_name": "k8_auth", "endpoint":"", "level":"DEBUG" , "message":"Creating shared instance of singleton bean 'spring.web-org.springframework.boot.autoconfigure.web.WebProperties'" }
{"timestamp":"2025-06-05 14:10:00.364", "app_name": "k8_auth", "endpoint":"", "level":"DEBUG" , "message":"Autowiring by type from bean name 'org.springframework.boot.autoconfigure.web.servlet.error.ErrorMvcAutoConfiguration$DefaultErrorViewResolverConfiguration' via constructor to bean named 'org.springframework.web.context.support.GenericWebApplicationContext@2fbd390'" }
{"timestamp":"2025-06-05 14:10:00.365", "app_name": "k8_auth", "endpoint":"", "level":"DEBUG" , "message":"Autowiring by type from bean name 'org.springframework.boot.autoconfigure.web.servlet.error.ErrorMvcAutoConfiguration$DefaultErrorViewResolverConfiguration' via constructor to bean named 'spring.web-org.springframework.boot.autoconfigure.web.WebProperties'" }
{"timestamp":"2025-06-05 14:10:00.365", "app_name": "k8_auth", "endpoint":"", "level":"DEBUG" , "message":"Creating shared instance of singleton bean 'conventionErrorViewResolver'" }
{"timestamp":"2025-06-05 14:10:00.366", "app_name": "k8_auth", "endpoint":"", "level":"DEBUG" , "message":"Creating shared instance of singleton bean 'errorAttributes'" }
{"timestamp":"2025-06-05 14:10:00.367", "app_name": "k8_auth", "endpoint":"", "level":"DEBUG" , "message":"Creating shared instance of singleton bean 'basicErrorController'" }
{"timestamp":"2025-06-05 14:10:00.368", "app_name": "k8_auth", "endpoint":"", "level":"DEBUG" , "message":"Autowiring by type from bean name 'basicErrorController' via factory method to bean named 'errorAttributes'" }
{"timestamp":"2025-06-05 14:10:00.371", "app_name": "k8_auth", "endpoint":"", "level":"DEBUG" , "message":"Creating shared instance of singleton bean 'org.springframework.boot.autoconfigure.web.servlet.WebMvcAutoConfiguration$EnableWebMvcConfiguration'" }
{"timestamp":"2025-06-05 14:10:00.371", "app_name": "k8_auth", "endpoint":"", "level":"DEBUG" , "message":"Autowiring by type from bean name 'org.springframework.boot.autoconfigure.web.servlet.WebMvcAutoConfiguration$EnableWebMvcConfiguration' via constructor to bean named 'spring.mvc-org.springframework.boot.autoconfigure.web.servlet.WebMvcProperties'" }
{"timestamp":"2025-06-05 14:10:00.371", "app_name": "k8_auth", "endpoint":"", "level":"DEBUG" , "message":"Autowiring by type from bean name 'org.springframework.boot.autoconfigure.web.servlet.WebMvcAutoConfiguration$EnableWebMvcConfiguration' via constructor to bean named 'spring.web-org.springframework.boot.autoconfigure.web.WebProperties'" }
{"timestamp":"2025-06-05 14:10:00.371", "app_name": "k8_auth", "endpoint":"", "level":"DEBUG" , "message":"Autowiring by type from bean name 'org.springframework.boot.autoconfigure.web.servlet.WebMvcAutoConfiguration$EnableWebMvcConfiguration' via constructor to bean named 'org.springframework.beans.factory.support.DefaultListableBeanFactory@1a01ffff'" }
{"timestamp":"2025-06-05 14:10:00.374", "app_name": "k8_auth", "endpoint":"", "level":"DEBUG" , "message":"Creating shared instance of singleton bean 'org.springframework.boot.autoconfigure.web.servlet.WebMvcAutoConfiguration$WebMvcAutoConfigurationAdapter'" }
{"timestamp":"2025-06-05 14:10:00.374", "app_name": "k8_auth", "endpoint":"", "level":"DEBUG" , "message":"Autowiring by type from bean name 'org.springframework.boot.autoconfigure.web.servlet.WebMvcAutoConfiguration$WebMvcAutoConfigurationAdapter' via constructor to bean named 'spring.web-org.springframework.boot.autoconfigure.web.WebProperties'" }
{"timestamp":"2025-06-05 14:10:00.374", "app_name": "k8_auth", "endpoint":"", "level":"DEBUG" , "message":"Autowiring by type from bean name 'org.springframework.boot.autoconfigure.web.servlet.WebMvcAutoConfiguration$WebMvcAutoConfigurationAdapter' via constructor to bean named 'spring.mvc-org.springframework.boot.autoconfigure.web.servlet.WebMvcProperties'" }
{"timestamp":"2025-06-05 14:10:00.374", "app_name": "k8_auth", "endpoint":"", "level":"DEBUG" , "message":"Autowiring by type from bean name 'org.springframework.boot.autoconfigure.web.servlet.WebMvcAutoConfiguration$WebMvcAutoConfigurationAdapter' via constructor to bean named 'org.springframework.beans.factory.support.DefaultListableBeanFactory@1a01ffff'" }
{"timestamp":"2025-06-05 14:10:00.376", "app_name": "k8_auth", "endpoint":"", "level":"DEBUG" , "message":"Creating shared instance of singleton bean 'endpointObjectMapperWebMvcConfigurer'" }
{"timestamp":"2025-06-05 14:10:00.376", "app_name": "k8_auth", "endpoint":"", "level":"DEBUG" , "message":"Creating shared instance of singleton bean 'endpointObjectMapper'" }
{"timestamp":"2025-06-05 14:10:00.376", "app_name": "k8_auth", "endpoint":"", "level":"DEBUG" , "message":"Creating shared instance of singleton bean 'org.springframework.boot.actuate.autoconfigure.endpoint.jackson.JacksonEndpointAutoConfiguration'" }
{"timestamp":"2025-06-05 14:10:00.377", "app_name": "k8_auth", "endpoint":"", "level":"DEBUG" , "message":"Autowiring by type from bean name 'endpointObjectMapperWebMvcConfigurer' via factory method to bean named 'endpointObjectMapper'" }
{"timestamp":"2025-06-05 14:10:00.378", "app_name": "k8_auth", "endpoint":"", "level":"DEBUG" , "message":"Creating shared instance of singleton bean 'welcomePageHandlerMapping'" }
{"timestamp":"2025-06-05 14:10:00.378", "app_name": "k8_auth", "endpoint":"", "level":"DEBUG" , "message":"Creating shared instance of singleton bean 'mvcConversionService'" }
{"timestamp":"2025-06-05 14:10:00.380", "app_name": "k8_auth", "endpoint":"", "level":"DEBUG" , "message":"Creating shared instance of singleton bean 'mvcResourceUrlProvider'" }
{"timestamp":"2025-06-05 14:10:00.381", "app_name": "k8_auth", "endpoint":"", "level":"DEBUG" , "message":"Autowiring by type from bean name 'welcomePageHandlerMapping' via factory method to bean named 'org.springframework.web.context.support.GenericWebApplicationContext@2fbd390'" }
{"timestamp":"2025-06-05 14:10:00.381", "app_name": "k8_auth", "endpoint":"", "level":"DEBUG" , "message":"Autowiring by type from bean name 'welcomePageHandlerMapping' via factory method to bean named 'mvcConversionService'" }
{"timestamp":"2025-06-05 14:10:00.381", "app_name": "k8_auth", "endpoint":"", "level":"DEBUG" , "message":"Autowiring by type from bean name 'welcomePageHandlerMapping' via factory method to bean named 'mvcResourceUrlProvider'" }
{"timestamp":"2025-06-05 14:10:00.389", "app_name": "k8_auth", "endpoint":"", "level":"DEBUG" , "message":"Creating shared instance of singleton bean 'welcomePageNotAcceptableHandlerMapping'" }
{"timestamp":"2025-06-05 14:10:00.390", "app_name": "k8_auth", "endpoint":"", "level":"DEBUG" , "message":"Autowiring by type from bean name 'welcomePageNotAcceptableHandlerMapping' via factory method to bean named 'org.springframework.web.context.support.GenericWebApplicationContext@2fbd390'" }
{"timestamp":"2025-06-05 14:10:00.390", "app_name": "k8_auth", "endpoint":"", "level":"DEBUG" , "message":"Autowiring by type from bean name 'welcomePageNotAcceptableHandlerMapping' via factory method to bean named 'mvcConversionService'" }
{"timestamp":"2025-06-05 14:10:00.390", "app_name": "k8_auth", "endpoint":"", "level":"DEBUG" , "message":"Autowiring by type from bean name 'welcomePageNotAcceptableHandlerMapping' via factory method to bean named 'mvcResourceUrlProvider'" }
{"timestamp":"2025-06-05 14:10:00.391", "app_name": "k8_auth", "endpoint":"", "level":"DEBUG" , "message":"Creating shared instance of singleton bean 'localeResolver'" }
{"timestamp":"2025-06-05 14:10:00.392", "app_name": "k8_auth", "endpoint":"", "level":"DEBUG" , "message":"Creating shared instance of singleton bean 'themeResolver'" }
{"timestamp":"2025-06-05 14:10:00.392", "app_name": "k8_auth", "endpoint":"", "level":"DEBUG" , "message":"Creating shared instance of singleton bean 'flashMapManager'" }
{"timestamp":"2025-06-05 14:10:00.394", "app_name": "k8_auth", "endpoint":"", "level":"DEBUG" , "message":"Creating shared instance of singleton bean 'viewNameTranslator'" }
{"timestamp":"2025-06-05 14:10:00.395", "app_name": "k8_auth", "endpoint":"", "level":"DEBUG" , "message":"Creating shared instance of singleton bean 'mvcValidator'" }
{"timestamp":"2025-06-05 14:10:00.395", "app_name": "k8_auth", "endpoint":"", "level":"DEBUG" , "message":"Creating shared instance of singleton bean 'mvcContentNegotiationManager'" }
{"timestamp":"2025-06-05 14:10:00.398", "app_name": "k8_auth", "endpoint":"", "level":"DEBUG" , "message":"Creating shared instance of singleton bean 'requestMappingHandlerMapping'" }
{"timestamp":"2025-06-05 14:10:00.399", "app_name": "k8_auth", "endpoint":"", "level":"DEBUG" , "message":"Autowiring by type from bean name 'requestMappingHandlerMapping' via factory method to bean named 'mvcContentNegotiationManager'" }
{"timestamp":"2025-06-05 14:10:00.399", "app_name": "k8_auth", "endpoint":"", "level":"DEBUG" , "message":"Autowiring by type from bean name 'requestMappingHandlerMapping' via factory method to bean named 'mvcConversionService'" }
{"timestamp":"2025-06-05 14:10:00.399", "app_name": "k8_auth", "endpoint":"", "level":"DEBUG" , "message":"Autowiring by type from bean name 'requestMappingHandlerMapping' via factory method to bean named 'mvcResourceUrlProvider'" }
{"timestamp":"2025-06-05 14:10:00.424", "app_name": "k8_auth", "endpoint":"", "level":"DEBUG" , "message":"
	c.m.k.c.HealthCheckController:
	{GET [/ping]}: ping()
	{GET [/ping_v2]}: pingV2()
	{GET [/health]}: health()
	{GET [/exception]}: exception(boolean)" }
{"timestamp":"2025-06-05 14:10:00.428", "app_name": "k8_auth", "endpoint":"", "level":"DEBUG" , "message":"
	c.m.k.c.PaymentController:
	{POST [/payment/create]}: createPayment(PaymentRequest)" }
{"timestamp":"2025-06-05 14:10:00.430", "app_name": "k8_auth", "endpoint":"", "level":"DEBUG" , "message":"
	o.s.b.a.w.s.e.BasicErrorController:
	{ [/error], produces [text/html]}: errorHtml(HttpServletRequest,HttpServletResponse)
	{ [/error]}: error(HttpServletRequest)" }
{"timestamp":"2025-06-05 14:10:00.435", "app_name": "k8_auth", "endpoint":"", "level":"DEBUG" , "message":"7 mappings in 'requestMappingHandlerMapping'" }
{"timestamp":"2025-06-05 14:10:00.435", "app_name": "k8_auth", "endpoint":"", "level":"DEBUG" , "message":"Creating shared instance of singleton bean 'mvcPatternParser'" }
{"timestamp":"2025-06-05 14:10:00.435", "app_name": "k8_auth", "endpoint":"", "level":"DEBUG" , "message":"Creating shared instance of singleton bean 'mvcUrlPathHelper'" }
{"timestamp":"2025-06-05 14:10:00.435", "app_name": "k8_auth", "endpoint":"", "level":"DEBUG" , "message":"Creating shared instance of singleton bean 'mvcPathMatcher'" }
{"timestamp":"2025-06-05 14:10:00.436", "app_name": "k8_auth", "endpoint":"", "level":"DEBUG" , "message":"Creating shared instance of singleton bean 'viewControllerHandlerMapping'" }
{"timestamp":"2025-06-05 14:10:00.436", "app_name": "k8_auth", "endpoint":"", "level":"DEBUG" , "message":"Autowiring by type from bean name 'viewControllerHandlerMapping' via factory method to bean named 'mvcConversionService'" }
{"timestamp":"2025-06-05 14:10:00.436", "app_name": "k8_auth", "endpoint":"", "level":"DEBUG" , "message":"Autowiring by type from bean name 'viewControllerHandlerMapping' via factory method to bean named 'mvcResourceUrlProvider'" }
{"timestamp":"2025-06-05 14:10:00.436", "app_name": "k8_auth", "endpoint":"", "level":"DEBUG" , "message":"Creating shared instance of singleton bean 'beanNameHandlerMapping'" }
{"timestamp":"2025-06-05 14:10:00.436", "app_name": "k8_auth", "endpoint":"", "level":"DEBUG" , "message":"Autowiring by type from bean name 'beanNameHandlerMapping' via factory method to bean named 'mvcConversionService'" }
{"timestamp":"2025-06-05 14:10:00.436", "app_name": "k8_auth", "endpoint":"", "level":"DEBUG" , "message":"Autowiring by type from bean name 'beanNameHandlerMapping' via factory method to bean named 'mvcResourceUrlProvider'" }
{"timestamp":"2025-06-05 14:10:00.437", "app_name": "k8_auth", "endpoint":"", "level":"DEBUG" , "message":"'beanNameHandlerMapping' {}" }
{"timestamp":"2025-06-05 14:10:00.437", "app_name": "k8_auth", "endpoint":"", "level":"DEBUG" , "message":"Creating shared instance of singleton bean 'routerFunctionMapping'" }
{"timestamp":"2025-06-05 14:10:00.438", "app_name": "k8_auth", "endpoint":"", "level":"DEBUG" , "message":"Autowiring by type from bean name 'routerFunctionMapping' via factory method to bean named 'mvcConversionService'" }
{"timestamp":"2025-06-05 14:10:00.438", "app_name": "k8_auth", "endpoint":"", "level":"DEBUG" , "message":"Autowiring by type from bean name 'routerFunctionMapping' via factory method to bean named 'mvcResourceUrlProvider'" }
{"timestamp":"2025-06-05 14:10:00.438", "app_name": "k8_auth", "endpoint":"", "level":"DEBUG" , "message":"Creating shared instance of singleton bean 'messageConverters'" }
{"timestamp":"2025-06-05 14:10:00.438", "app_name": "k8_auth", "endpoint":"", "level":"DEBUG" , "message":"Creating shared instance of singleton bean 'org.springframework.boot.autoconfigure.http.HttpMessageConvertersAutoConfiguration'" }
{"timestamp":"2025-06-05 14:10:00.440", "app_name": "k8_auth", "endpoint":"", "level":"DEBUG" , "message":"Creating shared instance of singleton bean 'stringHttpMessageConverter'" }
{"timestamp":"2025-06-05 14:10:00.440", "app_name": "k8_auth", "endpoint":"", "level":"DEBUG" , "message":"Creating shared instance of singleton bean 'org.springframework.boot.autoconfigure.http.HttpMessageConvertersAutoConfiguration$StringHttpMessageConverterConfiguration'" }
{"timestamp":"2025-06-05 14:10:00.440", "app_name": "k8_auth", "endpoint":"", "level":"DEBUG" , "message":"Autowiring by type from bean name 'stringHttpMessageConverter' via factory method to bean named 'environment'" }
{"timestamp":"2025-06-05 14:10:00.441", "app_name": "k8_auth", "endpoint":"", "level":"DEBUG" , "message":"Creating shared instance of singleton bean 'mappingJackson2HttpMessageConverter'" }
{"timestamp":"2025-06-05 14:10:00.442", "app_name": "k8_auth", "endpoint":"", "level":"DEBUG" , "message":"Creating shared instance of singleton bean 'org.springframework.boot.autoconfigure.http.JacksonHttpMessageConvertersConfiguration$MappingJackson2HttpMessageConverterConfiguration'" }
{"timestamp":"2025-06-05 14:10:00.442", "app_name": "k8_auth", "endpoint":"", "level":"DEBUG" , "message":"Creating shared instance of singleton bean 'jacksonObjectMapper'" }
{"timestamp":"2025-06-05 14:10:00.442", "app_name": "k8_auth", "endpoint":"", "level":"DEBUG" , "message":"Creating shared instance of singleton bean 'org.springframework.boot.autoconfigure.jackson.JacksonAutoConfiguration$JacksonObjectMapperConfiguration'" }
{"timestamp":"2025-06-05 14:10:00.442", "app_name": "k8_auth", "endpoint":"", "level":"DEBUG" , "message":"Creating shared instance of singleton bean 'org.springframework.boot.autoconfigure.jackson.JacksonAutoConfiguration$JacksonObjectMapperBuilderConfiguration'" }
{"timestamp":"2025-06-05 14:10:00.443", "app_name": "k8_auth", "endpoint":"", "level":"DEBUG" , "message":"Creating shared instance of singleton bean 'standardJacksonObjectMapperBuilderCustomizer'" }
{"timestamp":"2025-06-05 14:10:00.443", "app_name": "k8_auth", "endpoint":"", "level":"DEBUG" , "message":"Creating shared instance of singleton bean 'org.springframework.boot.autoconfigure.jackson.JacksonAutoConfiguration$Jackson2ObjectMapperBuilderCustomizerConfiguration'" }
{"timestamp":"2025-06-05 14:10:00.443", "app_name": "k8_auth", "endpoint":"", "level":"DEBUG" , "message":"Creating shared instance of singleton bean 'spring.jackson-org.springframework.boot.autoconfigure.jackson.JacksonProperties'" }
{"timestamp":"2025-06-05 14:10:00.444", "app_name": "k8_auth", "endpoint":"", "level":"DEBUG" , "message":"Autowiring by type from bean name 'standardJacksonObjectMapperBuilderCustomizer' via factory method to bean named 'spring.jackson-org.springframework.boot.autoconfigure.jackson.JacksonProperties'" }
{"timestamp":"2025-06-05 14:10:00.444", "app_name": "k8_auth", "endpoint":"", "level":"DEBUG" , "message":"Creating shared instance of singleton bean 'parameterNamesModule'" }
{"timestamp":"2025-06-05 14:10:00.444", "app_name": "k8_auth", "endpoint":"", "level":"DEBUG" , "message":"Creating shared instance of singleton bean 'org.springframework.boot.autoconfigure.jackson.JacksonAutoConfiguration$ParameterNamesModuleConfiguration'" }
{"timestamp":"2025-06-05 14:10:00.446", "app_name": "k8_auth", "endpoint":"", "level":"DEBUG" , "message":"Creating shared instance of singleton bean 'jsonMixinModule'" }
{"timestamp":"2025-06-05 14:10:00.446", "app_name": "k8_auth", "endpoint":"", "level":"DEBUG" , "message":"Creating shared instance of singleton bean 'org.springframework.boot.autoconfigure.jackson.JacksonAutoConfiguration$JacksonMixinConfiguration'" }
{"timestamp":"2025-06-05 14:10:00.446", "app_name": "k8_auth", "endpoint":"", "level":"DEBUG" , "message":"Creating shared instance of singleton bean 'jsonMixinModuleEntries'" }
{"timestamp":"2025-06-05 14:10:00.446", "app_name": "k8_auth", "endpoint":"", "level":"DEBUG" , "message":"Autowiring by type from bean name 'jsonMixinModuleEntries' via factory method to bean named 'org.springframework.web.context.support.GenericWebApplicationContext@2fbd390'" }
{"timestamp":"2025-06-05 14:10:00.447", "app_name": "k8_auth", "endpoint":"", "level":"DEBUG" , "message":"@EnableAutoConfiguration was declared on a class in the package 'com.maximorero.k8_auth'. Automatic @Repository and @Entity scanning is enabled." }
{"timestamp":"2025-06-05 14:10:00.448", "app_name": "k8_auth", "endpoint":"", "level":"DEBUG" , "message":"Autowiring by type from bean name 'jsonMixinModule' via factory method to bean named 'org.springframework.web.context.support.GenericWebApplicationContext@2fbd390'" }
{"timestamp":"2025-06-05 14:10:00.448", "app_name": "k8_auth", "endpoint":"", "level":"DEBUG" , "message":"Autowiring by type from bean name 'jsonMixinModule' via factory method to bean named 'jsonMixinModuleEntries'" }
{"timestamp":"2025-06-05 14:10:00.448", "app_name": "k8_auth", "endpoint":"", "level":"DEBUG" , "message":"Creating shared instance of singleton bean 'jsonComponentModule'" }
{"timestamp":"2025-06-05 14:10:00.448", "app_name": "k8_auth", "endpoint":"", "level":"DEBUG" , "message":"Creating shared instance of singleton bean 'org.springframework.boot.autoconfigure.jackson.JacksonAutoConfiguration'" }
{"timestamp":"2025-06-05 14:10:00.451", "app_name": "k8_auth", "endpoint":"", "level":"DEBUG" , "message":"Autowiring by type from bean name 'jacksonObjectMapperBuilder' via factory method to bean named 'org.springframework.web.context.support.GenericWebApplicationContext@2fbd390'" }
{"timestamp":"2025-06-05 14:10:00.451", "app_name": "k8_auth", "endpoint":"", "level":"DEBUG" , "message":"Autowiring by type from bean name 'jacksonObjectMapperBuilder' via factory method to bean named 'standardJacksonObjectMapperBuilderCustomizer'" }
{"timestamp":"2025-06-05 14:10:00.452", "app_name": "k8_auth", "endpoint":"", "level":"DEBUG" , "message":"Autowiring by type from bean name 'jacksonObjectMapper' via factory method to bean named 'jacksonObjectMapperBuilder'" }
{"timestamp":"2025-06-05 14:10:00.467", "app_name": "k8_auth", "endpoint":"", "level":"DEBUG" , "message":"Autowiring by type from bean name 'mappingJackson2HttpMessageConverter' via factory method to bean named 'jacksonObjectMapper'" }
{"timestamp":"2025-06-05 14:10:00.473", "app_name": "k8_auth", "endpoint":"", "level":"DEBUG" , "message":"Creating shared instance of singleton bean 'resourceHandlerMapping'" }
{"timestamp":"2025-06-05 14:10:00.473", "app_name": "k8_auth", "endpoint":"", "level":"DEBUG" , "message":"Autowiring by type from bean name 'resourceHandlerMapping' via factory method to bean named 'mvcContentNegotiationManager'" }
{"timestamp":"2025-06-05 14:10:00.473", "app_name": "k8_auth", "endpoint":"", "level":"DEBUG" , "message":"Autowiring by type from bean name 'resourceHandlerMapping' via factory method to bean named 'mvcConversionService'" }
{"timestamp":"2025-06-05 14:10:00.474", "app_name": "k8_auth", "endpoint":"", "level":"DEBUG" , "message":"Autowiring by type from bean name 'resourceHandlerMapping' via factory method to bean named 'mvcResourceUrlProvider'" }
{"timestamp":"2025-06-05 14:10:00.482", "app_name": "k8_auth", "endpoint":"", "level":"DEBUG" , "message":"'resourceHandlerMapping' {/webjars/**=ResourceHttpRequestHandler [classpath [META-INF/resources/webjars/]], /**=ResourceHttpRequestHandler [classpath [META-INF/resources/], classpath [resources/], classpath [static/], classpath [public/], ServletContext [/]]}" }
{"timestamp":"2025-06-05 14:10:00.483", "app_name": "k8_auth", "endpoint":"", "level":"DEBUG" , "message":"Creating shared instance of singleton bean 'defaultServletHandlerMapping'" }
{"timestamp":"2025-06-05 14:10:00.483", "app_name": "k8_auth", "endpoint":"", "level":"DEBUG" , "message":"Creating shared instance of singleton bean 'requestMappingHandlerAdapter'" }
{"timestamp":"2025-06-05 14:10:00.483", "app_name": "k8_auth", "endpoint":"", "level":"DEBUG" , "message":"Autowiring by type from bean name 'requestMappingHandlerAdapter' via factory method to bean named 'mvcContentNegotiationManager'" }
{"timestamp":"2025-06-05 14:10:00.483", "app_name": "k8_auth", "endpoint":"", "level":"DEBUG" , "message":"Autowiring by type from bean name 'requestMappingHandlerAdapter' via factory method to bean named 'mvcConversionService'" }
{"timestamp":"2025-06-05 14:10:00.483", "app_name": "k8_auth", "endpoint":"", "level":"DEBUG" , "message":"Autowiring by type from bean name 'requestMappingHandlerAdapter' via factory method to bean named 'mvcValidator'" }
{"timestamp":"2025-06-05 14:10:00.495", "app_name": "k8_auth", "endpoint":"", "level":"DEBUG" , "message":"ControllerAdvice beans: 0 @ModelAttribute, 0 @InitBinder, 1 RequestBodyAdvice, 1 ResponseBodyAdvice" }
{"timestamp":"2025-06-05 14:10:00.518", "app_name": "k8_auth", "endpoint":"", "level":"DEBUG" , "message":"Creating shared instance of singleton bean 'mvcViewResolver'" }
{"timestamp":"2025-06-05 14:10:00.519", "app_name": "k8_auth", "endpoint":"", "level":"DEBUG" , "message":"Autowiring by type from bean name 'mvcViewResolver' via factory method to bean named 'mvcContentNegotiationManager'" }
{"timestamp":"2025-06-05 14:10:00.520", "app_name": "k8_auth", "endpoint":"", "level":"DEBUG" , "message":"Creating shared instance of singleton bean 'defaultViewResolver'" }
{"timestamp":"2025-06-05 14:10:00.525", "app_name": "k8_auth", "endpoint":"", "level":"DEBUG" , "message":"Creating shared instance of singleton bean 'viewResolver'" }
{"timestamp":"2025-06-05 14:10:00.525", "app_name": "k8_auth", "endpoint":"", "level":"DEBUG" , "message":"Autowiring by type from bean name 'viewResolver' via factory method to bean named 'org.springframework.beans.factory.support.DefaultListableBeanFactory@1a01ffff'" }
{"timestamp":"2025-06-05 14:10:00.526", "app_name": "k8_auth", "endpoint":"", "level":"DEBUG" , "message":"Creating shared instance of singleton bean 'viewResolver'" }
{"timestamp":"2025-06-05 14:10:00.531", "app_name": "k8_auth", "endpoint":"", "level":"DEBUG" , "message":"Using SLF4J as the default logging framework" }
{"timestamp":"2025-06-05 14:10:00.535", "app_name": "k8_auth", "endpoint":"", "level":"DEBUG" , "message":"Creating shared instance of singleton bean 'handlerFunctionAdapter'" }
{"timestamp":"2025-06-05 14:10:00.536", "app_name": "k8_auth", "endpoint":"", "level":"DEBUG" , "message":"Creating shared instance of singleton bean 'mvcUriComponentsContributor'" }
{"timestamp":"2025-06-05 14:10:00.537", "app_name": "k8_auth", "endpoint":"", "level":"DEBUG" , "message":"Autowiring by type from bean name 'mvcUriComponentsContributor' via factory method to bean named 'mvcConversionService'" }
{"timestamp":"2025-06-05 14:10:00.537", "app_name": "k8_auth", "endpoint":"", "level":"DEBUG" , "message":"Autowiring by type from bean name 'mvcUriComponentsContributor' via factory method to bean named 'requestMappingHandlerAdapter'" }
{"timestamp":"2025-06-05 14:10:00.539", "app_name": "k8_auth", "endpoint":"", "level":"DEBUG" , "message":"Creating shared instance of singleton bean 'httpRequestHandlerAdapter'" }
{"timestamp":"2025-06-05 14:10:00.539", "app_name": "k8_auth", "endpoint":"", "level":"DEBUG" , "message":"Creating shared instance of singleton bean 'simpleControllerHandlerAdapter'" }
{"timestamp":"2025-06-05 14:10:00.539", "app_name": "k8_auth", "endpoint":"", "level":"DEBUG" , "message":"Creating shared instance of singleton bean 'handlerExceptionResolver'" }
{"timestamp":"2025-06-05 14:10:00.539", "app_name": "k8_auth", "endpoint":"", "level":"DEBUG" , "message":"Autowiring by type from bean name 'handlerExceptionResolver' via factory method to bean named 'mvcContentNegotiationManager'" }
{"timestamp":"2025-06-05 14:10:00.542", "app_name": "k8_auth", "endpoint":"", "level":"DEBUG" , "message":"ControllerAdvice beans: 0 @ExceptionHandler, 1 ResponseBodyAdvice" }
{"timestamp":"2025-06-05 14:10:00.543", "app_name": "k8_auth", "endpoint":"", "level":"DEBUG" , "message":"Creating shared instance of singleton bean 'requestContextFilter'" }
{"timestamp":"2025-06-05 14:10:00.544", "app_name": "k8_auth", "endpoint":"", "level":"DEBUG" , "message":"Creating shared instance of singleton bean 'org.springframework.boot.autoconfigure.web.servlet.WebMvcAutoConfiguration'" }
{"timestamp":"2025-06-05 14:10:00.544", "app_name": "k8_auth", "endpoint":"", "level":"DEBUG" , "message":"Creating shared instance of singleton bean 'formContentFilter'" }
{"timestamp":"2025-06-05 14:10:00.545", "app_name": "k8_auth", "endpoint":"", "level":"DEBUG" , "message":"Creating shared instance of singleton bean 'org.springframework.boot.autoconfigure.availability.ApplicationAvailabilityAutoConfiguration'" }
{"timestamp":"2025-06-05 14:10:00.545", "app_name": "k8_auth", "endpoint":"", "level":"DEBUG" , "message":"Creating shared instance of singleton bean 'applicationAvailability'" }
{"timestamp":"2025-06-05 14:10:00.546", "app_name": "k8_auth", "endpoint":"", "level":"DEBUG" , "message":"Creating shared instance of singleton bean 'org.springframework.boot.actuate.autoconfigure.availability.AvailabilityHealthContributorAutoConfiguration'" }
{"timestamp":"2025-06-05 14:10:00.547", "app_name": "k8_auth", "endpoint":"", "level":"DEBUG" , "message":"Creating shared instance of singleton bean 'org.springframework.boot.actuate.autoconfigure.health.HealthEndpointConfiguration'" }
{"timestamp":"2025-06-05 14:10:00.547", "app_name": "k8_auth", "endpoint":"", "level":"DEBUG" , "message":"Creating shared instance of singleton bean 'healthStatusAggregator'" }
{"timestamp":"2025-06-05 14:10:00.547", "app_name": "k8_auth", "endpoint":"", "level":"DEBUG" , "message":"Creating shared instance of singleton bean 'management.endpoint.health-org.springframework.boot.actuate.autoconfigure.health.HealthEndpointProperties'" }
{"timestamp":"2025-06-05 14:10:00.550", "app_name": "k8_auth", "endpoint":"", "level":"DEBUG" , "message":"Autowiring by type from bean name 'healthStatusAggregator' via factory method to bean named 'management.endpoint.health-org.springframework.boot.actuate.autoconfigure.health.HealthEndpointProperties'" }
{"timestamp":"2025-06-05 14:10:00.551", "app_name": "k8_auth", "endpoint":"", "level":"DEBUG" , "message":"Creating shared instance of singleton bean 'healthHttpCodeStatusMapper'" }
{"timestamp":"2025-06-05 14:10:00.551", "app_name": "k8_auth", "endpoint":"", "level":"DEBUG" , "message":"Autowiring by type from bean name 'healthHttpCodeStatusMapper' via factory method to bean named 'management.endpoint.health-org.springframework.boot.actuate.autoconfigure.health.HealthEndpointProperties'" }
{"timestamp":"2025-06-05 14:10:00.552", "app_name": "k8_auth", "endpoint":"", "level":"DEBUG" , "message":"Creating shared instance of singleton bean 'healthEndpointGroups'" }
{"timestamp":"2025-06-05 14:10:00.552", "app_name": "k8_auth", "endpoint":"", "level":"DEBUG" , "message":"Autowiring by type from bean name 'healthEndpointGroups' via factory method to bean named 'org.springframework.web.context.support.GenericWebApplicationContext@2fbd390'" }
{"timestamp":"2025-06-05 14:10:00.552", "app_name": "k8_auth", "endpoint":"", "level":"DEBUG" , "message":"Autowiring by type from bean name 'healthEndpointGroups' via factory method to bean named 'management.endpoint.health-org.springframework.boot.actuate.autoconfigure.health.HealthEndpointProperties'" }
{"timestamp":"2025-06-05 14:10:00.554", "app_name": "k8_auth", "endpoint":"", "level":"DEBUG" , "message":"Creating shared instance of singleton bean 'healthContributorRegistry'" }
{"timestamp":"2025-06-05 14:10:00.555", "app_name": "k8_auth", "endpoint":"", "level":"DEBUG" , "message":"Creating shared instance of singleton bean 'sslHealthIndicator'" }
{"timestamp":"2025-06-05 14:10:00.555", "app_name": "k8_auth", "endpoint":"", "level":"DEBUG" , "message":"Creating shared instance of singleton bean 'org.springframework.boot.actuate.autoconfigure.ssl.SslHealthContributorAutoConfiguration'" }
{"timestamp":"2025-06-05 14:10:00.555", "app_name": "k8_auth", "endpoint":"", "level":"DEBUG" , "message":"Creating shared instance of singleton bean 'sslInfo'" }
{"timestamp":"2025-06-05 14:10:00.555", "app_name": "k8_auth", "endpoint":"", "level":"DEBUG" , "message":"Creating shared instance of singleton bean 'management.health.ssl-org.springframework.boot.actuate.autoconfigure.ssl.SslHealthIndicatorProperties'" }
{"timestamp":"2025-06-05 14:10:00.556", "app_name": "k8_auth", "endpoint":"", "level":"DEBUG" , "message":"Autowiring by type from bean name 'sslInfo' via factory method to bean named 'sslBundleRegistry'" }
{"timestamp":"2025-06-05 14:10:00.556", "app_name": "k8_auth", "endpoint":"", "level":"DEBUG" , "message":"Autowiring by type from bean name 'sslInfo' via factory method to bean named 'management.health.ssl-org.springframework.boot.actuate.autoconfigure.ssl.SslHealthIndicatorProperties'" }
{"timestamp":"2025-06-05 14:10:00.556", "app_name": "k8_auth", "endpoint":"", "level":"DEBUG" , "message":"Autowiring by type from bean name 'sslHealthIndicator' via factory method to bean named 'sslInfo'" }
{"timestamp":"2025-06-05 14:10:00.558", "app_name": "k8_auth", "endpoint":"", "level":"DEBUG" , "message":"Creating shared instance of singleton bean 'diskSpaceHealthIndicator'" }
{"timestamp":"2025-06-05 14:10:00.558", "app_name": "k8_auth", "endpoint":"", "level":"DEBUG" , "message":"Creating shared instance of singleton bean 'org.springframework.boot.actuate.autoconfigure.system.DiskSpaceHealthContributorAutoConfiguration'" }
{"timestamp":"2025-06-05 14:10:00.558", "app_name": "k8_auth", "endpoint":"", "level":"DEBUG" , "message":"Creating shared instance of singleton bean 'management.health.diskspace-org.springframework.boot.actuate.autoconfigure.system.DiskSpaceHealthIndicatorProperties'" }
{"timestamp":"2025-06-05 14:10:00.558", "app_name": "k8_auth", "endpoint":"", "level":"DEBUG" , "message":"Autowiring by type from bean name 'diskSpaceHealthIndicator' via factory method to bean named 'management.health.diskspace-org.springframework.boot.actuate.autoconfigure.system.DiskSpaceHealthIndicatorProperties'" }
{"timestamp":"2025-06-05 14:10:00.559", "app_name": "k8_auth", "endpoint":"", "level":"DEBUG" , "message":"Creating shared instance of singleton bean 'pingHealthContributor'" }
{"timestamp":"2025-06-05 14:10:00.559", "app_name": "k8_auth", "endpoint":"", "level":"DEBUG" , "message":"Creating shared instance of singleton bean 'org.springframework.boot.actuate.autoconfigure.health.HealthContributorAutoConfiguration'" }
{"timestamp":"2025-06-05 14:10:00.560", "app_name": "k8_auth", "endpoint":"", "level":"DEBUG" , "message":"Autowiring by type from bean name 'healthContributorRegistry' via factory method to bean named 'org.springframework.web.context.support.GenericWebApplicationContext@2fbd390'" }
{"timestamp":"2025-06-05 14:10:00.560", "app_name": "k8_auth", "endpoint":"", "level":"DEBUG" , "message":"Autowiring by type from bean name 'healthContributorRegistry' via factory method to bean named 'healthEndpointGroups'" }
{"timestamp":"2025-06-05 14:10:00.560", "app_name": "k8_auth", "endpoint":"", "level":"DEBUG" , "message":"Autowiring by type from bean name 'healthContributorRegistry' via factory method to bean named 'sslHealthIndicator'" }
{"timestamp":"2025-06-05 14:10:00.560", "app_name": "k8_auth", "endpoint":"", "level":"DEBUG" , "message":"Autowiring by type from bean name 'healthContributorRegistry' via factory method to bean named 'diskSpaceHealthIndicator'" }
{"timestamp":"2025-06-05 14:10:00.560", "app_name": "k8_auth", "endpoint":"", "level":"DEBUG" , "message":"Autowiring by type from bean name 'healthContributorRegistry' via factory method to bean named 'pingHealthContributor'" }
{"timestamp":"2025-06-05 14:10:00.563", "app_name": "k8_auth", "endpoint":"", "level":"DEBUG" , "message":"Creating shared instance of singleton bean 'healthEndpointGroupMembershipValidator'" }
{"timestamp":"2025-06-05 14:10:00.563", "app_name": "k8_auth", "endpoint":"", "level":"DEBUG" , "message":"Autowiring by type from bean name 'healthEndpointGroupMembershipValidator' via factory method to bean named 'management.endpoint.health-org.springframework.boot.actuate.autoconfigure.health.HealthEndpointProperties'" }
{"timestamp":"2025-06-05 14:10:00.563", "app_name": "k8_auth", "endpoint":"", "level":"DEBUG" , "message":"Autowiring by type from bean name 'healthEndpointGroupMembershipValidator' via factory method to bean named 'healthContributorRegistry'" }
{"timestamp":"2025-06-05 14:10:00.563", "app_name": "k8_auth", "endpoint":"", "level":"DEBUG" , "message":"Creating shared instance of singleton bean 'healthEndpoint'" }
{"timestamp":"2025-06-05 14:10:00.564", "app_name": "k8_auth", "endpoint":"", "level":"DEBUG" , "message":"Autowiring by type from bean name 'healthEndpoint' via factory method to bean named 'healthContributorRegistry'" }
{"timestamp":"2025-06-05 14:10:00.564", "app_name": "k8_auth", "endpoint":"", "level":"DEBUG" , "message":"Autowiring by type from bean name 'healthEndpoint' via factory method to bean named 'healthEndpointGroups'" }
{"timestamp":"2025-06-05 14:10:00.564", "app_name": "k8_auth", "endpoint":"", "level":"DEBUG" , "message":"Autowiring by type from bean name 'healthEndpoint' via factory method to bean named 'management.endpoint.health-org.springframework.boot.actuate.autoconfigure.health.HealthEndpointProperties'" }
{"timestamp":"2025-06-05 14:10:00.567", "app_name": "k8_auth", "endpoint":"", "level":"DEBUG" , "message":"Creating shared instance of singleton bean 'org.springframework.boot.actuate.autoconfigure.health.HealthEndpointWebExtensionConfiguration$MvcAdditionalHealthEndpointPathsConfiguration'" }
{"timestamp":"2025-06-05 14:10:00.567", "app_name": "k8_auth", "endpoint":"", "level":"DEBUG" , "message":"Creating shared instance of singleton bean 'healthEndpointWebMvcHandlerMapping'" }
{"timestamp":"2025-06-05 14:10:00.567", "app_name": "k8_auth", "endpoint":"", "level":"DEBUG" , "message":"Creating shared instance of singleton bean 'webEndpointDiscoverer'" }
{"timestamp":"2025-06-05 14:10:00.567", "app_name": "k8_auth", "endpoint":"", "level":"DEBUG" , "message":"Creating shared instance of singleton bean 'org.springframework.boot.actuate.autoconfigure.endpoint.web.WebEndpointAutoConfiguration'" }
{"timestamp":"2025-06-05 14:10:00.567", "app_name": "k8_auth", "endpoint":"", "level":"DEBUG" , "message":"Creating shared instance of singleton bean 'management.endpoints.web-org.springframework.boot.actuate.autoconfigure.endpoint.web.WebEndpointProperties'" }
{"timestamp":"2025-06-05 14:10:00.569", "app_name": "k8_auth", "endpoint":"", "level":"DEBUG" , "message":"Autowiring by type from bean name 'org.springframework.boot.actuate.autoconfigure.endpoint.web.WebEndpointAutoConfiguration' via constructor to bean named 'org.springframework.web.context.support.GenericWebApplicationContext@2fbd390'" }
{"timestamp":"2025-06-05 14:10:00.569", "app_name": "k8_auth", "endpoint":"", "level":"DEBUG" , "message":"Autowiring by type from bean name 'org.springframework.boot.actuate.autoconfigure.endpoint.web.WebEndpointAutoConfiguration' via constructor to bean named 'management.endpoints.web-org.springframework.boot.actuate.autoconfigure.endpoint.web.WebEndpointProperties'" }
{"timestamp":"2025-06-05 14:10:00.569", "app_name": "k8_auth", "endpoint":"", "level":"DEBUG" , "message":"Creating shared instance of singleton bean 'endpointOperationParameterMapper'" }
{"timestamp":"2025-06-05 14:10:00.570", "app_name": "k8_auth", "endpoint":"", "level":"DEBUG" , "message":"Creating shared instance of singleton bean 'org.springframework.boot.actuate.autoconfigure.endpoint.EndpointAutoConfiguration'" }
{"timestamp":"2025-06-05 14:10:00.571", "app_name": "k8_auth", "endpoint":"", "level":"DEBUG" , "message":"Creating shared instance of singleton bean 'endpointMediaTypes'" }
{"timestamp":"2025-06-05 14:10:00.571", "app_name": "k8_auth", "endpoint":"", "level":"DEBUG" , "message":"Autowiring by type from bean name 'webEndpointDiscoverer' via factory method to bean named 'endpointOperationParameterMapper'" }
{"timestamp":"2025-06-05 14:10:00.571", "app_name": "k8_auth", "endpoint":"", "level":"DEBUG" , "message":"Autowiring by type from bean name 'webEndpointDiscoverer' via factory method to bean named 'endpointMediaTypes'" }
{"timestamp":"2025-06-05 14:10:00.573", "app_name": "k8_auth", "endpoint":"", "level":"DEBUG" , "message":"Creating shared instance of singleton bean 'webEndpointPathMapper'" }
{"timestamp":"2025-06-05 14:10:00.575", "app_name": "k8_auth", "endpoint":"", "level":"DEBUG" , "message":"Creating shared instance of singleton bean 'endpointCachingOperationInvokerAdvisor'" }
{"timestamp":"2025-06-05 14:10:00.575", "app_name": "k8_auth", "endpoint":"", "level":"DEBUG" , "message":"Autowiring by type from bean name 'endpointCachingOperationInvokerAdvisor' via factory method to bean named 'environment'" }
{"timestamp":"2025-06-05 14:10:00.576", "app_name": "k8_auth", "endpoint":"", "level":"DEBUG" , "message":"Creating shared instance of singleton bean 'webExposeExcludePropertyEndpointFilter'" }
{"timestamp":"2025-06-05 14:10:00.576", "app_name": "k8_auth", "endpoint":"", "level":"DEBUG" , "message":"Creating shared instance of singleton bean 'webAccessPropertiesOperationFilter'" }
{"timestamp":"2025-06-05 14:10:00.576", "app_name": "k8_auth", "endpoint":"", "level":"DEBUG" , "message":"Creating shared instance of singleton bean 'propertiesEndpointAccessResolver'" }
{"timestamp":"2025-06-05 14:10:00.576", "app_name": "k8_auth", "endpoint":"", "level":"DEBUG" , "message":"Autowiring by type from bean name 'propertiesEndpointAccessResolver' via factory method to bean named 'environment'" }
{"timestamp":"2025-06-05 14:10:00.577", "app_name": "k8_auth", "endpoint":"", "level":"DEBUG" , "message":"Autowiring by type from bean name 'webAccessPropertiesOperationFilter' via factory method to bean named 'propertiesEndpointAccessResolver'" }
{"timestamp":"2025-06-05 14:10:00.579", "app_name": "k8_auth", "endpoint":"", "level":"DEBUG" , "message":"Autowiring by type from bean name 'healthEndpointWebMvcHandlerMapping' via factory method to bean named 'webEndpointDiscoverer'" }
{"timestamp":"2025-06-05 14:10:00.579", "app_name": "k8_auth", "endpoint":"", "level":"DEBUG" , "message":"Autowiring by type from bean name 'healthEndpointWebMvcHandlerMapping' via factory method to bean named 'healthEndpointGroups'" }
{"timestamp":"2025-06-05 14:10:00.590", "app_name": "k8_auth", "endpoint":"", "level":"DEBUG" , "message":"Creating shared instance of singleton bean 'healthEndpointWebExtension'" }
{"timestamp":"2025-06-05 14:10:00.590", "app_name": "k8_auth", "endpoint":"", "level":"DEBUG" , "message":"Creating shared instance of singleton bean 'org.springframework.boot.actuate.autoconfigure.health.HealthEndpointWebExtensionConfiguration'" }
{"timestamp":"2025-06-05 14:10:00.590", "app_name": "k8_auth", "endpoint":"", "level":"DEBUG" , "message":"Autowiring by type from bean name 'healthEndpointWebExtension' via factory method to bean named 'healthContributorRegistry'" }
{"timestamp":"2025-06-05 14:10:00.590", "app_name": "k8_auth", "endpoint":"", "level":"DEBUG" , "message":"Autowiring by type from bean name 'healthEndpointWebExtension' via factory method to bean named 'healthEndpointGroups'" }
{"timestamp":"2025-06-05 14:10:00.590", "app_name": "k8_auth", "endpoint":"", "level":"DEBUG" , "message":"Autowiring by type from bean name 'healthEndpointWebExtension' via factory method to bean named 'management.endpoint.health-org.springframework.boot.actuate.autoconfigure.health.HealthEndpointProperties'" }
{"timestamp":"2025-06-05 14:10:00.592", "app_name": "k8_auth", "endpoint":"", "level":"DEBUG" , "message":"Creating shared instance of singleton bean 'infoEndpoint'" }
{"timestamp":"2025-06-05 14:10:00.592", "app_name": "k8_auth", "endpoint":"", "level":"DEBUG" , "message":"Creating shared instance of singleton bean 'org.springframework.boot.actuate.autoconfigure.info.InfoEndpointAutoConfiguration'" }
[...]
	at java.base/jdk.internal.loader.BuiltinClassLoader.findClassInModuleOrNull(BuiltinClassLoader.java:741)
	at java.base/jdk.internal.loader.BuiltinClassLoader.loadClassOrNull(BuiltinClassLoader.java:665)
	at java.base/jdk.internal.loader.BuiltinClassLoader.loadClass(BuiltinClassLoader.java:639)
	at java.base/java.lang.ClassLoader.loadClass(ClassLoader.java:528)
	at java.base/java.lang.Class.getDeclaredMethods0(Native Method)
	at java.base/java.lang.Class.privateGetDeclaredMethods(Class.java:3650)
	at java.base/java.lang.Class.getDeclaredPublicMethods(Class.java:2923)
	at java.base/java.lang.System$2.getDeclaredPublicMethods(System.java:2425)
	at java.base/java.util.ServiceLoader.findStaticProviderMethod(ServiceLoader.java:617)
	at java.base/java.util.ServiceLoader.loadProvider(ServiceLoader.java:881)
	at java.base/java.util.ServiceLoader$ModuleServicesLookupIterator.hasNext(ServiceLoader.java:1080)
	at java.base/java.util.ServiceLoader$2.hasNext(ServiceLoader.java:1305)
	at java.base/java.util.ServiceLoader$3.hasNext(ServiceLoader.java:1387)
	at java.base/sun.security.jca.ProviderConfig$ProviderLoader.load(ProviderConfig.java:349)
	at java.base/sun.security.jca.ProviderConfig$3.run(ProviderConfig.java:258)
	at java.base/sun.security.jca.ProviderConfig$3.run(ProviderConfig.java:252)
	at java.base/java.security.AccessController.doPrivileged(AccessController.java:319)
	at java.base/sun.security.jca.ProviderConfig.doLoadProvider(ProviderConfig.java:252)
	at java.base/sun.security.jca.ProviderConfig.getProvider(ProviderConfig.java:229)
	at java.base/sun.security.jca.ProviderList.loadAll(ProviderList.java:320)
	at java.base/sun.security.jca.ProviderList.removeInvalid(ProviderList.java:337)
	at java.base/sun.security.jca.Providers.getFullProviderList(Providers.java:186)
	at java.base/java.security.Security.getProviders(Security.java:434)
	at java.base/java.security.Security.getAlgorithms(Security.java:976)
	at org.apache.catalina.util.SessionIdGeneratorBase.<clinit>(SessionIdGeneratorBase.java:48)
	at org.apache.catalina.authenticator.AuthenticatorBase.<init>(AuthenticatorBase.java:190)
	at org.apache.catalina.authenticator.NonLoginAuthenticator.<init>(NonLoginAuthenticator.java:31)
	at org.springframework.boot.autoconfigure.BackgroundPreinitializer$TomcatInitializer.run(BackgroundPreinitializer.java:202)
	at org.springframework.boot.autoconfigure.BackgroundPreinitializer$1.runSafely(BackgroundPreinitializer.java:120)
	at org.springframework.boot.autoconfigure.BackgroundPreinitializer$1.run(BackgroundPreinitializer.java:113)
	at java.base/java.lang.Thread.run(Thread.java:1575)
Caused by: java.io.IOException: Error while instrumenting sun/security/jgss/SunProvider$ProviderService with JaCoCo 0.8.10.202304240956/8ea9668.
	at org.jacoco.agent.rt.internal_4a7f17c.core.instr.Instrumenter.instrumentError(Instrumenter.java:161)
	at org.jacoco.agent.rt.internal_4a7f17c.core.instr.Instrumenter.instrument(Instrumenter.java:111)
	at org.jacoco.agent.rt.internal_4a7f17c.CoverageTransformer.transform(CoverageTransformer.java:92)
	... 38 more
Caused by: java.lang.IllegalArgumentException: Unsupported class file major version 67
	at org.jacoco.agent.rt.internal_4a7f17c.asm.ClassReader.<init>(ClassReader.java:199)
	at org.jacoco.agent.rt.internal_4a7f17c.asm.ClassReader.<init>(ClassReader.java:180)
	at org.jacoco.agent.rt.internal_4a7f17c.asm.ClassReader.<init>(ClassReader.java:166)
	at org.jacoco.agent.rt.internal_4a7f17c.core.internal.instr.InstrSupport.classReaderFor(InstrSupport.java:280)
	at org.jacoco.agent.rt.internal_4a7f17c.core.instr.Instrumenter.instrument(Instrumenter.java:77)
	at org.jacoco.agent.rt.internal_4a7f17c.core.instr.Instrumenter.instrument(Instrumenter.java:109)
	... 39 more
Mockito is currently self-attaching to enable the inline-mock-maker. This will no longer work in future releases of the JDK. Please add Mockito as an agent to your build as described in Mockito's documentation: https://javadoc.io/doc/org.mockito/mockito-core/latest/org.mockito/org/mockito/Mockito.html#0.3
java.lang.instrument.IllegalClassFormatException: Error while instrumenting com/sun/tools/attach/VirtualMachine with JaCoCo 0.8.10.202304240956/8ea9668.
	at org.jacoco.agent.rt.internal_4a7f17c.CoverageTransformer.transform(CoverageTransformer.java:94)
	at java.instrument/java.lang.instrument.ClassFileTransformer.transform(ClassFileTransformer.java:242)
	at java.instrument/sun.instrument.TransformerManager.transform(TransformerManager.java:188)
	at java.instrument/sun.instrument.InstrumentationImpl.transform(InstrumentationImpl.java:610)
	at java.base/java.lang.ClassLoader.defineClass2(Native Method)
	at java.base/java.lang.ClassLoader.defineClass(ClassLoader.java:1116)
	at java.base/java.security.SecureClassLoader.defineClass(SecureClassLoader.java:182)
	at java.base/jdk.internal.loader.BuiltinClassLoader.defineClass(BuiltinClassLoader.java:821)
	at java.base/jdk.internal.loader.BuiltinClassLoader.findClassInModuleOrNull(BuiltinClassLoader.java:741)
	at java.base/jdk.internal.loader.BuiltinClassLoader.loadClassOrNull(BuiltinClassLoader.java:665)
	at java.base/jdk.internal.loader.BuiltinClassLoader.loadClass(BuiltinClassLoader.java:639)
	at java.base/jdk.internal.loader.ClassLoaders$AppClassLoader.loadClass(ClassLoaders.java:188)
	at java.base/java.lang.ClassLoader.loadClass(ClassLoader.java:528)
	at java.base/java.lang.Class.forName0(Native Method)
	at java.base/java.lang.Class.forName(Class.java:578)
	at java.base/java.lang.Class.forName(Class.java:557)
	at net.bytebuddy.agent.ByteBuddyAgent$AttachmentProvider$Accessor$Simple.of(ByteBuddyAgent.java:955)
	at net.bytebuddy.agent.ByteBuddyAgent$AttachmentProvider$ForModularizedVm.attempt(ByteBuddyAgent.java:1079)
	at net.bytebuddy.agent.ByteBuddyAgent$AttachmentProvider$Compound.attempt(ByteBuddyAgent.java:1259)
	at net.bytebuddy.agent.ByteBuddyAgent.install(ByteBuddyAgent.java:593)
	at net.bytebuddy.agent.ByteBuddyAgent.install(ByteBuddyAgent.java:579)
	at net.bytebuddy.agent.ByteBuddyAgent.install(ByteBuddyAgent.java:531)
	at net.bytebuddy.agent.ByteBuddyAgent.install(ByteBuddyAgent.java:508)
	at org.mockito.internal.PremainAttachAccess.getInstrumentation(PremainAttachAccess.java:80)
	at org.mockito.internal.creation.bytebuddy.InlineDelegateByteBuddyMockMaker.<clinit>(InlineDelegateByteBuddyMockMaker.java:138)
	at org.mockito.internal.creation.bytebuddy.InlineByteBuddyMockMaker.<init>(InlineByteBuddyMockMaker.java:23)
	at java.base/jdk.internal.reflect.DirectConstructorHandleAccessor.newInstance(DirectConstructorHandleAccessor.java:62)
	at java.base/java.lang.reflect.Constructor.newInstanceWithCaller(Constructor.java:501)
	at java.base/java.lang.reflect.Constructor.newInstance(Constructor.java:485)
	at org.mockito.internal.configuration.plugins.DefaultMockitoPlugins.create(DefaultMockitoPlugins.java:103)
	at org.mockito.internal.configuration.plugins.DefaultMockitoPlugins.getDefaultPlugin(DefaultMockitoPlugins.java:79)
	at org.mockito.internal.configuration.plugins.PluginLoader.loadPlugin(PluginLoader.java:75)
	at org.mockito.internal.configuration.plugins.PluginLoader.loadPlugin(PluginLoader.java:49)
	at org.mockito.internal.configuration.plugins.PluginRegistry.<init>(PluginRegistry.java:29)
	at org.mockito.internal.configuration.plugins.Plugins.<clinit>(Plugins.java:26)
	at org.mockito.internal.MockitoCore.<clinit>(MockitoCore.java:71)
	at org.mockito.Mockito.<clinit>(Mockito.java:1777)
	at org.springframework.boot.test.mock.mockito.MockReset.withSettings(MockReset.java:84)
	at org.springframework.boot.test.mock.mockito.MockDefinition.createMock(MockDefinition.java:150)
	at org.springframework.boot.test.mock.mockito.MockitoPostProcessor.registerMock(MockitoPostProcessor.java:190)
	at org.springframework.boot.test.mock.mockito.MockitoPostProcessor.register(MockitoPostProcessor.java:172)
	at org.springframework.boot.test.mock.mockito.MockitoPostProcessor.postProcessBeanFactory(MockitoPostProcessor.java:146)
	at org.springframework.boot.test.mock.mockito.MockitoPostProcessor.postProcessBeanFactory(MockitoPostProcessor.java:134)
	at org.springframework.context.support.PostProcessorRegistrationDelegate.invokeBeanFactoryPostProcessors(PostProcessorRegistrationDelegate.java:363)
	at org.springframework.context.support.PostProcessorRegistrationDelegate.invokeBeanFactoryPostProcessors(PostProcessorRegistrationDelegate.java:197)
	at org.springframework.context.support.AbstractApplicationContext.invokeBeanFactoryPostProcessors(AbstractApplicationContext.java:791)
	at org.springframework.context.support.AbstractApplicationContext.refresh(AbstractApplicationContext.java:609)
	at org.springframework.boot.SpringApplication.refresh(SpringApplication.java:753)
	at org.springframework.boot.SpringApplication.refreshContext(SpringApplication.java:439)
	at org.springframework.boot.SpringApplication.run(SpringApplication.java:318)
	at org.springframework.boot.test.context.SpringBootContextLoader.lambda$loadContext$3(SpringBootContextLoader.java:144)
	at org.springframework.util.function.ThrowingSupplier.get(ThrowingSupplier.java:58)
	at org.springframework.util.function.ThrowingSupplier.get(ThrowingSupplier.java:46)
	at org.springframework.boot.SpringApplication.withHook(SpringApplication.java:1462)
	at org.springframework.boot.test.context.SpringBootContextLoader$ContextLoaderHook.run(SpringBootContextLoader.java:563)
	at org.springframework.boot.test.context.SpringBootContextLoader.loadContext(SpringBootContextLoader.java:144)
	at org.springframework.boot.test.context.SpringBootContextLoader.loadContext(SpringBootContextLoader.java:110)
	at org.springframework.test.context.cache.DefaultCacheAwareContextLoaderDelegate.loadContextInternal(DefaultCacheAwareContextLoaderDelegate.java:225)
	at org.springframework.test.context.cache.DefaultCacheAwareContextLoaderDelegate.loadContext(DefaultCacheAwareContextLoaderDelegate.java:152)
	at org.springframework.test.context.support.DefaultTestContext.getApplicationContext(DefaultTestContext.java:130)
	at org.springframework.test.context.web.ServletTestExecutionListener.setUpRequestContextIfNecessary(ServletTestExecutionListener.java:200)
	at org.springframework.test.context.web.ServletTestExecutionListener.prepareTestInstance(ServletTestExecutionListener.java:139)
	at org.springframework.test.context.TestContextManager.prepareTestInstance(TestContextManager.java:260)
	at org.springframework.test.context.junit.jupiter.SpringExtension.postProcessTestInstance(SpringExtension.java:159)
	at org.junit.jupiter.engine.descriptor.ClassBasedTestDescriptor.lambda$invokeTestInstancePostProcessors$10(ClassBasedTestDescriptor.java:383)
	at org.junit.jupiter.engine.descriptor.ClassBasedTestDescriptor.executeAndMaskThrowable(ClassBasedTestDescriptor.java:388)
	at org.junit.jupiter.engine.descriptor.ClassBasedTestDescriptor.lambda$invokeTestInstancePostProcessors$11(ClassBasedTestDescriptor.java:382)
	at java.base/java.util.stream.ForEachOps$ForEachOp$OfRef.accept(ForEachOps.java:184)
	at java.base/java.util.stream.ReferencePipeline$3$1.accept(ReferencePipeline.java:215)
	at java.base/java.util.stream.ReferencePipeline$2$1.accept(ReferencePipeline.java:197)
	at java.base/java.util.stream.ReferencePipeline$3$1.accept(ReferencePipeline.java:215)
	at java.base/java.util.ArrayList$ArrayListSpliterator.forEachRemaining(ArrayList.java:1709)
	at java.base/java.util.stream.AbstractPipeline.copyInto(AbstractPipeline.java:570)
	at java.base/java.util.stream.AbstractPipeline.wrapAndCopyInto(AbstractPipeline.java:560)
	at java.base/java.util.stream.ForEachOps$ForEachOp.evaluateSequential(ForEachOps.java:151)
	at java.base/java.util.stream.ForEachOps$ForEachOp$OfRef.evaluateSequential(ForEachOps.java:174)
	at java.base/java.util.stream.AbstractPipeline.evaluate(AbstractPipeline.java:265)
	at java.base/java.util.stream.ReferencePipeline.forEach(ReferencePipeline.java:636)
	at org.junit.jupiter.engine.descriptor.ClassBasedTestDescriptor.invokeTestInstancePostProcessors(ClassBasedTestDescriptor.java:382)
	at org.junit.jupiter.engine.descriptor.ClassBasedTestDescriptor.lambda$instantiateAndPostProcessTestInstance$6(ClassBasedTestDescriptor.java:293)
	at org.junit.platform.engine.support.hierarchical.ThrowableCollector.execute(ThrowableCollector.java:73)
	at org.junit.jupiter.engine.descriptor.ClassBasedTestDescriptor.instantiateAndPostProcessTestInstance(ClassBasedTestDescriptor.java:292)
	at org.junit.jupiter.engine.descriptor.ClassBasedTestDescriptor.lambda$testInstancesProvider$4(ClassBasedTestDescriptor.java:281)
	at java.base/java.util.Optional.orElseGet(Optional.java:364)
	at org.junit.jupiter.engine.descriptor.ClassBasedTestDescriptor.lambda$testInstancesProvider$5(ClassBasedTestDescriptor.java:280)
	at org.junit.jupiter.engine.execution.TestInstancesProvider.getTestInstances(TestInstancesProvider.java:27)
	at org.junit.jupiter.engine.descriptor.TestMethodTestDescriptor.lambda$prepare$0(TestMethodTestDescriptor.java:112)
	at org.junit.platform.engine.support.hierarchical.ThrowableCollector.execute(ThrowableCollector.java:73)
	at org.junit.jupiter.engine.descriptor.TestMethodTestDescriptor.prepare(TestMethodTestDescriptor.java:111)
	at org.junit.jupiter.engine.descriptor.TestMethodTestDescriptor.prepare(TestMethodTestDescriptor.java:69)
	at org.junit.platform.engine.support.hierarchical.NodeTestTask.lambda$prepare$2(NodeTestTask.java:128)
	at org.junit.platform.engine.support.hierarchical.ThrowableCollector.execute(ThrowableCollector.java:73)
	at org.junit.platform.engine.support.hierarchical.NodeTestTask.prepare(NodeTestTask.java:128)
	at org.junit.platform.engine.support.hierarchical.NodeTestTask.execute(NodeTestTask.java:95)
	at java.base/java.util.ArrayList.forEach(ArrayList.java:1597)
	at org.junit.platform.engine.support.hierarchical.SameThreadHierarchicalTestExecutorService.invokeAll(SameThreadHierarchicalTestExecutorService.java:41)
	at org.junit.platform.engine.support.hierarchical.NodeTestTask.lambda$executeRecursively$6(NodeTestTask.java:160)
	at org.junit.platform.engine.support.hierarchical.ThrowableCollector.execute(ThrowableCollector.java:73)
	at org.junit.platform.engine.support.hierarchical.NodeTestTask.lambda$executeRecursively$8(NodeTestTask.java:146)
	at org.junit.platform.engine.support.hierarchical.Node.around(Node.java:137)
	at org.junit.platform.engine.support.hierarchical.NodeTestTask.lambda$executeRecursively$9(NodeTestTask.java:144)
	at org.junit.platform.engine.support.hierarchical.ThrowableCollector.execute(ThrowableCollector.java:73)
	at org.junit.platform.engine.support.hierarchical.NodeTestTask.executeRecursively(NodeTestTask.java:143)
	at org.junit.platform.engine.support.hierarchical.NodeTestTask.execute(NodeTestTask.java:100)
	at java.base/java.util.ArrayList.forEach(ArrayList.java:1597)
	at org.junit.platform.engine.support.hierarchical.SameThreadHierarchicalTestExecutorService.invokeAll(SameThreadHierarchicalTestExecutorService.java:41)
	at org.junit.platform.engine.support.hierarchical.NodeTestTask.lambda$executeRecursively$6(NodeTestTask.java:160)
	at org.junit.platform.engine.support.hierarchical.ThrowableCollector.execute(ThrowableCollector.java:73)
	at org.junit.platform.engine.support.hierarchical.NodeTestTask.lambda$executeRecursively$8(NodeTestTask.java:146)
	at org.junit.platform.engine.support.hierarchical.Node.around(Node.java:137)
	at org.junit.platform.engine.support.hierarchical.NodeTestTask.lambda$executeRecursively$9(NodeTestTask.java:144)
	at org.junit.platform.engine.support.hierarchical.ThrowableCollector.execute(ThrowableCollector.java:73)
	at org.junit.platform.engine.support.hierarchical.NodeTestTask.executeRecursively(NodeTestTask.java:143)
	at org.junit.platform.engine.support.hierarchical.NodeTestTask.execute(NodeTestTask.java:100)
	at org.junit.platform.engine.support.hierarchical.SameThreadHierarchicalTestExecutorService.submit(SameThreadHierarchicalTestExecutorService.java:35)
	at org.junit.platform.engine.support.hierarchical.HierarchicalTestExecutor.execute(HierarchicalTestExecutor.java:57)
	at org.junit.platform.engine.support.hierarchical.HierarchicalTestEngine.execute(HierarchicalTestEngine.java:54)
	at org.junit.platform.launcher.core.EngineExecutionOrchestrator.execute(EngineExecutionOrchestrator.java:201)
	at org.junit.platform.launcher.core.EngineExecutionOrchestrator.execute(EngineExecutionOrchestrator.java:170)
	at org.junit.platform.launcher.core.EngineExecutionOrchestrator.execute(EngineExecutionOrchestrator.java:94)
	at org.junit.platform.launcher.core.EngineExecutionOrchestrator.lambda$execute$0(EngineExecutionOrchestrator.java:59)
	at org.junit.platform.launcher.core.EngineExecutionOrchestrator.withInterceptedStreams(EngineExecutionOrchestrator.java:142)
	at org.junit.platform.launcher.core.EngineExecutionOrchestrator.execute(EngineExecutionOrchestrator.java:58)
	at org.junit.platform.launcher.core.DefaultLauncher.execute(DefaultLauncher.java:103)
	at org.junit.platform.launcher.core.DefaultLauncher.execute(DefaultLauncher.java:85)
	at org.junit.platform.launcher.core.DelegatingLauncher.execute(DelegatingLauncher.java:47)
	at org.junit.platform.launcher.core.InterceptingLauncher.lambda$execute$1(InterceptingLauncher.java:39)
	at org.junit.platform.launcher.core.ClasspathAlignmentCheckingLauncherInterceptor.intercept(ClasspathAlignmentCheckingLauncherInterceptor.java:25)
	at org.junit.platform.launcher.core.InterceptingLauncher.execute(InterceptingLauncher.java:38)
	at org.junit.platform.launcher.core.DelegatingLauncher.execute(DelegatingLauncher.java:47)
	at org.apache.maven.surefire.junitplatform.LazyLauncher.execute(LazyLauncher.java:56)
	at org.apache.maven.surefire.junitplatform.JUnitPlatformProvider.execute(JUnitPlatformProvider.java:194)
	at org.apache.maven.surefire.junitplatform.JUnitPlatformProvider.invokeAllTests(JUnitPlatformProvider.java:150)
	at org.apache.maven.surefire.junitplatform.JUnitPlatformProvider.invoke(JUnitPlatformProvider.java:124)
	at org.apache.maven.surefire.booter.ForkedBooter.runSuitesInProcess(ForkedBooter.java:385)
	at org.apache.maven.surefire.booter.ForkedBooter.execute(ForkedBooter.java:162)
	at org.apache.maven.surefire.booter.ForkedBooter.run(ForkedBooter.java:507)
	at org.apache.maven.surefire.booter.ForkedBooter.main(ForkedBooter.java:495)
Caused by: java.io.IOException: Error while instrumenting com/sun/tools/attach/VirtualMachine with JaCoCo 0.8.10.202304240956/8ea9668.
	at org.jacoco.agent.rt.internal_4a7f17c.core.instr.Instrumenter.instrumentError(Instrumenter.java:161)
	at org.jacoco.agent.rt.internal_4a7f17c.core.instr.Instrumenter.instrument(Instrumenter.java:111)
	at org.jacoco.agent.rt.internal_4a7f17c.CoverageTransformer.transform(CoverageTransformer.java:92)
	... 137 more
Caused by: java.lang.IllegalArgumentException: Unsupported class file major version 67
	at org.jacoco.agent.rt.internal_4a7f17c.asm.ClassReader.<init>(ClassReader.java:199)
	at org.jacoco.agent.rt.internal_4a7f17c.asm.ClassReader.<init>(ClassReader.java:180)
	at org.jacoco.agent.rt.internal_4a7f17c.asm.ClassReader.<init>(ClassReader.java:166)
	at org.jacoco.agent.rt.internal_4a7f17c.core.internal.instr.InstrSupport.classReaderFor(InstrSupport.java:280)
	at org.jacoco.agent.rt.internal_4a7f17c.core.instr.Instrumenter.instrument(Instrumenter.java:77)
	at org.jacoco.agent.rt.internal_4a7f17c.core.instr.Instrumenter.instrument(Instrumenter.java:109)
	... 138 more
WARNING: A Java agent has been loaded dynamically (/Users/maximorero-new/.m2/repository/net/bytebuddy/byte-buddy-agent/1.17.5/byte-buddy-agent-1.17.5.jar)
WARNING: If a serviceability tool is in use, please run with -XX:+EnableDynamicAgentLoading to hide this warning
WARNING: If a serviceability tool is not in use, please run with -Djdk.instrument.traceUsage for more information
WARNING: Dynamic loading of agents will be disallowed by default in a future release
]]></system-err>
  </testcase>
</testsuite>